Starting training at: Thu Apr 16 11:33:45 PM EDT 2026
Train: 27112, Valid: 1427
--- Starting Trainer ---
{'loss': '9.424', 'grad_norm': '10.57', 'learning_rate': '4.8e-07', 'epoch': '0.003688'}
{'loss': '9.149', 'grad_norm': '12.44', 'learning_rate': '9.7e-07', 'epoch': '0.007377'}
{'loss': '8.254', 'grad_norm': '18.43', 'learning_rate': '1.47e-06', 'epoch': '0.01107'}
{'loss': '6.848', 'grad_norm': '36.09', 'learning_rate': '1.97e-06', 'epoch': '0.01475'}
{'loss': '4.843', 'grad_norm': '26.64', 'learning_rate': '2.47e-06', 'epoch': '0.01844'}
{'loss': '3.386', 'grad_norm': '4.977', 'learning_rate': '2.97e-06', 'epoch': '0.02213'}
{'loss': '3.077', 'grad_norm': '2.106', 'learning_rate': '3.47e-06', 'epoch': '0.02582'}
{'loss': '3.027', 'grad_norm': '1.704', 'learning_rate': '3.97e-06', 'epoch': '0.02951'}
{'loss': '3.018', 'grad_norm': '14.5', 'learning_rate': '4.47e-06', 'epoch': '0.0332'}
{'loss': '2.961', 'grad_norm': '1.634', 'learning_rate': '4.97e-06', 'epoch': '0.03688'}
{'eval_loss': '3.236', 'eval_wer': '1', 'eval_runtime': '23.9', 'eval_samples_per_second': '59.71', 'eval_steps_per_second': '7.49', 'epoch': '0.03688'}
{'loss': '2.954', 'grad_norm': '1.203', 'learning_rate': '5.47e-06', 'epoch': '0.04057'}
{'loss': '2.955', 'grad_norm': '1.233', 'learning_rate': '5.97e-06', 'epoch': '0.04426'}
{'loss': '2.931', 'grad_norm': '4.816', 'learning_rate': '6.47e-06', 'epoch': '0.04795'}
{'loss': '2.947', 'grad_norm': '24.3', 'learning_rate': '6.97e-06', 'epoch': '0.05164'}
{'loss': '2.936', 'grad_norm': '11.57', 'learning_rate': '7.47e-06', 'epoch': '0.05533'}
{'loss': '2.909', 'grad_norm': '1.828', 'learning_rate': '7.97e-06', 'epoch': '0.05901'}
{'loss': '2.91', 'grad_norm': '8.521', 'learning_rate': '8.47e-06', 'epoch': '0.0627'}
{'loss': '2.896', 'grad_norm': '10.1', 'learning_rate': '8.97e-06', 'epoch': '0.06639'}
{'loss': '2.915', 'grad_norm': '6.858', 'learning_rate': '9.47e-06', 'epoch': '0.07008'}
{'loss': '2.889', 'grad_norm': '1.359', 'learning_rate': '9.97e-06', 'epoch': '0.07377'}
{'eval_loss': '3.1', 'eval_wer': '1', 'eval_runtime': '23.89', 'eval_samples_per_second': '59.72', 'eval_steps_per_second': '7.491', 'epoch': '0.07377'}
{'loss': '2.874', 'grad_norm': '1.592', 'learning_rate': '9.983e-06', 'epoch': '0.07746'}
{'loss': '2.884', 'grad_norm': '2.127', 'learning_rate': '9.964e-06', 'epoch': '0.08114'}
{'loss': '2.875', 'grad_norm': '2.659', 'learning_rate': '9.946e-06', 'epoch': '0.08483'}
{'loss': '2.887', 'grad_norm': '1.498', 'learning_rate': '9.927e-06', 'epoch': '0.08852'}
{'loss': '2.88', 'grad_norm': '6.36', 'learning_rate': '9.909e-06', 'epoch': '0.09221'}
{'loss': '2.869', 'grad_norm': '2.497', 'learning_rate': '9.89e-06', 'epoch': '0.0959'}
{'loss': '2.876', 'grad_norm': '1.21', 'learning_rate': '9.871e-06', 'epoch': '0.09959'}
{'loss': '2.871', 'grad_norm': '4.303', 'learning_rate': '9.853e-06', 'epoch': '0.1033'}
{'loss': '2.869', 'grad_norm': '2.196', 'learning_rate': '9.834e-06', 'epoch': '0.107'}
{'loss': '2.86', 'grad_norm': '1.357', 'learning_rate': '9.816e-06', 'epoch': '0.1107'}
{'eval_loss': '2.976', 'eval_wer': '1', 'eval_runtime': '24.65', 'eval_samples_per_second': '57.9', 'eval_steps_per_second': '7.263', 'epoch': '0.1107'}
{'loss': '2.867', 'grad_norm': '2.149', 'learning_rate': '9.797e-06', 'epoch': '0.1143'}
{'loss': '2.869', 'grad_norm': '1.512', 'learning_rate': '9.779e-06', 'epoch': '0.118'}
{'loss': '2.86', 'grad_norm': '2.046', 'learning_rate': '9.76e-06', 'epoch': '0.1217'}
{'loss': '2.864', 'grad_norm': '1.91', 'learning_rate': '9.742e-06', 'epoch': '0.1254'}
{'loss': '2.868', 'grad_norm': '1.469', 'learning_rate': '9.723e-06', 'epoch': '0.1291'}
{'loss': '2.856', 'grad_norm': '1.171', 'learning_rate': '9.705e-06', 'epoch': '0.1328'}
{'loss': '2.864', 'grad_norm': '1.433', 'learning_rate': '9.686e-06', 'epoch': '0.1365'}
{'loss': '2.874', 'grad_norm': '2.313', 'learning_rate': '9.668e-06', 'epoch': '0.1402'}
{'loss': '2.852', 'grad_norm': '1.448', 'learning_rate': '9.649e-06', 'epoch': '0.1438'}
{'loss': '2.847', 'grad_norm': '1.411', 'learning_rate': '9.631e-06', 'epoch': '0.1475'}
{'eval_loss': '2.959', 'eval_wer': '1', 'eval_runtime': '23.93', 'eval_samples_per_second': '59.62', 'eval_steps_per_second': '7.479', 'epoch': '0.1475'}
{'loss': '2.858', 'grad_norm': '5.546', 'learning_rate': '9.612e-06', 'epoch': '0.1512'}
{'loss': '2.854', 'grad_norm': '2.308', 'learning_rate': '9.594e-06', 'epoch': '0.1549'}
{'loss': '2.845', 'grad_norm': '1.308', 'learning_rate': '9.575e-06', 'epoch': '0.1586'}
{'loss': '2.845', 'grad_norm': '1.355', 'learning_rate': '9.557e-06', 'epoch': '0.1623'}
{'loss': '2.846', 'grad_norm': '3.592', 'learning_rate': '9.538e-06', 'epoch': '0.166'}
{'loss': '2.805', 'grad_norm': '1.638', 'learning_rate': '9.52e-06', 'epoch': '0.1697'}
{'loss': '2.725', 'grad_norm': '2.392', 'learning_rate': '9.501e-06', 'epoch': '0.1734'}
{'loss': '2.586', 'grad_norm': '3.06', 'learning_rate': '9.483e-06', 'epoch': '0.177'}
{'loss': '2.434', 'grad_norm': '3.429', 'learning_rate': '9.464e-06', 'epoch': '0.1807'}
{'loss': '2.264', 'grad_norm': '3.137', 'learning_rate': '9.446e-06', 'epoch': '0.1844'}
{'eval_loss': '2.169', 'eval_wer': '0.996', 'eval_runtime': '23.98', 'eval_samples_per_second': '59.52', 'eval_steps_per_second': '7.466', 'epoch': '0.1844'}
{'loss': '2.067', 'grad_norm': '6.164', 'learning_rate': '9.427e-06', 'epoch': '0.1881'}
{'loss': '1.898', 'grad_norm': '6.624', 'learning_rate': '9.409e-06', 'epoch': '0.1918'}
{'loss': '1.725', 'grad_norm': '7.497', 'learning_rate': '9.39e-06', 'epoch': '0.1955'}
{'loss': '1.583', 'grad_norm': '6.142', 'learning_rate': '9.371e-06', 'epoch': '0.1992'}
{'loss': '1.498', 'grad_norm': '8.649', 'learning_rate': '9.353e-06', 'epoch': '0.2029'}
{'loss': '1.359', 'grad_norm': '5.038', 'learning_rate': '9.334e-06', 'epoch': '0.2066'}
{'loss': '1.348', 'grad_norm': '6.463', 'learning_rate': '9.316e-06', 'epoch': '0.2102'}
{'loss': '1.279', 'grad_norm': '6.566', 'learning_rate': '9.297e-06', 'epoch': '0.2139'}
{'loss': '1.213', 'grad_norm': '4.943', 'learning_rate': '9.279e-06', 'epoch': '0.2176'}
{'loss': '1.157', 'grad_norm': '6.652', 'learning_rate': '9.26e-06', 'epoch': '0.2213'}
{'eval_loss': '1.081', 'eval_wer': '0.6736', 'eval_runtime': '24.25', 'eval_samples_per_second': '58.84', 'eval_steps_per_second': '7.381', 'epoch': '0.2213'}
{'loss': '1.096', 'grad_norm': '5.291', 'learning_rate': '9.242e-06', 'epoch': '0.225'}
{'loss': '1.037', 'grad_norm': '15.47', 'learning_rate': '9.223e-06', 'epoch': '0.2287'}
{'loss': '0.9997', 'grad_norm': '12.24', 'learning_rate': '9.205e-06', 'epoch': '0.2324'}
{'loss': '1.004', 'grad_norm': '5.332', 'learning_rate': '9.186e-06', 'epoch': '0.2361'}
{'loss': '0.9509', 'grad_norm': '6.727', 'learning_rate': '9.168e-06', 'epoch': '0.2397'}
{'loss': '0.9201', 'grad_norm': '8.2', 'learning_rate': '9.149e-06', 'epoch': '0.2434'}
{'loss': '0.9038', 'grad_norm': '9.967', 'learning_rate': '9.131e-06', 'epoch': '0.2471'}
{'loss': '0.8759', 'grad_norm': '19.59', 'learning_rate': '9.112e-06', 'epoch': '0.2508'}
{'loss': '0.853', 'grad_norm': '18.57', 'learning_rate': '9.094e-06', 'epoch': '0.2545'}
{'loss': '0.8065', 'grad_norm': '5.88', 'learning_rate': '9.075e-06', 'epoch': '0.2582'}
{'eval_loss': '0.8184', 'eval_wer': '0.5351', 'eval_runtime': '24.33', 'eval_samples_per_second': '58.65', 'eval_steps_per_second': '7.357', 'epoch': '0.2582'}
{'loss': '0.8089', 'grad_norm': '6.753', 'learning_rate': '9.057e-06', 'epoch': '0.2619'}
{'loss': '0.8', 'grad_norm': '15.36', 'learning_rate': '9.038e-06', 'epoch': '0.2656'}
{'loss': '0.7638', 'grad_norm': 'inf', 'learning_rate': '9.02e-06', 'epoch': '0.2693'}
{'loss': '0.748', 'grad_norm': '17.9', 'learning_rate': '9.001e-06', 'epoch': '0.2729'}
{'loss': '0.7599', 'grad_norm': '7.21', 'learning_rate': '8.983e-06', 'epoch': '0.2766'}
{'loss': '0.769', 'grad_norm': '5.886', 'learning_rate': '8.964e-06', 'epoch': '0.2803'}
{'loss': '0.7318', 'grad_norm': '8.569', 'learning_rate': '8.946e-06', 'epoch': '0.284'}
{'loss': '0.6943', 'grad_norm': '10.28', 'learning_rate': '8.927e-06', 'epoch': '0.2877'}
{'loss': '0.6785', 'grad_norm': '13.95', 'learning_rate': '8.909e-06', 'epoch': '0.2914'}
{'loss': '0.7153', 'grad_norm': '7.674', 'learning_rate': '8.89e-06', 'epoch': '0.2951'}
{'eval_loss': '0.6572', 'eval_wer': '0.4511', 'eval_runtime': '24.31', 'eval_samples_per_second': '58.7', 'eval_steps_per_second': '7.363', 'epoch': '0.2951'}
{'loss': '0.6615', 'grad_norm': '10.29', 'learning_rate': '8.872e-06', 'epoch': '0.2988'}
{'loss': '0.693', 'grad_norm': '6.691', 'learning_rate': '8.853e-06', 'epoch': '0.3024'}
{'loss': '0.6855', 'grad_norm': '11.49', 'learning_rate': '8.835e-06', 'epoch': '0.3061'}
{'loss': '0.687', 'grad_norm': '9.095', 'learning_rate': '8.816e-06', 'epoch': '0.3098'}
{'loss': '0.6799', 'grad_norm': '21.48', 'learning_rate': '8.798e-06', 'epoch': '0.3135'}
{'loss': '0.6473', 'grad_norm': '6.29', 'learning_rate': '8.779e-06', 'epoch': '0.3172'}
{'loss': '0.6032', 'grad_norm': '14.82', 'learning_rate': '8.761e-06', 'epoch': '0.3209'}
{'loss': '0.6126', 'grad_norm': '9.058', 'learning_rate': '8.742e-06', 'epoch': '0.3246'}
{'loss': '0.606', 'grad_norm': '14.32', 'learning_rate': '8.724e-06', 'epoch': '0.3283'}
{'loss': '0.6102', 'grad_norm': '9.641', 'learning_rate': '8.705e-06', 'epoch': '0.332'}
{'eval_loss': '0.5741', 'eval_wer': '0.3857', 'eval_runtime': '24.37', 'eval_samples_per_second': '58.55', 'eval_steps_per_second': '7.344', 'epoch': '0.332'}
{'loss': '0.6142', 'grad_norm': '13.57', 'learning_rate': '8.687e-06', 'epoch': '0.3356'}
{'loss': '0.5573', 'grad_norm': '8.345', 'learning_rate': '8.668e-06', 'epoch': '0.3393'}
{'loss': '0.5898', 'grad_norm': '10.87', 'learning_rate': '8.65e-06', 'epoch': '0.343'}
{'loss': '0.5638', 'grad_norm': '5.119', 'learning_rate': '8.631e-06', 'epoch': '0.3467'}
{'loss': '0.5277', 'grad_norm': '20.63', 'learning_rate': '8.613e-06', 'epoch': '0.3504'}
{'loss': '0.5419', 'grad_norm': '6.373', 'learning_rate': '8.594e-06', 'epoch': '0.3541'}
{'loss': '0.6017', 'grad_norm': '15.27', 'learning_rate': '8.576e-06', 'epoch': '0.3578'}
{'loss': '0.5293', 'grad_norm': '6.125', 'learning_rate': '8.557e-06', 'epoch': '0.3615'}
{'loss': '0.565', 'grad_norm': '10.45', 'learning_rate': '8.539e-06', 'epoch': '0.3652'}
{'loss': '0.5602', 'grad_norm': '17.21', 'learning_rate': '8.52e-06', 'epoch': '0.3688'}
{'eval_loss': '0.5086', 'eval_wer': '0.3562', 'eval_runtime': '25.51', 'eval_samples_per_second': '55.94', 'eval_steps_per_second': '7.017', 'epoch': '0.3688'}
{'loss': '0.5412', 'grad_norm': '15.12', 'learning_rate': '8.501e-06', 'epoch': '0.3725'}
{'loss': '0.5051', 'grad_norm': '23.22', 'learning_rate': '8.483e-06', 'epoch': '0.3762'}
{'loss': '0.517', 'grad_norm': '6.222', 'learning_rate': '8.464e-06', 'epoch': '0.3799'}
{'loss': '0.4962', 'grad_norm': '9.211', 'learning_rate': '8.446e-06', 'epoch': '0.3836'}
{'loss': '0.5234', 'grad_norm': '8.231', 'learning_rate': '8.427e-06', 'epoch': '0.3873'}
{'loss': '0.472', 'grad_norm': '7.135', 'learning_rate': '8.409e-06', 'epoch': '0.391'}
{'loss': '0.5205', 'grad_norm': '6.215', 'learning_rate': '8.39e-06', 'epoch': '0.3947'}
{'loss': '0.4803', 'grad_norm': '14.32', 'learning_rate': '8.372e-06', 'epoch': '0.3983'}
{'loss': '0.4755', 'grad_norm': '27.74', 'learning_rate': '8.353e-06', 'epoch': '0.402'}
{'loss': '0.4766', 'grad_norm': '13.44', 'learning_rate': '8.335e-06', 'epoch': '0.4057'}
{'eval_loss': '0.468', 'eval_wer': '0.3379', 'eval_runtime': '34.17', 'eval_samples_per_second': '41.76', 'eval_steps_per_second': '5.239', 'epoch': '0.4057'}
{'loss': '0.5049', 'grad_norm': '18.32', 'learning_rate': '8.316e-06', 'epoch': '0.4094'}
{'loss': '0.4643', 'grad_norm': '9.984', 'learning_rate': '8.298e-06', 'epoch': '0.4131'}
{'loss': '0.4461', 'grad_norm': '9.071', 'learning_rate': '8.279e-06', 'epoch': '0.4168'}
{'loss': '0.408', 'grad_norm': '13.97', 'learning_rate': '8.261e-06', 'epoch': '0.4205'}
{'loss': '0.4545', 'grad_norm': '5.478', 'learning_rate': '8.242e-06', 'epoch': '0.4242'}
{'loss': '0.4605', 'grad_norm': '21.92', 'learning_rate': '8.224e-06', 'epoch': '0.4279'}
{'loss': '0.4569', 'grad_norm': '21.47', 'learning_rate': '8.205e-06', 'epoch': '0.4315'}
{'loss': '0.4517', 'grad_norm': '5.844', 'learning_rate': '8.187e-06', 'epoch': '0.4352'}
{'loss': '0.4403', 'grad_norm': '6.933', 'learning_rate': '8.168e-06', 'epoch': '0.4389'}
{'loss': '0.4393', 'grad_norm': '5.654', 'learning_rate': '8.15e-06', 'epoch': '0.4426'}
{'eval_loss': '0.4283', 'eval_wer': '0.3203', 'eval_runtime': '24.05', 'eval_samples_per_second': '59.33', 'eval_steps_per_second': '7.442', 'epoch': '0.4426'}
{'loss': '0.4484', 'grad_norm': '5.621', 'learning_rate': '8.131e-06', 'epoch': '0.4463'}
{'loss': '0.4723', 'grad_norm': '17.06', 'learning_rate': '8.113e-06', 'epoch': '0.45'}
{'loss': '0.463', 'grad_norm': '20.86', 'learning_rate': '8.094e-06', 'epoch': '0.4537'}
{'loss': '0.4396', 'grad_norm': '5.212', 'learning_rate': '8.076e-06', 'epoch': '0.4574'}
{'loss': '0.4178', 'grad_norm': '47.48', 'learning_rate': '8.057e-06', 'epoch': '0.4611'}
{'loss': '0.4093', 'grad_norm': '17.23', 'learning_rate': '8.039e-06', 'epoch': '0.4647'}
{'loss': '0.4218', 'grad_norm': '4.294', 'learning_rate': '8.02e-06', 'epoch': '0.4684'}
{'loss': '0.4315', 'grad_norm': '16.51', 'learning_rate': '8.002e-06', 'epoch': '0.4721'}
{'loss': '0.4241', 'grad_norm': '12.61', 'learning_rate': '7.983e-06', 'epoch': '0.4758'}
{'loss': '0.4424', 'grad_norm': '17.45', 'learning_rate': '7.965e-06', 'epoch': '0.4795'}
{'eval_loss': '0.4347', 'eval_wer': '0.3332', 'eval_runtime': '24.3', 'eval_samples_per_second': '58.73', 'eval_steps_per_second': '7.367', 'epoch': '0.4795'}
{'loss': '0.4036', 'grad_norm': '10.89', 'learning_rate': '7.946e-06', 'epoch': '0.4832'}
{'loss': '0.4117', 'grad_norm': '9.092', 'learning_rate': '7.928e-06', 'epoch': '0.4869'}
{'loss': '0.3823', 'grad_norm': '14.74', 'learning_rate': '7.909e-06', 'epoch': '0.4906'}
{'loss': '0.4124', 'grad_norm': '10.47', 'learning_rate': '7.891e-06', 'epoch': '0.4942'}
{'loss': '0.4441', 'grad_norm': '52.53', 'learning_rate': '7.872e-06', 'epoch': '0.4979'}
{'loss': '0.3695', 'grad_norm': '5.791', 'learning_rate': '7.854e-06', 'epoch': '0.5016'}
{'loss': '0.4048', 'grad_norm': '11.46', 'learning_rate': '7.835e-06', 'epoch': '0.5053'}
{'loss': '0.4018', 'grad_norm': '6.429', 'learning_rate': '7.817e-06', 'epoch': '0.509'}
{'loss': '0.3605', 'grad_norm': '26.34', 'learning_rate': '7.798e-06', 'epoch': '0.5127'}
{'loss': '0.3839', 'grad_norm': '6.768', 'learning_rate': '7.78e-06', 'epoch': '0.5164'}
{'eval_loss': '0.3833', 'eval_wer': '0.2997', 'eval_runtime': '24.19', 'eval_samples_per_second': '58.98', 'eval_steps_per_second': '7.399', 'epoch': '0.5164'}
{'loss': '0.3518', 'grad_norm': '10.42', 'learning_rate': '7.761e-06', 'epoch': '0.5201'}
{'loss': '0.4036', 'grad_norm': '3.567', 'learning_rate': '7.743e-06', 'epoch': '0.5238'}
{'loss': '0.3972', 'grad_norm': '11.62', 'learning_rate': '7.724e-06', 'epoch': '0.5274'}
{'loss': '0.426', 'grad_norm': '7.219', 'learning_rate': '7.706e-06', 'epoch': '0.5311'}
{'loss': '0.3804', 'grad_norm': '36.45', 'learning_rate': '7.687e-06', 'epoch': '0.5348'}
{'loss': '0.3831', 'grad_norm': '7.013', 'learning_rate': '7.669e-06', 'epoch': '0.5385'}
{'loss': '0.3803', 'grad_norm': '12.52', 'learning_rate': '7.65e-06', 'epoch': '0.5422'}
{'loss': '0.3799', 'grad_norm': '10.99', 'learning_rate': '7.631e-06', 'epoch': '0.5459'}
{'loss': '0.4177', 'grad_norm': '46.24', 'learning_rate': '7.613e-06', 'epoch': '0.5496'}
{'loss': '0.3707', 'grad_norm': '7.653', 'learning_rate': '7.594e-06', 'epoch': '0.5533'}
{'eval_loss': '0.361', 'eval_wer': '0.2927', 'eval_runtime': '24.38', 'eval_samples_per_second': '58.52', 'eval_steps_per_second': '7.341', 'epoch': '0.5533'}
{'loss': '0.3988', 'grad_norm': '14.46', 'learning_rate': '7.576e-06', 'epoch': '0.5569'}
{'loss': '0.3513', 'grad_norm': '14.09', 'learning_rate': '7.557e-06', 'epoch': '0.5606'}
{'loss': '0.3641', 'grad_norm': '11.42', 'learning_rate': '7.539e-06', 'epoch': '0.5643'}
{'loss': '0.3877', 'grad_norm': '9.563', 'learning_rate': '7.52e-06', 'epoch': '0.568'}
{'loss': '0.344', 'grad_norm': '6.187', 'learning_rate': '7.502e-06', 'epoch': '0.5717'}
{'loss': '0.3872', 'grad_norm': '11.3', 'learning_rate': '7.483e-06', 'epoch': '0.5754'}
{'loss': '0.3566', 'grad_norm': '8.703', 'learning_rate': '7.465e-06', 'epoch': '0.5791'}
{'loss': '0.33', 'grad_norm': '6.306', 'learning_rate': '7.446e-06', 'epoch': '0.5828'}
{'loss': '0.3321', 'grad_norm': '15.31', 'learning_rate': '7.428e-06', 'epoch': '0.5865'}
{'loss': '0.3573', 'grad_norm': '14.97', 'learning_rate': '7.409e-06', 'epoch': '0.5901'}
{'eval_loss': '0.3385', 'eval_wer': '0.2789', 'eval_runtime': '24.73', 'eval_samples_per_second': '57.69', 'eval_steps_per_second': '7.237', 'epoch': '0.5901'}
{'loss': '0.3412', 'grad_norm': '12.71', 'learning_rate': '7.391e-06', 'epoch': '0.5938'}
{'loss': '0.3198', 'grad_norm': '5.762', 'learning_rate': '7.372e-06', 'epoch': '0.5975'}
{'loss': '0.3658', 'grad_norm': '8.846', 'learning_rate': '7.354e-06', 'epoch': '0.6012'}
{'loss': '0.3701', 'grad_norm': '12.85', 'learning_rate': '7.335e-06', 'epoch': '0.6049'}
{'loss': '0.3489', 'grad_norm': '11.34', 'learning_rate': '7.317e-06', 'epoch': '0.6086'}
{'loss': '0.3549', 'grad_norm': '15.6', 'learning_rate': '7.298e-06', 'epoch': '0.6123'}
{'loss': '0.3328', 'grad_norm': '13.65', 'learning_rate': '7.28e-06', 'epoch': '0.616'}
{'loss': '0.3198', 'grad_norm': '16.53', 'learning_rate': '7.261e-06', 'epoch': '0.6197'}
{'loss': '0.3226', 'grad_norm': '4.019', 'learning_rate': '7.243e-06', 'epoch': '0.6233'}
{'loss': '0.337', 'grad_norm': '5.182', 'learning_rate': '7.224e-06', 'epoch': '0.627'}
{'eval_loss': '0.3208', 'eval_wer': '0.2785', 'eval_runtime': '24.44', 'eval_samples_per_second': '58.38', 'eval_steps_per_second': '7.323', 'epoch': '0.627'}
{'loss': '0.2995', 'grad_norm': '18.49', 'learning_rate': '7.206e-06', 'epoch': '0.6307'}
{'loss': '0.3146', 'grad_norm': '12.77', 'learning_rate': '7.187e-06', 'epoch': '0.6344'}
{'loss': '0.331', 'grad_norm': '3.606', 'learning_rate': '7.169e-06', 'epoch': '0.6381'}
{'loss': '0.387', 'grad_norm': '8.44', 'learning_rate': '7.15e-06', 'epoch': '0.6418'}
{'loss': '0.3118', 'grad_norm': '8.828', 'learning_rate': '7.131e-06', 'epoch': '0.6455'}
{'loss': '0.3241', 'grad_norm': '9.871', 'learning_rate': '7.113e-06', 'epoch': '0.6492'}
{'loss': '0.3233', 'grad_norm': '7.755', 'learning_rate': '7.094e-06', 'epoch': '0.6528'}
{'loss': '0.3251', 'grad_norm': '4.171', 'learning_rate': '7.076e-06', 'epoch': '0.6565'}
{'loss': '0.3231', 'grad_norm': '13.19', 'learning_rate': '7.057e-06', 'epoch': '0.6602'}
{'loss': '0.3227', 'grad_norm': '18.97', 'learning_rate': '7.039e-06', 'epoch': '0.6639'}
{'eval_loss': '0.3198', 'eval_wer': '0.2772', 'eval_runtime': '24.12', 'eval_samples_per_second': '59.16', 'eval_steps_per_second': '7.421', 'epoch': '0.6639'}
{'loss': '0.304', 'grad_norm': '12.64', 'learning_rate': '7.02e-06', 'epoch': '0.6676'}
{'loss': '0.3203', 'grad_norm': '14.34', 'learning_rate': '7.002e-06', 'epoch': '0.6713'}
{'loss': '0.3233', 'grad_norm': '20.07', 'learning_rate': '6.983e-06', 'epoch': '0.675'}
{'loss': '0.3087', 'grad_norm': '10.39', 'learning_rate': '6.965e-06', 'epoch': '0.6787'}
{'loss': '0.3366', 'grad_norm': '30.55', 'learning_rate': '6.947e-06', 'epoch': '0.6824'}
{'loss': '0.3481', 'grad_norm': '9.027', 'learning_rate': '6.928e-06', 'epoch': '0.686'}
{'loss': '0.3342', 'grad_norm': '5.704', 'learning_rate': '6.91e-06', 'epoch': '0.6897'}
{'loss': '0.3389', 'grad_norm': '11.62', 'learning_rate': '6.891e-06', 'epoch': '0.6934'}
{'loss': '0.3282', 'grad_norm': '13.97', 'learning_rate': '6.873e-06', 'epoch': '0.6971'}
{'loss': '0.2903', 'grad_norm': '8.337', 'learning_rate': '6.854e-06', 'epoch': '0.7008'}
{'eval_loss': '0.3075', 'eval_wer': '0.2635', 'eval_runtime': '24.3', 'eval_samples_per_second': '58.73', 'eval_steps_per_second': '7.366', 'epoch': '0.7008'}
{'loss': '0.285', 'grad_norm': '8.873', 'learning_rate': '6.836e-06', 'epoch': '0.7045'}
{'loss': '0.3069', 'grad_norm': '4.952', 'learning_rate': '6.817e-06', 'epoch': '0.7082'}
{'loss': '0.3167', 'grad_norm': '7.366', 'learning_rate': '6.799e-06', 'epoch': '0.7119'}
{'loss': '0.2852', 'grad_norm': '4.209', 'learning_rate': '6.78e-06', 'epoch': '0.7156'}
{'loss': '0.2777', 'grad_norm': '53.03', 'learning_rate': '6.761e-06', 'epoch': '0.7192'}
{'loss': '0.2801', 'grad_norm': '4.106', 'learning_rate': '6.743e-06', 'epoch': '0.7229'}
{'loss': '0.3321', 'grad_norm': '11.53', 'learning_rate': '6.724e-06', 'epoch': '0.7266'}
{'loss': '0.3281', 'grad_norm': '15.36', 'learning_rate': '6.706e-06', 'epoch': '0.7303'}
{'loss': '0.2929', 'grad_norm': '11.72', 'learning_rate': '6.687e-06', 'epoch': '0.734'}
{'loss': '0.3226', 'grad_norm': '9.949', 'learning_rate': '6.669e-06', 'epoch': '0.7377'}
{'eval_loss': '0.2856', 'eval_wer': '0.2657', 'eval_runtime': '24.51', 'eval_samples_per_second': '58.22', 'eval_steps_per_second': '7.303', 'epoch': '0.7377'}
{'loss': '0.279', 'grad_norm': '10.78', 'learning_rate': '6.65e-06', 'epoch': '0.7414'}
{'loss': '0.295', 'grad_norm': '5.957', 'learning_rate': '6.632e-06', 'epoch': '0.7451'}
{'loss': '0.3604', 'grad_norm': '20.74', 'learning_rate': '6.613e-06', 'epoch': '0.7487'}
{'loss': '0.2991', 'grad_norm': '7.485', 'learning_rate': '6.595e-06', 'epoch': '0.7524'}
{'loss': '0.2689', 'grad_norm': '25.23', 'learning_rate': '6.576e-06', 'epoch': '0.7561'}
{'loss': '0.3098', 'grad_norm': '13.05', 'learning_rate': '6.558e-06', 'epoch': '0.7598'}
{'loss': '0.3218', 'grad_norm': '15.88', 'learning_rate': '6.539e-06', 'epoch': '0.7635'}
{'loss': '0.3124', 'grad_norm': '15.04', 'learning_rate': '6.521e-06', 'epoch': '0.7672'}
{'loss': '0.2848', 'grad_norm': '8.734', 'learning_rate': '6.502e-06', 'epoch': '0.7709'}
{'loss': '0.2768', 'grad_norm': '5.103', 'learning_rate': '6.484e-06', 'epoch': '0.7746'}
{'eval_loss': '0.2741', 'eval_wer': '0.2574', 'eval_runtime': '24.51', 'eval_samples_per_second': '58.22', 'eval_steps_per_second': '7.303', 'epoch': '0.7746'}
{'loss': '0.2989', 'grad_norm': '14.1', 'learning_rate': '6.465e-06', 'epoch': '0.7783'}
{'loss': '0.2565', 'grad_norm': '3.255', 'learning_rate': '6.447e-06', 'epoch': '0.7819'}
{'loss': '0.2999', 'grad_norm': '14.45', 'learning_rate': '6.428e-06', 'epoch': '0.7856'}
{'loss': '0.2794', 'grad_norm': '13.22', 'learning_rate': '6.41e-06', 'epoch': '0.7893'}
{'loss': '0.2893', 'grad_norm': '6.789', 'learning_rate': '6.391e-06', 'epoch': '0.793'}
{'loss': '0.3066', 'grad_norm': '15.6', 'learning_rate': '6.373e-06', 'epoch': '0.7967'}
{'loss': '0.2974', 'grad_norm': '8.458', 'learning_rate': '6.354e-06', 'epoch': '0.8004'}
{'loss': '0.2493', 'grad_norm': '6.811', 'learning_rate': '6.336e-06', 'epoch': '0.8041'}
{'loss': '0.3575', 'grad_norm': '2.709', 'learning_rate': '6.317e-06', 'epoch': '0.8078'}
{'loss': '0.2633', 'grad_norm': '6.533', 'learning_rate': '6.299e-06', 'epoch': '0.8114'}
{'eval_loss': '0.276', 'eval_wer': '0.2539', 'eval_runtime': '24.39', 'eval_samples_per_second': '58.51', 'eval_steps_per_second': '7.34', 'epoch': '0.8114'}
{'loss': '0.2941', 'grad_norm': '11.34', 'learning_rate': '6.28e-06', 'epoch': '0.8151'}
{'loss': '0.2813', 'grad_norm': '4.136', 'learning_rate': '6.261e-06', 'epoch': '0.8188'}
{'loss': '0.2867', 'grad_norm': '12.11', 'learning_rate': '6.243e-06', 'epoch': '0.8225'}
{'loss': '0.2802', 'grad_norm': '6.13', 'learning_rate': '6.225e-06', 'epoch': '0.8262'}
{'loss': '0.2691', 'grad_norm': '13.65', 'learning_rate': '6.206e-06', 'epoch': '0.8299'}
{'loss': '0.2788', 'grad_norm': '19.43', 'learning_rate': '6.188e-06', 'epoch': '0.8336'}
{'loss': '0.2814', 'grad_norm': '2.904', 'learning_rate': '6.169e-06', 'epoch': '0.8373'}
{'loss': '0.2944', 'grad_norm': '28.48', 'learning_rate': '6.151e-06', 'epoch': '0.841'}
{'loss': '0.2939', 'grad_norm': '8.28', 'learning_rate': '6.132e-06', 'epoch': '0.8446'}
{'loss': '0.2502', 'grad_norm': '9.364', 'learning_rate': '6.114e-06', 'epoch': '0.8483'}
{'eval_loss': '0.2707', 'eval_wer': '0.256', 'eval_runtime': '24.25', 'eval_samples_per_second': '58.84', 'eval_steps_per_second': '7.381', 'epoch': '0.8483'}
{'loss': '0.2559', 'grad_norm': '8.367', 'learning_rate': '6.095e-06', 'epoch': '0.852'}
{'loss': '0.2577', 'grad_norm': '5.534', 'learning_rate': '6.077e-06', 'epoch': '0.8557'}
{'loss': '0.2656', 'grad_norm': '6.148', 'learning_rate': '6.058e-06', 'epoch': '0.8594'}
{'loss': '0.2762', 'grad_norm': '8.12', 'learning_rate': '6.04e-06', 'epoch': '0.8631'}
{'loss': '0.2746', 'grad_norm': '28.7', 'learning_rate': '6.021e-06', 'epoch': '0.8668'}
{'loss': '0.2704', 'grad_norm': '7.549', 'learning_rate': '6.003e-06', 'epoch': '0.8705'}
{'loss': '0.2294', 'grad_norm': '10.47', 'learning_rate': '5.984e-06', 'epoch': '0.8742'}
{'loss': '0.286', 'grad_norm': '30.21', 'learning_rate': '5.966e-06', 'epoch': '0.8778'}
{'loss': '0.2455', 'grad_norm': '7.614', 'learning_rate': '5.947e-06', 'epoch': '0.8815'}
{'loss': '0.2739', 'grad_norm': '7.626', 'learning_rate': '5.929e-06', 'epoch': '0.8852'}
{'eval_loss': '0.2639', 'eval_wer': '0.2541', 'eval_runtime': '24.24', 'eval_samples_per_second': '58.87', 'eval_steps_per_second': '7.384', 'epoch': '0.8852'}
{'loss': '0.2799', 'grad_norm': '8.667', 'learning_rate': '5.91e-06', 'epoch': '0.8889'}
{'loss': '0.2673', 'grad_norm': '15.86', 'learning_rate': '5.891e-06', 'epoch': '0.8926'}
{'loss': '0.2665', 'grad_norm': '8.834', 'learning_rate': '5.873e-06', 'epoch': '0.8963'}
{'loss': '0.2639', 'grad_norm': '14.34', 'learning_rate': '5.854e-06', 'epoch': '0.9'}
{'loss': '0.2573', 'grad_norm': '3.7', 'learning_rate': '5.836e-06', 'epoch': '0.9037'}
{'loss': '0.2757', 'grad_norm': '10.31', 'learning_rate': '5.817e-06', 'epoch': '0.9073'}
{'loss': '0.3083', 'grad_norm': '14.11', 'learning_rate': '5.799e-06', 'epoch': '0.911'}
{'loss': '0.2863', 'grad_norm': '11.58', 'learning_rate': '5.78e-06', 'epoch': '0.9147'}
{'loss': '0.2846', 'grad_norm': '7.347', 'learning_rate': '5.762e-06', 'epoch': '0.9184'}
{'loss': '0.2805', 'grad_norm': '4.905', 'learning_rate': '5.743e-06', 'epoch': '0.9221'}
{'eval_loss': '0.2461', 'eval_wer': '0.2498', 'eval_runtime': '24.35', 'eval_samples_per_second': '58.6', 'eval_steps_per_second': '7.351', 'epoch': '0.9221'}
{'loss': '0.2679', 'grad_norm': '6.865', 'learning_rate': '5.725e-06', 'epoch': '0.9258'}
{'loss': '0.2548', 'grad_norm': '17.04', 'learning_rate': '5.706e-06', 'epoch': '0.9295'}
{'loss': '0.2537', 'grad_norm': '7.694', 'learning_rate': '5.688e-06', 'epoch': '0.9332'}
{'loss': '0.2628', 'grad_norm': '12.6', 'learning_rate': '5.669e-06', 'epoch': '0.9369'}
{'loss': '0.2379', 'grad_norm': '10.73', 'learning_rate': '5.651e-06', 'epoch': '0.9405'}
{'loss': '0.2987', 'grad_norm': '59.66', 'learning_rate': '5.632e-06', 'epoch': '0.9442'}
{'loss': '0.2592', 'grad_norm': '7.463', 'learning_rate': '5.614e-06', 'epoch': '0.9479'}
{'loss': '0.2695', 'grad_norm': '7.118', 'learning_rate': '5.595e-06', 'epoch': '0.9516'}
{'loss': '0.2429', 'grad_norm': '7.947', 'learning_rate': '5.577e-06', 'epoch': '0.9553'}
{'loss': '0.2569', 'grad_norm': '19.9', 'learning_rate': '5.558e-06', 'epoch': '0.959'}
{'eval_loss': '0.2358', 'eval_wer': '0.2426', 'eval_runtime': '24.37', 'eval_samples_per_second': '58.56', 'eval_steps_per_second': '7.346', 'epoch': '0.959'}
{'loss': '0.2221', 'grad_norm': '6.567', 'learning_rate': '5.54e-06', 'epoch': '0.9627'}
{'loss': '0.2577', 'grad_norm': '9.986', 'learning_rate': '5.521e-06', 'epoch': '0.9664'}
{'loss': '0.228', 'grad_norm': '4.23', 'learning_rate': '5.503e-06', 'epoch': '0.9701'}
{'loss': '0.2968', 'grad_norm': '6.948', 'learning_rate': '5.484e-06', 'epoch': '0.9737'}
{'loss': '0.2392', 'grad_norm': '5.593', 'learning_rate': '5.466e-06', 'epoch': '0.9774'}
{'loss': '0.2608', 'grad_norm': '5.361', 'learning_rate': '5.447e-06', 'epoch': '0.9811'}
{'loss': '0.256', 'grad_norm': '6.319', 'learning_rate': '5.429e-06', 'epoch': '0.9848'}
{'loss': '0.2846', 'grad_norm': '7.763', 'learning_rate': '5.41e-06', 'epoch': '0.9885'}
{'loss': '0.268', 'grad_norm': '4.151', 'learning_rate': '5.391e-06', 'epoch': '0.9922'}
{'loss': '0.2337', 'grad_norm': '3.35', 'learning_rate': '5.373e-06', 'epoch': '0.9959'}
{'eval_loss': '0.2368', 'eval_wer': '0.2426', 'eval_runtime': '24.54', 'eval_samples_per_second': '58.16', 'eval_steps_per_second': '7.296', 'epoch': '0.9959'}
{'loss': '0.2308', 'grad_norm': '7.642', 'learning_rate': '5.354e-06', 'epoch': '0.9996'}
{'loss': '0.2237', 'grad_norm': '7.112', 'learning_rate': '5.336e-06', 'epoch': '1.003'}
{'loss': '0.2127', 'grad_norm': '6.98', 'learning_rate': '5.317e-06', 'epoch': '1.007'}
{'loss': '0.2448', 'grad_norm': '3.923', 'learning_rate': '5.299e-06', 'epoch': '1.011'}
{'loss': '0.2311', 'grad_norm': '3.75', 'learning_rate': '5.28e-06', 'epoch': '1.014'}
{'loss': '0.2623', 'grad_norm': '2.238', 'learning_rate': '5.262e-06', 'epoch': '1.018'}
{'loss': '0.2424', 'grad_norm': '1.714', 'learning_rate': '5.243e-06', 'epoch': '1.022'}
{'loss': '0.2151', 'grad_norm': '14.05', 'learning_rate': '5.225e-06', 'epoch': '1.025'}
{'loss': '0.2556', 'grad_norm': '2.446', 'learning_rate': '5.206e-06', 'epoch': '1.029'}
{'loss': '0.2497', 'grad_norm': '5.776', 'learning_rate': '5.188e-06', 'epoch': '1.033'}
{'eval_loss': '0.2381', 'eval_wer': '0.2442', 'eval_runtime': '24.73', 'eval_samples_per_second': '57.7', 'eval_steps_per_second': '7.238', 'epoch': '1.033'}
{'loss': '0.2409', 'grad_norm': '5.646', 'learning_rate': '5.169e-06', 'epoch': '1.036'}
{'loss': '0.2326', 'grad_norm': '3.909', 'learning_rate': '5.151e-06', 'epoch': '1.04'}
{'loss': '0.2185', 'grad_norm': '5.7', 'learning_rate': '5.132e-06', 'epoch': '1.044'}
{'loss': '0.2182', 'grad_norm': '31.41', 'learning_rate': '5.114e-06', 'epoch': '1.048'}
{'loss': '0.224', 'grad_norm': '8.518', 'learning_rate': '5.095e-06', 'epoch': '1.051'}
{'loss': '0.2282', 'grad_norm': '3.632', 'learning_rate': '5.077e-06', 'epoch': '1.055'}
{'loss': '0.2067', 'grad_norm': '2.969', 'learning_rate': '5.058e-06', 'epoch': '1.059'}
{'loss': '0.243', 'grad_norm': '4.328', 'learning_rate': '5.04e-06', 'epoch': '1.062'}
{'loss': '0.1977', 'grad_norm': '6.139', 'learning_rate': '5.021e-06', 'epoch': '1.066'}
{'loss': '0.25', 'grad_norm': '4.361', 'learning_rate': '5.003e-06', 'epoch': '1.07'}
{'eval_loss': '0.2344', 'eval_wer': '0.2405', 'eval_runtime': '25.32', 'eval_samples_per_second': '56.37', 'eval_steps_per_second': '7.071', 'epoch': '1.07'}
{'loss': '0.2444', 'grad_norm': '4.587', 'learning_rate': '4.984e-06', 'epoch': '1.073'}
{'loss': '0.223', 'grad_norm': '5.184', 'learning_rate': '4.966e-06', 'epoch': '1.077'}
{'loss': '0.3404', 'grad_norm': '5.022', 'learning_rate': '4.947e-06', 'epoch': '1.081'}
{'loss': '0.2571', 'grad_norm': '3.194', 'learning_rate': '4.929e-06', 'epoch': '1.084'}
{'loss': '0.1976', 'grad_norm': '3.424', 'learning_rate': '4.91e-06', 'epoch': '1.088'}
{'loss': '0.2764', 'grad_norm': '2.176', 'learning_rate': '4.891e-06', 'epoch': '1.092'}
{'loss': '0.206', 'grad_norm': '4.936', 'learning_rate': '4.873e-06', 'epoch': '1.095'}
{'loss': '0.2069', 'grad_norm': '6.027', 'learning_rate': '4.854e-06', 'epoch': '1.099'}
{'loss': '0.2425', 'grad_norm': '8.594', 'learning_rate': '4.836e-06', 'epoch': '1.103'}
{'loss': '0.2137', 'grad_norm': '4.247', 'learning_rate': '4.817e-06', 'epoch': '1.107'}
{'eval_loss': '0.2337', 'eval_wer': '0.2417', 'eval_runtime': '24.21', 'eval_samples_per_second': '58.94', 'eval_steps_per_second': '7.393', 'epoch': '1.107'}
{'loss': '0.2218', 'grad_norm': '6.988', 'learning_rate': '4.799e-06', 'epoch': '1.11'}
{'loss': '0.2118', 'grad_norm': '4.554', 'learning_rate': '4.78e-06', 'epoch': '1.114'}
{'loss': '0.2353', 'grad_norm': '8.986', 'learning_rate': '4.762e-06', 'epoch': '1.118'}
{'loss': '0.242', 'grad_norm': '3.461', 'learning_rate': '4.744e-06', 'epoch': '1.121'}
{'loss': '0.2452', 'grad_norm': '3.478', 'learning_rate': '4.725e-06', 'epoch': '1.125'}
{'loss': '0.238', 'grad_norm': '7.761', 'learning_rate': '4.707e-06', 'epoch': '1.129'}
{'loss': '0.2301', 'grad_norm': '4.493', 'learning_rate': '4.688e-06', 'epoch': '1.132'}
{'loss': '0.2859', 'grad_norm': '9.978', 'learning_rate': '4.67e-06', 'epoch': '1.136'}
{'loss': '0.2121', 'grad_norm': '8.46', 'learning_rate': '4.651e-06', 'epoch': '1.14'}
{'loss': '0.2404', 'grad_norm': '4.717', 'learning_rate': '4.633e-06', 'epoch': '1.143'}
{'eval_loss': '0.2241', 'eval_wer': '0.2349', 'eval_runtime': '24.11', 'eval_samples_per_second': '59.18', 'eval_steps_per_second': '7.424', 'epoch': '1.143'}
{'loss': '0.2148', 'grad_norm': '4.81', 'learning_rate': '4.614e-06', 'epoch': '1.147'}
{'loss': '0.2116', 'grad_norm': '4.265', 'learning_rate': '4.596e-06', 'epoch': '1.151'}
{'loss': '0.2081', 'grad_norm': '3.487', 'learning_rate': '4.577e-06', 'epoch': '1.154'}
{'loss': '0.2228', 'grad_norm': '4.583', 'learning_rate': '4.559e-06', 'epoch': '1.158'}
{'loss': '0.1984', 'grad_norm': '4.117', 'learning_rate': '4.54e-06', 'epoch': '1.162'}
{'loss': '0.205', 'grad_norm': '4.377', 'learning_rate': '4.521e-06', 'epoch': '1.166'}
{'loss': '0.2167', 'grad_norm': '2.166', 'learning_rate': '4.503e-06', 'epoch': '1.169'}
{'loss': '0.2081', 'grad_norm': '1.368', 'learning_rate': '4.484e-06', 'epoch': '1.173'}
{'loss': '0.2361', 'grad_norm': '3.857', 'learning_rate': '4.466e-06', 'epoch': '1.177'}
{'loss': '0.2117', 'grad_norm': '5.142', 'learning_rate': '4.447e-06', 'epoch': '1.18'}
{'eval_loss': '0.221', 'eval_wer': '0.2368', 'eval_runtime': '23.98', 'eval_samples_per_second': '59.5', 'eval_steps_per_second': '7.463', 'epoch': '1.18'}
{'loss': '0.2361', 'grad_norm': '3.954', 'learning_rate': '4.429e-06', 'epoch': '1.184'}
{'loss': '0.2196', 'grad_norm': '2.696', 'learning_rate': '4.41e-06', 'epoch': '1.188'}
{'loss': '0.2413', 'grad_norm': '5.619', 'learning_rate': '4.392e-06', 'epoch': '1.191'}
{'loss': '0.2393', 'grad_norm': '6.599', 'learning_rate': '4.373e-06', 'epoch': '1.195'}
{'loss': '0.2162', 'grad_norm': '3.231', 'learning_rate': '4.355e-06', 'epoch': '1.199'}
{'loss': '0.208', 'grad_norm': '2.65', 'learning_rate': '4.336e-06', 'epoch': '1.202'}
{'loss': '0.2491', 'grad_norm': '7.063', 'learning_rate': '4.318e-06', 'epoch': '1.206'}
{'loss': '0.2033', 'grad_norm': '6.896', 'learning_rate': '4.299e-06', 'epoch': '1.21'}
{'loss': '0.2444', 'grad_norm': '4.639', 'learning_rate': '4.281e-06', 'epoch': '1.213'}
{'loss': '0.219', 'grad_norm': '5.052', 'learning_rate': '4.262e-06', 'epoch': '1.217'}
{'eval_loss': '0.2222', 'eval_wer': '0.2309', 'eval_runtime': '23.99', 'eval_samples_per_second': '59.48', 'eval_steps_per_second': '7.461', 'epoch': '1.217'}
{'loss': '0.2144', 'grad_norm': '4.381', 'learning_rate': '4.244e-06', 'epoch': '1.221'}
{'loss': '0.2171', 'grad_norm': '5.13', 'learning_rate': '4.225e-06', 'epoch': '1.225'}
{'loss': '0.2157', 'grad_norm': '3.359', 'learning_rate': '4.207e-06', 'epoch': '1.228'}
{'loss': '0.2162', 'grad_norm': '3.442', 'learning_rate': '4.188e-06', 'epoch': '1.232'}
{'loss': '0.2351', 'grad_norm': '6.006', 'learning_rate': '4.17e-06', 'epoch': '1.236'}
{'loss': '0.2201', 'grad_norm': '2.316', 'learning_rate': '4.151e-06', 'epoch': '1.239'}
{'loss': '0.1938', 'grad_norm': '4.994', 'learning_rate': '4.133e-06', 'epoch': '1.243'}
{'loss': '0.1953', 'grad_norm': '3.771', 'learning_rate': '4.114e-06', 'epoch': '1.247'}
{'loss': '0.2479', 'grad_norm': '4.347', 'learning_rate': '4.096e-06', 'epoch': '1.25'}
{'loss': '0.2894', 'grad_norm': '4.81', 'learning_rate': '4.077e-06', 'epoch': '1.254'}
{'eval_loss': '0.2078', 'eval_wer': '0.23', 'eval_runtime': '24.02', 'eval_samples_per_second': '59.4', 'eval_steps_per_second': '7.451', 'epoch': '1.254'}
{'loss': '0.2089', 'grad_norm': '5.61', 'learning_rate': '4.059e-06', 'epoch': '1.258'}
{'loss': '0.2103', 'grad_norm': '1.057', 'learning_rate': '4.04e-06', 'epoch': '1.261'}
{'loss': '0.1993', 'grad_norm': '8.718', 'learning_rate': '4.021e-06', 'epoch': '1.265'}
{'loss': '0.2075', 'grad_norm': '2.433', 'learning_rate': '4.003e-06', 'epoch': '1.269'}
{'loss': '0.2426', 'grad_norm': '4.556', 'learning_rate': '3.984e-06', 'epoch': '1.272'}
{'loss': '0.197', 'grad_norm': '3.622', 'learning_rate': '3.966e-06', 'epoch': '1.276'}
{'loss': '0.2137', 'grad_norm': '2.027', 'learning_rate': '3.947e-06', 'epoch': '1.28'}
{'loss': '0.2086', 'grad_norm': '3.995', 'learning_rate': '3.929e-06', 'epoch': '1.284'}
{'loss': '0.2139', 'grad_norm': '3.134', 'learning_rate': '3.91e-06', 'epoch': '1.287'}
{'loss': '0.2331', 'grad_norm': '6.737', 'learning_rate': '3.892e-06', 'epoch': '1.291'}
{'eval_loss': '0.2118', 'eval_wer': '0.2307', 'eval_runtime': '25.33', 'eval_samples_per_second': '56.34', 'eval_steps_per_second': '7.067', 'epoch': '1.291'}
{'loss': '0.2239', 'grad_norm': '5.403', 'learning_rate': '3.873e-06', 'epoch': '1.295'}
{'loss': '0.2009', 'grad_norm': '4.225', 'learning_rate': '3.855e-06', 'epoch': '1.298'}
{'loss': '0.2174', 'grad_norm': '3.92', 'learning_rate': '3.836e-06', 'epoch': '1.302'}
{'loss': '0.2397', 'grad_norm': '1.46', 'learning_rate': '3.818e-06', 'epoch': '1.306'}
{'loss': '0.2295', 'grad_norm': '9.476', 'learning_rate': '3.799e-06', 'epoch': '1.309'}
{'loss': '0.1771', 'grad_norm': '4.71', 'learning_rate': '3.781e-06', 'epoch': '1.313'}
{'loss': '0.206', 'grad_norm': '10.12', 'learning_rate': '3.762e-06', 'epoch': '1.317'}
{'loss': '0.199', 'grad_norm': '9.381', 'learning_rate': '3.744e-06', 'epoch': '1.32'}
{'loss': '0.2104', 'grad_norm': '2.212', 'learning_rate': '3.725e-06', 'epoch': '1.324'}
{'loss': '0.199', 'grad_norm': '3.596', 'learning_rate': '3.707e-06', 'epoch': '1.328'}
{'eval_loss': '0.2198', 'eval_wer': '0.2348', 'eval_runtime': '24.19', 'eval_samples_per_second': '59', 'eval_steps_per_second': '7.4', 'epoch': '1.328'}
{'loss': '0.2722', 'grad_norm': '7.249', 'learning_rate': '3.688e-06', 'epoch': '1.332'}
{'loss': '0.1893', 'grad_norm': '3.48', 'learning_rate': '3.67e-06', 'epoch': '1.335'}
{'loss': '0.2368', 'grad_norm': '8.427', 'learning_rate': '3.651e-06', 'epoch': '1.339'}
{'loss': '0.2362', 'grad_norm': '4.922', 'learning_rate': '3.633e-06', 'epoch': '1.343'}
{'loss': '0.1947', 'grad_norm': '2.603', 'learning_rate': '3.614e-06', 'epoch': '1.346'}
{'loss': '0.2082', 'grad_norm': '2.308', 'learning_rate': '3.596e-06', 'epoch': '1.35'}
{'loss': '0.1935', 'grad_norm': '3.887', 'learning_rate': '3.577e-06', 'epoch': '1.354'}
{'loss': '0.1959', 'grad_norm': '1.998', 'learning_rate': '3.559e-06', 'epoch': '1.357'}
{'loss': '0.1886', 'grad_norm': '2.405', 'learning_rate': '3.54e-06', 'epoch': '1.361'}
{'loss': '0.2038', 'grad_norm': '5.439', 'learning_rate': '3.521e-06', 'epoch': '1.365'}
{'eval_loss': '0.2212', 'eval_wer': '0.2358', 'eval_runtime': '24.16', 'eval_samples_per_second': '59.07', 'eval_steps_per_second': '7.409', 'epoch': '1.365'}
{'loss': '0.2124', 'grad_norm': '3.442', 'learning_rate': '3.503e-06', 'epoch': '1.368'}
{'loss': '0.1945', 'grad_norm': '8.181', 'learning_rate': '3.484e-06', 'epoch': '1.372'}
{'loss': '0.21', 'grad_norm': '4.443', 'learning_rate': '3.466e-06', 'epoch': '1.376'}
{'loss': '0.2002', 'grad_norm': '3.239', 'learning_rate': '3.447e-06', 'epoch': '1.379'}
{'loss': '0.204', 'grad_norm': '4.674', 'learning_rate': '3.429e-06', 'epoch': '1.383'}
{'loss': '0.1974', 'grad_norm': '5.208', 'learning_rate': '3.41e-06', 'epoch': '1.387'}
{'loss': '0.2161', 'grad_norm': '3.261', 'learning_rate': '3.392e-06', 'epoch': '1.391'}
{'loss': '0.1914', 'grad_norm': '4.602', 'learning_rate': '3.373e-06', 'epoch': '1.394'}
{'loss': '0.2151', 'grad_norm': '2.112', 'learning_rate': '3.355e-06', 'epoch': '1.398'}
{'loss': '0.2042', 'grad_norm': '5.034', 'learning_rate': '3.336e-06', 'epoch': '1.402'}
{'eval_loss': '0.2199', 'eval_wer': '0.2353', 'eval_runtime': '24.14', 'eval_samples_per_second': '59.11', 'eval_steps_per_second': '7.414', 'epoch': '1.402'}
{'loss': '0.2276', 'grad_norm': '4.536', 'learning_rate': '3.318e-06', 'epoch': '1.405'}
{'loss': '0.1908', 'grad_norm': '4.098', 'learning_rate': '3.299e-06', 'epoch': '1.409'}
{'loss': '0.2109', 'grad_norm': '3.018', 'learning_rate': '3.281e-06', 'epoch': '1.413'}
{'loss': '0.1889', 'grad_norm': '2.357', 'learning_rate': '3.262e-06', 'epoch': '1.416'}
{'loss': '0.2229', 'grad_norm': '7.001', 'learning_rate': '3.244e-06', 'epoch': '1.42'}
{'loss': '0.201', 'grad_norm': '3.016', 'learning_rate': '3.225e-06', 'epoch': '1.424'}
{'loss': '0.1932', 'grad_norm': '2.357', 'learning_rate': '3.207e-06', 'epoch': '1.427'}
{'loss': '0.2218', 'grad_norm': '5.301', 'learning_rate': '3.188e-06', 'epoch': '1.431'}
{'loss': '0.2021', 'grad_norm': '3.777', 'learning_rate': '3.17e-06', 'epoch': '1.435'}
{'loss': '0.2857', 'grad_norm': '4.114', 'learning_rate': '3.151e-06', 'epoch': '1.438'}
{'eval_loss': '0.2131', 'eval_wer': '0.2309', 'eval_runtime': '24.02', 'eval_samples_per_second': '59.41', 'eval_steps_per_second': '7.452', 'epoch': '1.438'}
{'loss': '0.2127', 'grad_norm': '4.694', 'learning_rate': '3.133e-06', 'epoch': '1.442'}
{'loss': '0.2011', 'grad_norm': '2.589', 'learning_rate': '3.114e-06', 'epoch': '1.446'}
{'loss': '0.1977', 'grad_norm': '3.695', 'learning_rate': '3.096e-06', 'epoch': '1.45'}
{'loss': '0.1812', 'grad_norm': '5.48', 'learning_rate': '3.077e-06', 'epoch': '1.453'}
{'loss': '0.213', 'grad_norm': '1.549', 'learning_rate': '3.059e-06', 'epoch': '1.457'}
{'loss': '0.1948', 'grad_norm': '8.242', 'learning_rate': '3.04e-06', 'epoch': '1.461'}
{'loss': '0.1938', 'grad_norm': '1.626', 'learning_rate': '3.021e-06', 'epoch': '1.464'}
{'loss': '0.2054', 'grad_norm': '3.572', 'learning_rate': '3.003e-06', 'epoch': '1.468'}
{'loss': '0.1958', 'grad_norm': '6.245', 'learning_rate': '2.984e-06', 'epoch': '1.472'}
{'loss': '0.1957', 'grad_norm': '4.243', 'learning_rate': '2.966e-06', 'epoch': '1.475'}
{'eval_loss': '0.206', 'eval_wer': '0.2272', 'eval_runtime': '24.04', 'eval_samples_per_second': '59.37', 'eval_steps_per_second': '7.447', 'epoch': '1.475'}
{'loss': '0.2246', 'grad_norm': '5.857', 'learning_rate': '2.947e-06', 'epoch': '1.479'}
{'loss': '0.2266', 'grad_norm': '7.044', 'learning_rate': '2.929e-06', 'epoch': '1.483'}
{'loss': '0.2034', 'grad_norm': '7.522', 'learning_rate': '2.91e-06', 'epoch': '1.486'}
{'loss': '0.1949', 'grad_norm': '5.876', 'learning_rate': '2.892e-06', 'epoch': '1.49'}
{'loss': '0.1941', 'grad_norm': '2.56', 'learning_rate': '2.873e-06', 'epoch': '1.494'}
{'loss': '0.1898', 'grad_norm': '2.579', 'learning_rate': '2.855e-06', 'epoch': '1.497'}
{'loss': '0.2024', 'grad_norm': '1.842', 'learning_rate': '2.836e-06', 'epoch': '1.501'}
{'loss': '0.2111', 'grad_norm': '4.427', 'learning_rate': '2.818e-06', 'epoch': '1.505'}
{'loss': '0.2434', 'grad_norm': '7.301', 'learning_rate': '2.799e-06', 'epoch': '1.509'}
{'loss': '0.2144', 'grad_norm': '6.048', 'learning_rate': '2.781e-06', 'epoch': '1.512'}
{'eval_loss': '0.1915', 'eval_wer': '0.2237', 'eval_runtime': '24.02', 'eval_samples_per_second': '59.4', 'eval_steps_per_second': '7.451', 'epoch': '1.512'}
{'loss': '0.1723', 'grad_norm': '11.66', 'learning_rate': '2.763e-06', 'epoch': '1.516'}
{'loss': '0.2105', 'grad_norm': '4.052', 'learning_rate': '2.744e-06', 'epoch': '1.52'}
{'loss': '0.1853', 'grad_norm': '4.142', 'learning_rate': '2.726e-06', 'epoch': '1.523'}
{'loss': '0.1976', 'grad_norm': '3.223', 'learning_rate': '2.707e-06', 'epoch': '1.527'}
{'loss': '0.186', 'grad_norm': '7.1', 'learning_rate': '2.689e-06', 'epoch': '1.531'}
{'loss': '0.2221', 'grad_norm': '1.411', 'learning_rate': '2.67e-06', 'epoch': '1.534'}
{'loss': '0.1998', 'grad_norm': '2.4', 'learning_rate': '2.651e-06', 'epoch': '1.538'}
{'loss': '0.2047', 'grad_norm': '4.895', 'learning_rate': '2.633e-06', 'epoch': '1.542'}
{'loss': '0.1765', 'grad_norm': '3.426', 'learning_rate': '2.614e-06', 'epoch': '1.545'}
{'loss': '0.2168', 'grad_norm': '5.134', 'learning_rate': '2.596e-06', 'epoch': '1.549'}
{'eval_loss': '0.2041', 'eval_wer': '0.2263', 'eval_runtime': '24.12', 'eval_samples_per_second': '59.17', 'eval_steps_per_second': '7.422', 'epoch': '1.549'}
{'loss': '0.1917', 'grad_norm': '3.392', 'learning_rate': '2.577e-06', 'epoch': '1.553'}
{'loss': '0.2742', 'grad_norm': '3.263', 'learning_rate': '2.559e-06', 'epoch': '1.557'}
{'loss': '0.1852', 'grad_norm': '3.955', 'learning_rate': '2.54e-06', 'epoch': '1.56'}
{'loss': '0.1936', 'grad_norm': '6.67', 'learning_rate': '2.522e-06', 'epoch': '1.564'}
{'loss': '0.1737', 'grad_norm': '3.958', 'learning_rate': '2.503e-06', 'epoch': '1.568'}
{'loss': '0.2062', 'grad_norm': '2.398', 'learning_rate': '2.485e-06', 'epoch': '1.571'}
{'loss': '0.1743', 'grad_norm': '2.182', 'learning_rate': '2.466e-06', 'epoch': '1.575'}
{'loss': '0.1877', 'grad_norm': '2.623', 'learning_rate': '2.448e-06', 'epoch': '1.579'}
{'loss': '0.208', 'grad_norm': '3.982', 'learning_rate': '2.429e-06', 'epoch': '1.582'}
{'loss': '0.2687', 'grad_norm': '1.96', 'learning_rate': '2.411e-06', 'epoch': '1.586'}
{'eval_loss': '0.1971', 'eval_wer': '0.2236', 'eval_runtime': '24.16', 'eval_samples_per_second': '59.06', 'eval_steps_per_second': '7.409', 'epoch': '1.586'}
{'loss': '0.2014', 'grad_norm': '6.908', 'learning_rate': '2.392e-06', 'epoch': '1.59'}
{'loss': '0.208', 'grad_norm': '4.318', 'learning_rate': '2.374e-06', 'epoch': '1.593'}
{'loss': '0.2091', 'grad_norm': '3.385', 'learning_rate': '2.355e-06', 'epoch': '1.597'}
{'loss': '0.1844', 'grad_norm': '5.762', 'learning_rate': '2.337e-06', 'epoch': '1.601'}
{'loss': '0.2267', 'grad_norm': '2.668', 'learning_rate': '2.318e-06', 'epoch': '1.604'}
{'loss': '0.2024', 'grad_norm': '6.461', 'learning_rate': '2.3e-06', 'epoch': '1.608'}
{'loss': '0.2115', 'grad_norm': '7.983', 'learning_rate': '2.281e-06', 'epoch': '1.612'}
{'loss': '0.1857', 'grad_norm': '2.393', 'learning_rate': '2.263e-06', 'epoch': '1.616'}
{'loss': '0.197', 'grad_norm': '2.583', 'learning_rate': '2.244e-06', 'epoch': '1.619'}
{'loss': '0.1939', 'grad_norm': '2.982', 'learning_rate': '2.226e-06', 'epoch': '1.623'}
{'eval_loss': '0.1887', 'eval_wer': '0.2215', 'eval_runtime': '24.3', 'eval_samples_per_second': '58.73', 'eval_steps_per_second': '7.367', 'epoch': '1.623'}
{'loss': '0.1998', 'grad_norm': '3.754', 'learning_rate': '2.207e-06', 'epoch': '1.627'}
{'loss': '0.1901', 'grad_norm': '2.314', 'learning_rate': '2.189e-06', 'epoch': '1.63'}
{'loss': '0.1874', 'grad_norm': '2.659', 'learning_rate': '2.17e-06', 'epoch': '1.634'}
{'loss': '0.1902', 'grad_norm': '5.676', 'learning_rate': '2.151e-06', 'epoch': '1.638'}
{'loss': '0.2181', 'grad_norm': '10.78', 'learning_rate': '2.133e-06', 'epoch': '1.641'}
{'loss': '0.1714', 'grad_norm': '2.773', 'learning_rate': '2.114e-06', 'epoch': '1.645'}
{'loss': '0.2425', 'grad_norm': '2.79', 'learning_rate': '2.096e-06', 'epoch': '1.649'}
{'loss': '0.2089', 'grad_norm': '1.84', 'learning_rate': '2.077e-06', 'epoch': '1.652'}
{'loss': '0.1868', 'grad_norm': '3.392', 'learning_rate': '2.059e-06', 'epoch': '1.656'}
{'loss': '0.194', 'grad_norm': '1.604', 'learning_rate': '2.04e-06', 'epoch': '1.66'}
{'eval_loss': '0.1922', 'eval_wer': '0.2203', 'eval_runtime': '24.2', 'eval_samples_per_second': '58.96', 'eval_steps_per_second': '7.396', 'epoch': '1.66'}
{'loss': '0.19', 'grad_norm': '3.127', 'learning_rate': '2.022e-06', 'epoch': '1.663'}
{'loss': '0.2116', 'grad_norm': '6.323', 'learning_rate': '2.003e-06', 'epoch': '1.667'}
{'loss': '0.1776', 'grad_norm': '3.403', 'learning_rate': '1.985e-06', 'epoch': '1.671'}
{'loss': '0.1814', 'grad_norm': '2.744', 'learning_rate': '1.966e-06', 'epoch': '1.675'}
{'loss': '0.1957', 'grad_norm': '3.51', 'learning_rate': '1.948e-06', 'epoch': '1.678'}
{'loss': '0.216', 'grad_norm': '1.375', 'learning_rate': '1.929e-06', 'epoch': '1.682'}
{'loss': '0.1855', 'grad_norm': '3.966', 'learning_rate': '1.911e-06', 'epoch': '1.686'}
{'loss': '0.1823', 'grad_norm': '2.537', 'learning_rate': '1.892e-06', 'epoch': '1.689'}
{'loss': '0.2202', 'grad_norm': '9.368', 'learning_rate': '1.874e-06', 'epoch': '1.693'}
{'loss': '0.1661', 'grad_norm': '3.352', 'learning_rate': '1.855e-06', 'epoch': '1.697'}
{'eval_loss': '0.1952', 'eval_wer': '0.2176', 'eval_runtime': '24.26', 'eval_samples_per_second': '58.83', 'eval_steps_per_second': '7.379', 'epoch': '1.697'}
{'loss': '0.1687', 'grad_norm': '2.066', 'learning_rate': '1.837e-06', 'epoch': '1.7'}
{'loss': '0.174', 'grad_norm': '3.431', 'learning_rate': '1.818e-06', 'epoch': '1.704'}
{'loss': '0.2009', 'grad_norm': '5.222', 'learning_rate': '1.8e-06', 'epoch': '1.708'}
{'loss': '0.203', 'grad_norm': '4.379', 'learning_rate': '1.781e-06', 'epoch': '1.711'}
{'loss': '0.1985', 'grad_norm': '3.619', 'learning_rate': '1.763e-06', 'epoch': '1.715'}
{'loss': '0.1995', 'grad_norm': '3.186', 'learning_rate': '1.744e-06', 'epoch': '1.719'}
{'loss': '0.2037', 'grad_norm': '4.637', 'learning_rate': '1.726e-06', 'epoch': '1.722'}
{'loss': '0.1683', 'grad_norm': '1.82', 'learning_rate': '1.707e-06', 'epoch': '1.726'}
{'loss': '0.1784', 'grad_norm': '3.572', 'learning_rate': '1.689e-06', 'epoch': '1.73'}
{'loss': '0.1858', 'grad_norm': '3.028', 'learning_rate': '1.67e-06', 'epoch': '1.734'}
{'eval_loss': '0.1896', 'eval_wer': '0.219', 'eval_runtime': '24.34', 'eval_samples_per_second': '58.63', 'eval_steps_per_second': '7.354', 'epoch': '1.734'}
{'loss': '0.1776', 'grad_norm': '4.123', 'learning_rate': '1.651e-06', 'epoch': '1.737'}
{'loss': '0.2325', 'grad_norm': '4.328', 'learning_rate': '1.633e-06', 'epoch': '1.741'}
{'loss': '0.1997', 'grad_norm': '2.505', 'learning_rate': '1.614e-06', 'epoch': '1.745'}
{'loss': '0.1832', 'grad_norm': '2.201', 'learning_rate': '1.596e-06', 'epoch': '1.748'}
{'loss': '0.2162', 'grad_norm': '4.056', 'learning_rate': '1.577e-06', 'epoch': '1.752'}
{'loss': '0.1883', 'grad_norm': '5.676', 'learning_rate': '1.559e-06', 'epoch': '1.756'}
{'loss': '0.2291', 'grad_norm': '5.053', 'learning_rate': '1.54e-06', 'epoch': '1.759'}
{'loss': '0.1829', 'grad_norm': '2.67', 'learning_rate': '1.522e-06', 'epoch': '1.763'}
{'loss': '0.1836', 'grad_norm': '2.068', 'learning_rate': '1.503e-06', 'epoch': '1.767'}
{'loss': '0.1998', 'grad_norm': '1.892', 'learning_rate': '1.485e-06', 'epoch': '1.77'}
{'eval_loss': '0.1969', 'eval_wer': '0.2209', 'eval_runtime': '24.82', 'eval_samples_per_second': '57.5', 'eval_steps_per_second': '7.212', 'epoch': '1.77'}
{'loss': '0.194', 'grad_norm': '5.774', 'learning_rate': '1.466e-06', 'epoch': '1.774'}
{'loss': '0.1745', 'grad_norm': '2.865', 'learning_rate': '1.448e-06', 'epoch': '1.778'}
{'loss': '0.2102', 'grad_norm': '4.306', 'learning_rate': '1.429e-06', 'epoch': '1.781'}
{'loss': '0.1793', 'grad_norm': '2.916', 'learning_rate': '1.411e-06', 'epoch': '1.785'}
{'loss': '0.18', 'grad_norm': '2.83', 'learning_rate': '1.392e-06', 'epoch': '1.789'}
{'loss': '0.1841', 'grad_norm': '1.343', 'learning_rate': '1.374e-06', 'epoch': '1.793'}
{'loss': '0.1827', 'grad_norm': '3.359', 'learning_rate': '1.356e-06', 'epoch': '1.796'}
{'loss': '0.1855', 'grad_norm': '6.15', 'learning_rate': '1.337e-06', 'epoch': '1.8'}
{'loss': '0.1957', 'grad_norm': '7.801', 'learning_rate': '1.319e-06', 'epoch': '1.804'}
{'loss': '0.1677', 'grad_norm': '1.305', 'learning_rate': '1.3e-06', 'epoch': '1.807'}
{'eval_loss': '0.1931', 'eval_wer': '0.2207', 'eval_runtime': '24.3', 'eval_samples_per_second': '58.73', 'eval_steps_per_second': '7.366', 'epoch': '1.807'}
{'loss': '0.1837', 'grad_norm': '5.554', 'learning_rate': '1.281e-06', 'epoch': '1.811'}
{'loss': '0.1626', 'grad_norm': '2.949', 'learning_rate': '1.263e-06', 'epoch': '1.815'}
{'loss': '0.1641', 'grad_norm': '3.203', 'learning_rate': '1.244e-06', 'epoch': '1.818'}
{'loss': '0.196', 'grad_norm': '8.155', 'learning_rate': '1.226e-06', 'epoch': '1.822'}
{'loss': '0.2007', 'grad_norm': '6.336', 'learning_rate': '1.207e-06', 'epoch': '1.826'}
{'loss': '0.1796', 'grad_norm': '3.058', 'learning_rate': '1.189e-06', 'epoch': '1.829'}
{'loss': '0.1689', 'grad_norm': '3.668', 'learning_rate': '1.17e-06', 'epoch': '1.833'}
{'loss': '0.1757', 'grad_norm': '6.157', 'learning_rate': '1.152e-06', 'epoch': '1.837'}
{'loss': '0.1683', 'grad_norm': '1.292', 'learning_rate': '1.133e-06', 'epoch': '1.841'}
{'loss': '0.1981', 'grad_norm': '5.778', 'learning_rate': '1.115e-06', 'epoch': '1.844'}
{'eval_loss': '0.1873', 'eval_wer': '0.2167', 'eval_runtime': '24.96', 'eval_samples_per_second': '57.17', 'eval_steps_per_second': '7.171', 'epoch': '1.844'}
{'loss': '0.1896', 'grad_norm': '3.133', 'learning_rate': '1.096e-06', 'epoch': '1.848'}
{'loss': '0.1963', 'grad_norm': '4.476', 'learning_rate': '1.078e-06', 'epoch': '1.852'}
{'loss': '0.187', 'grad_norm': '3.206', 'learning_rate': '1.059e-06', 'epoch': '1.855'}
{'loss': '0.1945', 'grad_norm': '4.62', 'learning_rate': '1.041e-06', 'epoch': '1.859'}
{'loss': '0.2023', 'grad_norm': '2.123', 'learning_rate': '1.022e-06', 'epoch': '1.863'}
{'loss': '0.1831', 'grad_norm': '4.897', 'learning_rate': '1.004e-06', 'epoch': '1.866'}
{'loss': '0.1889', 'grad_norm': '6.285', 'learning_rate': '9.852e-07', 'epoch': '1.87'}
{'loss': '0.2028', 'grad_norm': '3.749', 'learning_rate': '9.667e-07', 'epoch': '1.874'}
{'loss': '0.1999', 'grad_norm': '6.77', 'learning_rate': '9.481e-07', 'epoch': '1.877'}
{'loss': '0.1954', 'grad_norm': '2.482', 'learning_rate': '9.296e-07', 'epoch': '1.881'}
{'eval_loss': '0.182', 'eval_wer': '0.2193', 'eval_runtime': '24.41', 'eval_samples_per_second': '58.46', 'eval_steps_per_second': '7.333', 'epoch': '1.881'}
{'loss': '0.187', 'grad_norm': '4.771', 'learning_rate': '9.111e-07', 'epoch': '1.885'}
{'loss': '0.177', 'grad_norm': '3.541', 'learning_rate': '8.926e-07', 'epoch': '1.888'}
{'loss': '0.1854', 'grad_norm': '3.502', 'learning_rate': '8.741e-07', 'epoch': '1.892'}
{'loss': '0.1697', 'grad_norm': '7.153', 'learning_rate': '8.556e-07', 'epoch': '1.896'}
{'loss': '0.1798', 'grad_norm': '4.178', 'learning_rate': '8.37e-07', 'epoch': '1.9'}
{'loss': '0.1722', 'grad_norm': '4.855', 'learning_rate': '8.185e-07', 'epoch': '1.903'}
{'loss': '0.2289', 'grad_norm': '4.925', 'learning_rate': '8e-07', 'epoch': '1.907'}
{'loss': '0.2703', 'grad_norm': '2.395', 'learning_rate': '7.815e-07', 'epoch': '1.911'}
{'loss': '0.1771', 'grad_norm': '6.054', 'learning_rate': '7.63e-07', 'epoch': '1.914'}
{'loss': '0.1874', 'grad_norm': '5.296', 'learning_rate': '7.444e-07', 'epoch': '1.918'}
{'eval_loss': '0.1857', 'eval_wer': '0.2178', 'eval_runtime': '24.29', 'eval_samples_per_second': '58.74', 'eval_steps_per_second': '7.369', 'epoch': '1.918'}
{'loss': '0.188', 'grad_norm': '7.819', 'learning_rate': '7.259e-07', 'epoch': '1.922'}
{'loss': '0.1912', 'grad_norm': '6.168', 'learning_rate': '7.074e-07', 'epoch': '1.925'}
{'loss': '0.165', 'grad_norm': '6.097', 'learning_rate': '6.889e-07', 'epoch': '1.929'}
{'loss': '0.1882', 'grad_norm': '4.446', 'learning_rate': '6.704e-07', 'epoch': '1.933'}
{'loss': '0.1994', 'grad_norm': '4.205', 'learning_rate': '6.519e-07', 'epoch': '1.936'}
{'loss': '0.1819', 'grad_norm': '3.166', 'learning_rate': '6.333e-07', 'epoch': '1.94'}
{'loss': '0.1871', 'grad_norm': '3.378', 'learning_rate': '6.148e-07', 'epoch': '1.944'}
{'loss': '0.2205', 'grad_norm': '2.838', 'learning_rate': '5.963e-07', 'epoch': '1.947'}
{'loss': '0.1798', 'grad_norm': '4.029', 'learning_rate': '5.778e-07', 'epoch': '1.951'}
{'loss': '0.1763', 'grad_norm': '4.763', 'learning_rate': '5.593e-07', 'epoch': '1.955'}
{'eval_loss': '0.1873', 'eval_wer': '0.2186', 'eval_runtime': '24.25', 'eval_samples_per_second': '58.86', 'eval_steps_per_second': '7.383', 'epoch': '1.955'}
{'loss': '0.1779', 'grad_norm': '1.868', 'learning_rate': '5.407e-07', 'epoch': '1.959'}
{'loss': '0.1935', 'grad_norm': '3.652', 'learning_rate': '5.222e-07', 'epoch': '1.962'}
{'loss': '0.184', 'grad_norm': '4.28', 'learning_rate': '5.037e-07', 'epoch': '1.966'}
{'loss': '0.169', 'grad_norm': '4.666', 'learning_rate': '4.852e-07', 'epoch': '1.97'}
{'loss': '0.1949', 'grad_norm': '3.267', 'learning_rate': '4.667e-07', 'epoch': '1.973'}
{'loss': '0.1627', 'grad_norm': '4.366', 'learning_rate': '4.481e-07', 'epoch': '1.977'}
{'loss': '0.2081', 'grad_norm': '1.939', 'learning_rate': '4.296e-07', 'epoch': '1.981'}
{'loss': '0.177', 'grad_norm': '6.085', 'learning_rate': '4.111e-07', 'epoch': '1.984'}
{'loss': '0.2001', 'grad_norm': '4.533', 'learning_rate': '3.926e-07', 'epoch': '1.988'}
{'loss': '0.1629', 'grad_norm': '3.684', 'learning_rate': '3.741e-07', 'epoch': '1.992'}
{'eval_loss': '0.1982', 'eval_wer': '0.2212', 'eval_runtime': '24.11', 'eval_samples_per_second': '59.18', 'eval_steps_per_second': '7.423', 'epoch': '1.992'}
{'loss': '0.196', 'grad_norm': '2.263', 'learning_rate': '3.556e-07', 'epoch': '1.995'}
{'loss': '0.1721', 'grad_norm': '3.376', 'learning_rate': '3.37e-07', 'epoch': '1.999'}
{'loss': '0.1696', 'grad_norm': '10.03', 'learning_rate': '3.185e-07', 'epoch': '2.003'}
{'loss': '0.2014', 'grad_norm': '2.145', 'learning_rate': '3e-07', 'epoch': '2.006'}
{'loss': '0.1874', 'grad_norm': '5.861', 'learning_rate': '2.815e-07', 'epoch': '2.01'}
{'loss': '0.1839', 'grad_norm': '15.17', 'learning_rate': '2.63e-07', 'epoch': '2.014'}
{'loss': '0.1981', 'grad_norm': '2.968', 'learning_rate': '2.444e-07', 'epoch': '2.018'}
{'loss': '0.1979', 'grad_norm': '2.994', 'learning_rate': '2.259e-07', 'epoch': '2.021'}
{'loss': '0.213', 'grad_norm': '2.764', 'learning_rate': '2.074e-07', 'epoch': '2.025'}
{'loss': '0.1892', 'grad_norm': '2.591', 'learning_rate': '1.889e-07', 'epoch': '2.029'}
{'eval_loss': '0.1834', 'eval_wer': '0.217', 'eval_runtime': '24.26', 'eval_samples_per_second': '58.81', 'eval_steps_per_second': '7.377', 'epoch': '2.029'}
{'loss': '0.1815', 'grad_norm': '4.181', 'learning_rate': '1.704e-07', 'epoch': '2.032'}
{'loss': '0.1729', 'grad_norm': '4.551', 'learning_rate': '1.519e-07', 'epoch': '2.036'}
{'loss': '0.1916', 'grad_norm': '3.054', 'learning_rate': '1.333e-07', 'epoch': '2.04'}
{'loss': '0.1969', 'grad_norm': '4.09', 'learning_rate': '1.152e-07', 'epoch': '2.043'}
{'loss': '0.2105', 'grad_norm': '2.552', 'learning_rate': '9.667e-08', 'epoch': '2.047'}
{'loss': '0.1779', 'grad_norm': '1.761', 'learning_rate': '7.815e-08', 'epoch': '2.051'}
{'loss': '0.1775', 'grad_norm': '3.422', 'learning_rate': '5.963e-08', 'epoch': '2.054'}
{'loss': '0.1843', 'grad_norm': '2.421', 'learning_rate': '4.111e-08', 'epoch': '2.058'}
{'loss': '0.1776', 'grad_norm': '2.937', 'learning_rate': '2.259e-08', 'epoch': '2.062'}
{'loss': '0.1766', 'grad_norm': '6.126', 'learning_rate': '4.074e-09', 'epoch': '2.066'}
{'eval_loss': '0.1871', 'eval_wer': '0.2181', 'eval_runtime': '24.14', 'eval_samples_per_second': '59.12', 'eval_steps_per_second': '7.416', 'epoch': '2.066'}
{'train_runtime': '5304', 'train_samples_per_second': '10.56', 'train_steps_per_second': '5.279', 'train_loss': '0.5874', 'epoch': '2.066'}
Job finished at: Fri Apr 17 01:02:44 AM EDT 2026
