Starting training at: Fri Apr 17 12:21:15 AM EDT 2026
Train: 27112, Valid: 1427
--- Starting Trainer ---
{'loss': '9.273', 'grad_norm': '10.98', 'learning_rate': '4.8e-07', 'epoch': '0.003688'}
{'loss': '9.041', 'grad_norm': '12.76', 'learning_rate': '9.7e-07', 'epoch': '0.007377'}
{'loss': '8.257', 'grad_norm': '17.99', 'learning_rate': '1.47e-06', 'epoch': '0.01107'}
{'loss': '7', 'grad_norm': '34.83', 'learning_rate': '1.96e-06', 'epoch': '0.01475'}
{'loss': '5.29', 'grad_norm': '60.19', 'learning_rate': '2.46e-06', 'epoch': '0.01844'}
{'loss': '3.976', 'grad_norm': '11.07', 'learning_rate': '2.96e-06', 'epoch': '0.02213'}
{'loss': '3.356', 'grad_norm': '4.288', 'learning_rate': '3.46e-06', 'epoch': '0.02582'}
{'loss': '3.141', 'grad_norm': '1.899', 'learning_rate': '3.96e-06', 'epoch': '0.02951'}
{'loss': '3.073', 'grad_norm': '15.25', 'learning_rate': '4.46e-06', 'epoch': '0.0332'}
{'loss': '2.994', 'grad_norm': '1.634', 'learning_rate': '4.96e-06', 'epoch': '0.03688'}
{'eval_loss': '3.258', 'eval_wer': '1', 'eval_runtime': '23.68', 'eval_samples_per_second': '60.27', 'eval_steps_per_second': '7.56', 'epoch': '0.03688'}
{'loss': '2.975', 'grad_norm': '0.9588', 'learning_rate': '5.46e-06', 'epoch': '0.04057'}
{'loss': '2.968', 'grad_norm': '1.404', 'learning_rate': '5.96e-06', 'epoch': '0.04426'}
{'loss': '2.941', 'grad_norm': '6.281', 'learning_rate': '6.46e-06', 'epoch': '0.04795'}
{'loss': '2.956', 'grad_norm': '25.35', 'learning_rate': '6.96e-06', 'epoch': '0.05164'}
{'loss': '2.934', 'grad_norm': '9.41', 'learning_rate': '7.46e-06', 'epoch': '0.05533'}
{'loss': '2.912', 'grad_norm': '2.586', 'learning_rate': '7.96e-06', 'epoch': '0.05901'}
{'loss': '2.907', 'grad_norm': '8.199', 'learning_rate': '8.46e-06', 'epoch': '0.0627'}
{'loss': '2.893', 'grad_norm': '7.64', 'learning_rate': '8.96e-06', 'epoch': '0.06639'}
{'loss': '2.914', 'grad_norm': '3.949', 'learning_rate': '9.46e-06', 'epoch': '0.07008'}
{'loss': '2.886', 'grad_norm': '1.498', 'learning_rate': '9.96e-06', 'epoch': '0.07377'}
{'eval_loss': '2.994', 'eval_wer': '1', 'eval_runtime': '23.51', 'eval_samples_per_second': '60.71', 'eval_steps_per_second': '7.615', 'epoch': '0.07377'}
{'loss': '2.872', 'grad_norm': '1.362', 'learning_rate': '9.983e-06', 'epoch': '0.07746'}
{'loss': '2.882', 'grad_norm': '1.066', 'learning_rate': '9.964e-06', 'epoch': '0.08114'}
{'loss': '2.871', 'grad_norm': '1.607', 'learning_rate': '9.946e-06', 'epoch': '0.08483'}
{'loss': '2.882', 'grad_norm': '1.253', 'learning_rate': '9.927e-06', 'epoch': '0.08852'}
{'loss': '2.878', 'grad_norm': '6.425', 'learning_rate': '9.909e-06', 'epoch': '0.09221'}
{'loss': '2.865', 'grad_norm': '1.898', 'learning_rate': '9.89e-06', 'epoch': '0.0959'}
{'loss': '2.875', 'grad_norm': '1.126', 'learning_rate': '9.872e-06', 'epoch': '0.09959'}
{'loss': '2.869', 'grad_norm': '4.233', 'learning_rate': '9.853e-06', 'epoch': '0.1033'}
{'loss': '2.867', 'grad_norm': '2.52', 'learning_rate': '9.835e-06', 'epoch': '0.107'}
{'loss': '2.857', 'grad_norm': '1.341', 'learning_rate': '9.816e-06', 'epoch': '0.1107'}
{'eval_loss': '2.954', 'eval_wer': '1', 'eval_runtime': '23.5', 'eval_samples_per_second': '60.72', 'eval_steps_per_second': '7.616', 'epoch': '0.1107'}
{'loss': '2.863', 'grad_norm': '1.344', 'learning_rate': '9.798e-06', 'epoch': '0.1143'}
{'loss': '2.865', 'grad_norm': '1.425', 'learning_rate': '9.779e-06', 'epoch': '0.118'}
{'loss': '2.857', 'grad_norm': '1.89', 'learning_rate': '9.761e-06', 'epoch': '0.1217'}
{'loss': '2.861', 'grad_norm': '1.752', 'learning_rate': '9.742e-06', 'epoch': '0.1254'}
{'loss': '2.862', 'grad_norm': '1.601', 'learning_rate': '9.724e-06', 'epoch': '0.1291'}
{'loss': '2.851', 'grad_norm': '1.107', 'learning_rate': '9.705e-06', 'epoch': '0.1328'}
{'loss': '2.855', 'grad_norm': '1.545', 'learning_rate': '9.687e-06', 'epoch': '0.1365'}
{'loss': '2.862', 'grad_norm': '2.331', 'learning_rate': '9.668e-06', 'epoch': '0.1402'}
{'loss': '2.833', 'grad_norm': '1.564', 'learning_rate': '9.65e-06', 'epoch': '0.1438'}
{'loss': '2.803', 'grad_norm': '1.914', 'learning_rate': '9.631e-06', 'epoch': '0.1475'}
{'eval_loss': '2.886', 'eval_wer': '1', 'eval_runtime': '23.38', 'eval_samples_per_second': '61.04', 'eval_steps_per_second': '7.657', 'epoch': '0.1475'}
{'loss': '2.741', 'grad_norm': '4.032', 'learning_rate': '9.613e-06', 'epoch': '0.1512'}
{'loss': '2.629', 'grad_norm': '3.657', 'learning_rate': '9.594e-06', 'epoch': '0.1549'}
{'loss': '2.464', 'grad_norm': '3.155', 'learning_rate': '9.576e-06', 'epoch': '0.1586'}
{'loss': '2.242', 'grad_norm': '2.974', 'learning_rate': '9.557e-06', 'epoch': '0.1623'}
{'loss': '2.026', 'grad_norm': '8.022', 'learning_rate': '9.539e-06', 'epoch': '0.166'}
{'loss': '1.82', 'grad_norm': '4.924', 'learning_rate': '9.52e-06', 'epoch': '0.1697'}
{'loss': '1.643', 'grad_norm': '5.318', 'learning_rate': '9.501e-06', 'epoch': '0.1734'}
{'loss': '1.519', 'grad_norm': '12.81', 'learning_rate': '9.483e-06', 'epoch': '0.177'}
{'loss': '1.413', 'grad_norm': '8.878', 'learning_rate': '9.464e-06', 'epoch': '0.1807'}
{'loss': '1.313', 'grad_norm': '4.553', 'learning_rate': '9.446e-06', 'epoch': '0.1844'}
{'eval_loss': '1.215', 'eval_wer': '0.7082', 'eval_runtime': '24.41', 'eval_samples_per_second': '58.45', 'eval_steps_per_second': '7.332', 'epoch': '0.1844'}
{'loss': '1.224', 'grad_norm': '7.049', 'learning_rate': '9.427e-06', 'epoch': '0.1881'}
{'loss': '1.146', 'grad_norm': '10.35', 'learning_rate': '9.409e-06', 'epoch': '0.1918'}
{'loss': '1.066', 'grad_norm': '6.677', 'learning_rate': '9.39e-06', 'epoch': '0.1955'}
{'loss': '1.002', 'grad_norm': '4.629', 'learning_rate': '9.372e-06', 'epoch': '0.1992'}
{'loss': '0.9648', 'grad_norm': '10.27', 'learning_rate': '9.353e-06', 'epoch': '0.2029'}
{'loss': '0.903', 'grad_norm': '7.579', 'learning_rate': '9.335e-06', 'epoch': '0.2066'}
{'loss': '0.8913', 'grad_norm': '6.938', 'learning_rate': '9.316e-06', 'epoch': '0.2102'}
{'loss': '0.8575', 'grad_norm': '9.741', 'learning_rate': '9.298e-06', 'epoch': '0.2139'}
{'loss': '0.8323', 'grad_norm': '6.963', 'learning_rate': '9.279e-06', 'epoch': '0.2176'}
{'loss': '0.7833', 'grad_norm': '5.598', 'learning_rate': '9.261e-06', 'epoch': '0.2213'}
{'eval_loss': '0.7273', 'eval_wer': '0.4837', 'eval_runtime': '23.53', 'eval_samples_per_second': '60.65', 'eval_steps_per_second': '7.608', 'epoch': '0.2213'}
{'loss': '0.7561', 'grad_norm': '5.128', 'learning_rate': '9.242e-06', 'epoch': '0.225'}
{'loss': '0.7441', 'grad_norm': '20.01', 'learning_rate': '9.224e-06', 'epoch': '0.2287'}
{'loss': '0.7276', 'grad_norm': '3.553', 'learning_rate': '9.205e-06', 'epoch': '0.2324'}
{'loss': '0.6959', 'grad_norm': '4.69', 'learning_rate': '9.187e-06', 'epoch': '0.2361'}
{'loss': '0.6928', 'grad_norm': '5.209', 'learning_rate': '9.168e-06', 'epoch': '0.2397'}
{'loss': '0.6563', 'grad_norm': '5.195', 'learning_rate': '9.15e-06', 'epoch': '0.2434'}
{'loss': '0.6622', 'grad_norm': '9.705', 'learning_rate': '9.131e-06', 'epoch': '0.2471'}
{'loss': '0.6588', 'grad_norm': '8.628', 'learning_rate': '9.113e-06', 'epoch': '0.2508'}
{'loss': '0.649', 'grad_norm': '6.391', 'learning_rate': '9.094e-06', 'epoch': '0.2545'}
{'loss': '0.601', 'grad_norm': '2.729', 'learning_rate': '9.076e-06', 'epoch': '0.2582'}
{'eval_loss': '0.5731', 'eval_wer': '0.3984', 'eval_runtime': '23.7', 'eval_samples_per_second': '60.22', 'eval_steps_per_second': '7.554', 'epoch': '0.2582'}
{'loss': '0.6194', 'grad_norm': '7.569', 'learning_rate': '9.057e-06', 'epoch': '0.2619'}
{'loss': '0.6234', 'grad_norm': '20.23', 'learning_rate': '9.039e-06', 'epoch': '0.2656'}
{'loss': '0.578', 'grad_norm': '6.801', 'learning_rate': '9.02e-06', 'epoch': '0.2693'}
{'loss': '0.5809', 'grad_norm': '5.396', 'learning_rate': '9.001e-06', 'epoch': '0.2729'}
{'loss': '0.5798', 'grad_norm': '13.89', 'learning_rate': '8.983e-06', 'epoch': '0.2766'}
{'loss': '0.5887', 'grad_norm': '9.141', 'learning_rate': '8.964e-06', 'epoch': '0.2803'}
{'loss': '0.5506', 'grad_norm': '6.133', 'learning_rate': '8.946e-06', 'epoch': '0.284'}
{'loss': '0.5471', 'grad_norm': '6.508', 'learning_rate': '8.927e-06', 'epoch': '0.2877'}
{'loss': '0.5242', 'grad_norm': '4.901', 'learning_rate': '8.909e-06', 'epoch': '0.2914'}
{'loss': '0.5157', 'grad_norm': '14', 'learning_rate': '8.89e-06', 'epoch': '0.2951'}
{'eval_loss': '0.486', 'eval_wer': '0.3377', 'eval_runtime': '23.57', 'eval_samples_per_second': '60.54', 'eval_steps_per_second': '7.594', 'epoch': '0.2951'}
{'loss': '0.5211', 'grad_norm': '17.44', 'learning_rate': '8.872e-06', 'epoch': '0.2988'}
{'loss': '0.5443', 'grad_norm': '3.255', 'learning_rate': '8.853e-06', 'epoch': '0.3024'}
{'loss': '0.5148', 'grad_norm': '6.705', 'learning_rate': '8.835e-06', 'epoch': '0.3061'}
{'loss': '0.4931', 'grad_norm': '10.63', 'learning_rate': '8.816e-06', 'epoch': '0.3098'}
{'loss': '0.531', 'grad_norm': '17.49', 'learning_rate': '8.798e-06', 'epoch': '0.3135'}
{'loss': '0.5013', 'grad_norm': '8.904', 'learning_rate': '8.78e-06', 'epoch': '0.3172'}
{'loss': '0.4802', 'grad_norm': '6.51', 'learning_rate': '8.761e-06', 'epoch': '0.3209'}
{'loss': '0.4757', 'grad_norm': '8.199', 'learning_rate': '8.743e-06', 'epoch': '0.3246'}
{'loss': '0.4838', 'grad_norm': '9.061', 'learning_rate': '8.724e-06', 'epoch': '0.3283'}
{'loss': '0.4858', 'grad_norm': '8.086', 'learning_rate': '8.706e-06', 'epoch': '0.332'}
{'eval_loss': '0.4179', 'eval_wer': '0.3105', 'eval_runtime': '23.4', 'eval_samples_per_second': '60.98', 'eval_steps_per_second': '7.65', 'epoch': '0.332'}
{'loss': '0.451', 'grad_norm': '15.19', 'learning_rate': '8.687e-06', 'epoch': '0.3356'}
{'loss': '0.4507', 'grad_norm': '16.46', 'learning_rate': '8.669e-06', 'epoch': '0.3393'}
{'loss': '0.4774', 'grad_norm': '7.271', 'learning_rate': '8.65e-06', 'epoch': '0.343'}
{'loss': '0.4402', 'grad_norm': '7.111', 'learning_rate': '8.631e-06', 'epoch': '0.3467'}
{'loss': '0.4384', 'grad_norm': '30.32', 'learning_rate': '8.613e-06', 'epoch': '0.3504'}
{'loss': '0.4355', 'grad_norm': '6.53', 'learning_rate': '8.594e-06', 'epoch': '0.3541'}
{'loss': '0.4273', 'grad_norm': '7.859', 'learning_rate': '8.576e-06', 'epoch': '0.3578'}
{'loss': '0.439', 'grad_norm': '16.53', 'learning_rate': '8.557e-06', 'epoch': '0.3615'}
{'loss': '0.4492', 'grad_norm': '6.787', 'learning_rate': '8.539e-06', 'epoch': '0.3652'}
{'loss': '0.4373', 'grad_norm': '15.51', 'learning_rate': '8.52e-06', 'epoch': '0.3688'}
{'eval_loss': '0.3833', 'eval_wer': '0.2998', 'eval_runtime': '23.41', 'eval_samples_per_second': '60.95', 'eval_steps_per_second': '7.646', 'epoch': '0.3688'}
{'loss': '0.4289', 'grad_norm': '21.09', 'learning_rate': '8.502e-06', 'epoch': '0.3725'}
{'loss': '0.404', 'grad_norm': '6.879', 'learning_rate': '8.483e-06', 'epoch': '0.3762'}
{'loss': '0.4059', 'grad_norm': '7.025', 'learning_rate': '8.465e-06', 'epoch': '0.3799'}
{'loss': '0.3828', 'grad_norm': '14.32', 'learning_rate': '8.446e-06', 'epoch': '0.3836'}
{'loss': '0.4019', 'grad_norm': '8.437', 'learning_rate': '8.428e-06', 'epoch': '0.3873'}
{'loss': '0.3832', 'grad_norm': '8.644', 'learning_rate': '8.409e-06', 'epoch': '0.391'}
{'loss': '0.4004', 'grad_norm': '5.458', 'learning_rate': '8.391e-06', 'epoch': '0.3947'}
{'loss': '0.3763', 'grad_norm': '5.36', 'learning_rate': '8.372e-06', 'epoch': '0.3983'}
{'loss': '0.3685', 'grad_norm': '5', 'learning_rate': '8.354e-06', 'epoch': '0.402'}
{'loss': '0.3871', 'grad_norm': '7.873', 'learning_rate': '8.335e-06', 'epoch': '0.4057'}
{'eval_loss': '0.343', 'eval_wer': '0.2831', 'eval_runtime': '23.3', 'eval_samples_per_second': '61.23', 'eval_steps_per_second': '7.681', 'epoch': '0.4057'}
{'loss': '0.3826', 'grad_norm': '9.881', 'learning_rate': '8.317e-06', 'epoch': '0.4094'}
{'loss': '0.3711', 'grad_norm': '17.49', 'learning_rate': '8.298e-06', 'epoch': '0.4131'}
{'loss': '0.3573', 'grad_norm': '8.117', 'learning_rate': '8.28e-06', 'epoch': '0.4168'}
{'loss': '0.3466', 'grad_norm': '13.18', 'learning_rate': '8.261e-06', 'epoch': '0.4205'}
{'loss': '0.3649', 'grad_norm': '6.396', 'learning_rate': '8.243e-06', 'epoch': '0.4242'}
{'loss': '0.3823', 'grad_norm': '28.82', 'learning_rate': '8.224e-06', 'epoch': '0.4279'}
{'loss': '0.366', 'grad_norm': '11.72', 'learning_rate': '8.206e-06', 'epoch': '0.4315'}
{'loss': '0.3683', 'grad_norm': '6.261', 'learning_rate': '8.187e-06', 'epoch': '0.4352'}
{'loss': '0.3621', 'grad_norm': '16.13', 'learning_rate': '8.169e-06', 'epoch': '0.4389'}
{'loss': '0.344', 'grad_norm': '6.574', 'learning_rate': '8.15e-06', 'epoch': '0.4426'}
{'eval_loss': '0.3194', 'eval_wer': '0.2798', 'eval_runtime': '24.83', 'eval_samples_per_second': '57.48', 'eval_steps_per_second': '7.21', 'epoch': '0.4426'}
{'loss': '0.3465', 'grad_norm': '6.527', 'learning_rate': '8.131e-06', 'epoch': '0.4463'}
{'loss': '0.3481', 'grad_norm': '19.03', 'learning_rate': '8.113e-06', 'epoch': '0.45'}
{'loss': '0.3695', 'grad_norm': '39.15', 'learning_rate': '8.094e-06', 'epoch': '0.4537'}
{'loss': '0.355', 'grad_norm': '5.566', 'learning_rate': '8.076e-06', 'epoch': '0.4574'}
{'loss': '0.3438', 'grad_norm': '9.964', 'learning_rate': '8.057e-06', 'epoch': '0.4611'}
{'loss': '0.3211', 'grad_norm': '18.02', 'learning_rate': '8.039e-06', 'epoch': '0.4647'}
{'loss': '0.3206', 'grad_norm': '6.475', 'learning_rate': '8.02e-06', 'epoch': '0.4684'}
{'loss': '0.3479', 'grad_norm': '10.81', 'learning_rate': '8.002e-06', 'epoch': '0.4721'}
{'loss': '0.3388', 'grad_norm': 'inf', 'learning_rate': '7.983e-06', 'epoch': '0.4758'}
{'loss': '0.3644', 'grad_norm': '15.7', 'learning_rate': '7.965e-06', 'epoch': '0.4795'}
{'eval_loss': '0.2944', 'eval_wer': '0.269', 'eval_runtime': '23.43', 'eval_samples_per_second': '60.9', 'eval_steps_per_second': '7.639', 'epoch': '0.4795'}
{'loss': '0.3119', 'grad_norm': '10.12', 'learning_rate': '7.947e-06', 'epoch': '0.4832'}
{'loss': '0.3302', 'grad_norm': '5.798', 'learning_rate': '7.928e-06', 'epoch': '0.4869'}
{'loss': '0.3052', 'grad_norm': '6.689', 'learning_rate': '7.91e-06', 'epoch': '0.4906'}
{'loss': '0.3246', 'grad_norm': '7.283', 'learning_rate': '7.891e-06', 'epoch': '0.4942'}
{'loss': '0.3596', 'grad_norm': '6.375', 'learning_rate': '7.873e-06', 'epoch': '0.4979'}
{'loss': '0.2959', 'grad_norm': '6.718', 'learning_rate': '7.854e-06', 'epoch': '0.5016'}
{'loss': '0.3399', 'grad_norm': '21.36', 'learning_rate': '7.836e-06', 'epoch': '0.5053'}
{'loss': '0.3217', 'grad_norm': '7.539', 'learning_rate': '7.817e-06', 'epoch': '0.509'}
{'loss': '0.3055', 'grad_norm': '24.71', 'learning_rate': '7.799e-06', 'epoch': '0.5127'}
{'loss': '0.2898', 'grad_norm': '7.175', 'learning_rate': '7.78e-06', 'epoch': '0.5164'}
{'eval_loss': '0.28', 'eval_wer': '0.2621', 'eval_runtime': '23.72', 'eval_samples_per_second': '60.15', 'eval_steps_per_second': '7.546', 'epoch': '0.5164'}
{'loss': '0.2766', 'grad_norm': '7.678', 'learning_rate': '7.761e-06', 'epoch': '0.5201'}
{'loss': '0.3263', 'grad_norm': '3.418', 'learning_rate': '7.743e-06', 'epoch': '0.5238'}
{'loss': '0.3214', 'grad_norm': '8.419', 'learning_rate': '7.724e-06', 'epoch': '0.5274'}
{'loss': '0.3062', 'grad_norm': '4.466', 'learning_rate': '7.706e-06', 'epoch': '0.5311'}
{'loss': '0.3158', 'grad_norm': '7.79', 'learning_rate': '7.687e-06', 'epoch': '0.5348'}
{'loss': '0.2904', 'grad_norm': '12.07', 'learning_rate': '7.669e-06', 'epoch': '0.5385'}
{'loss': '0.3202', 'grad_norm': '5.892', 'learning_rate': '7.65e-06', 'epoch': '0.5422'}
{'loss': '0.3054', 'grad_norm': '5.528', 'learning_rate': '7.632e-06', 'epoch': '0.5459'}
{'loss': '0.3247', 'grad_norm': '27.75', 'learning_rate': '7.613e-06', 'epoch': '0.5496'}
{'loss': '0.2947', 'grad_norm': '10.89', 'learning_rate': '7.595e-06', 'epoch': '0.5533'}
{'eval_loss': '0.2695', 'eval_wer': '0.2548', 'eval_runtime': '23.91', 'eval_samples_per_second': '59.69', 'eval_steps_per_second': '7.488', 'epoch': '0.5533'}
{'loss': '0.3132', 'grad_norm': '18.12', 'learning_rate': '7.576e-06', 'epoch': '0.5569'}
{'loss': '0.2856', 'grad_norm': '12.94', 'learning_rate': '7.558e-06', 'epoch': '0.5606'}
{'loss': '0.3017', 'grad_norm': '18.09', 'learning_rate': '7.539e-06', 'epoch': '0.5643'}
{'loss': '0.3069', 'grad_norm': '6.159', 'learning_rate': '7.521e-06', 'epoch': '0.568'}
{'loss': '0.2848', 'grad_norm': '5.108', 'learning_rate': '7.502e-06', 'epoch': '0.5717'}
{'loss': '0.2985', 'grad_norm': '28.42', 'learning_rate': '7.484e-06', 'epoch': '0.5754'}
{'loss': '0.2989', 'grad_norm': '6.098', 'learning_rate': '7.465e-06', 'epoch': '0.5791'}
{'loss': '0.2565', 'grad_norm': '1.233', 'learning_rate': '7.447e-06', 'epoch': '0.5828'}
{'loss': '0.277', 'grad_norm': '22.24', 'learning_rate': '7.428e-06', 'epoch': '0.5865'}
{'loss': '0.31', 'grad_norm': '5.838', 'learning_rate': '7.41e-06', 'epoch': '0.5901'}
{'eval_loss': '0.2529', 'eval_wer': '0.2541', 'eval_runtime': '23.86', 'eval_samples_per_second': '59.8', 'eval_steps_per_second': '7.501', 'epoch': '0.5901'}
{'loss': '0.268', 'grad_norm': '4.498', 'learning_rate': '7.391e-06', 'epoch': '0.5938'}
{'loss': '0.2546', 'grad_norm': '4.52', 'learning_rate': '7.373e-06', 'epoch': '0.5975'}
{'loss': '0.3115', 'grad_norm': '13.66', 'learning_rate': '7.354e-06', 'epoch': '0.6012'}
{'loss': '0.2993', 'grad_norm': '15.81', 'learning_rate': '7.336e-06', 'epoch': '0.6049'}
{'loss': '0.2784', 'grad_norm': '16.85', 'learning_rate': '7.317e-06', 'epoch': '0.6086'}
{'loss': '0.2961', 'grad_norm': '9.617', 'learning_rate': '7.299e-06', 'epoch': '0.6123'}
{'loss': '0.2709', 'grad_norm': '11.56', 'learning_rate': '7.28e-06', 'epoch': '0.616'}
{'loss': '0.2581', 'grad_norm': '4.189', 'learning_rate': '7.261e-06', 'epoch': '0.6197'}
{'loss': '0.2664', 'grad_norm': '5.396', 'learning_rate': '7.243e-06', 'epoch': '0.6233'}
{'loss': '0.2713', 'grad_norm': '7.352', 'learning_rate': '7.224e-06', 'epoch': '0.627'}
{'eval_loss': '0.2418', 'eval_wer': '0.2448', 'eval_runtime': '23.93', 'eval_samples_per_second': '59.64', 'eval_steps_per_second': '7.481', 'epoch': '0.627'}
{'loss': '0.2427', 'grad_norm': '6.637', 'learning_rate': '7.206e-06', 'epoch': '0.6307'}
{'loss': '0.2529', 'grad_norm': '11.71', 'learning_rate': '7.187e-06', 'epoch': '0.6344'}
{'loss': '0.2616', 'grad_norm': '4.791', 'learning_rate': '7.169e-06', 'epoch': '0.6381'}
{'loss': '0.2512', 'grad_norm': '10.57', 'learning_rate': '7.15e-06', 'epoch': '0.6418'}
{'loss': '0.2595', 'grad_norm': '3.118', 'learning_rate': '7.132e-06', 'epoch': '0.6455'}
{'loss': '0.2683', 'grad_norm': '14.66', 'learning_rate': '7.113e-06', 'epoch': '0.6492'}
{'loss': '0.2521', 'grad_norm': '10.57', 'learning_rate': '7.095e-06', 'epoch': '0.6528'}
{'loss': '0.2624', 'grad_norm': '4.85', 'learning_rate': '7.076e-06', 'epoch': '0.6565'}
{'loss': '0.2425', 'grad_norm': '5.011', 'learning_rate': '7.058e-06', 'epoch': '0.6602'}
{'loss': '0.2628', 'grad_norm': '19.48', 'learning_rate': '7.039e-06', 'epoch': '0.6639'}
{'eval_loss': '0.2248', 'eval_wer': '0.2366', 'eval_runtime': '23.39', 'eval_samples_per_second': '61', 'eval_steps_per_second': '7.651', 'epoch': '0.6639'}
{'loss': '0.2472', 'grad_norm': '6.801', 'learning_rate': '7.021e-06', 'epoch': '0.6676'}
{'loss': '0.2487', 'grad_norm': '9.267', 'learning_rate': '7.002e-06', 'epoch': '0.6713'}
{'loss': '0.2573', 'grad_norm': '28.47', 'learning_rate': '6.984e-06', 'epoch': '0.675'}
{'loss': '0.2369', 'grad_norm': '7.538', 'learning_rate': '6.965e-06', 'epoch': '0.6787'}
{'loss': '0.2437', 'grad_norm': 'inf', 'learning_rate': '6.947e-06', 'epoch': '0.6824'}
{'loss': '0.2601', 'grad_norm': '10.7', 'learning_rate': '6.929e-06', 'epoch': '0.686'}
{'loss': '0.2722', 'grad_norm': '5.889', 'learning_rate': '6.91e-06', 'epoch': '0.6897'}
{'loss': '0.2537', 'grad_norm': '10.53', 'learning_rate': '6.891e-06', 'epoch': '0.6934'}
{'loss': '0.2703', 'grad_norm': '21.25', 'learning_rate': '6.873e-06', 'epoch': '0.6971'}
{'loss': '0.238', 'grad_norm': '11', 'learning_rate': '6.854e-06', 'epoch': '0.7008'}
{'eval_loss': '0.2164', 'eval_wer': '0.2291', 'eval_runtime': '23.41', 'eval_samples_per_second': '60.96', 'eval_steps_per_second': '7.647', 'epoch': '0.7008'}
{'loss': '0.2359', 'grad_norm': '8.037', 'learning_rate': '6.836e-06', 'epoch': '0.7045'}
{'loss': '0.2497', 'grad_norm': '8.532', 'learning_rate': '6.817e-06', 'epoch': '0.7082'}
{'loss': '0.2293', 'grad_norm': '11.43', 'learning_rate': '6.799e-06', 'epoch': '0.7119'}
{'loss': '0.2346', 'grad_norm': '6.406', 'learning_rate': '6.78e-06', 'epoch': '0.7156'}
{'loss': '0.2261', 'grad_norm': '11.82', 'learning_rate': '6.762e-06', 'epoch': '0.7192'}
{'loss': '0.2126', 'grad_norm': '2.117', 'learning_rate': '6.743e-06', 'epoch': '0.7229'}
{'loss': '0.2355', 'grad_norm': '17.11', 'learning_rate': '6.725e-06', 'epoch': '0.7266'}
{'loss': '0.2479', 'grad_norm': '28.16', 'learning_rate': '6.706e-06', 'epoch': '0.7303'}
{'loss': '0.2397', 'grad_norm': '22.6', 'learning_rate': '6.688e-06', 'epoch': '0.734'}
{'loss': '0.2627', 'grad_norm': '10.63', 'learning_rate': '6.669e-06', 'epoch': '0.7377'}
{'eval_loss': '0.2114', 'eval_wer': '0.2311', 'eval_runtime': '24.3', 'eval_samples_per_second': '58.73', 'eval_steps_per_second': '7.366', 'epoch': '0.7377'}
{'loss': '0.22', 'grad_norm': '3.878', 'learning_rate': '6.651e-06', 'epoch': '0.7414'}
{'loss': '0.2185', 'grad_norm': '6.217', 'learning_rate': '6.632e-06', 'epoch': '0.7451'}
{'loss': '0.2594', 'grad_norm': '17.3', 'learning_rate': '6.614e-06', 'epoch': '0.7487'}
{'loss': '0.2403', 'grad_norm': '6.709', 'learning_rate': '6.595e-06', 'epoch': '0.7524'}
{'loss': '0.2052', 'grad_norm': '8.124', 'learning_rate': '6.577e-06', 'epoch': '0.7561'}
{'loss': '0.2499', 'grad_norm': '17.36', 'learning_rate': '6.558e-06', 'epoch': '0.7598'}
{'loss': '0.2632', 'grad_norm': '4.95', 'learning_rate': '6.54e-06', 'epoch': '0.7635'}
{'loss': '0.2317', 'grad_norm': '6.568', 'learning_rate': '6.521e-06', 'epoch': '0.7672'}
{'loss': '0.2292', 'grad_norm': '7.521', 'learning_rate': '6.503e-06', 'epoch': '0.7709'}
{'loss': '0.2257', 'grad_norm': '7.745', 'learning_rate': '6.484e-06', 'epoch': '0.7746'}
{'eval_loss': '0.2031', 'eval_wer': '0.2228', 'eval_runtime': '24.11', 'eval_samples_per_second': '59.19', 'eval_steps_per_second': '7.424', 'epoch': '0.7746'}
{'loss': '0.2312', 'grad_norm': '9.566', 'learning_rate': '6.466e-06', 'epoch': '0.7783'}
{'loss': '0.2096', 'grad_norm': '6.537', 'learning_rate': '6.447e-06', 'epoch': '0.7819'}
{'loss': '0.2566', 'grad_norm': '14.62', 'learning_rate': '6.429e-06', 'epoch': '0.7856'}
{'loss': '0.2243', 'grad_norm': '14.15', 'learning_rate': '6.41e-06', 'epoch': '0.7893'}
{'loss': '0.2228', 'grad_norm': '5.562', 'learning_rate': '6.391e-06', 'epoch': '0.793'}
{'loss': '0.2206', 'grad_norm': '8.133', 'learning_rate': '6.373e-06', 'epoch': '0.7967'}
{'loss': '0.2117', 'grad_norm': '30.74', 'learning_rate': '6.354e-06', 'epoch': '0.8004'}
{'loss': '0.2126', 'grad_norm': '5.471', 'learning_rate': '6.336e-06', 'epoch': '0.8041'}
{'loss': '0.2361', 'grad_norm': '4.741', 'learning_rate': '6.317e-06', 'epoch': '0.8078'}
{'loss': '0.2058', 'grad_norm': '4.678', 'learning_rate': '6.299e-06', 'epoch': '0.8114'}
{'eval_loss': '0.2095', 'eval_wer': '0.2259', 'eval_runtime': '23.84', 'eval_samples_per_second': '59.85', 'eval_steps_per_second': '7.508', 'epoch': '0.8114'}
{'loss': '0.2398', 'grad_norm': '21.88', 'learning_rate': '6.28e-06', 'epoch': '0.8151'}
{'loss': '0.2371', 'grad_norm': '3.633', 'learning_rate': '6.262e-06', 'epoch': '0.8188'}
{'loss': '0.2317', 'grad_norm': '11.46', 'learning_rate': '6.243e-06', 'epoch': '0.8225'}
{'loss': '0.2173', 'grad_norm': '5.64', 'learning_rate': '6.225e-06', 'epoch': '0.8262'}
{'loss': '0.2028', 'grad_norm': '2.133', 'learning_rate': '6.206e-06', 'epoch': '0.8299'}
{'loss': '0.2397', 'grad_norm': '20.17', 'learning_rate': '6.188e-06', 'epoch': '0.8336'}
{'loss': '0.2147', 'grad_norm': '2.248', 'learning_rate': '6.169e-06', 'epoch': '0.8373'}
{'loss': '0.2235', 'grad_norm': '10.67', 'learning_rate': '6.151e-06', 'epoch': '0.841'}
{'loss': '0.2386', 'grad_norm': '11.42', 'learning_rate': '6.132e-06', 'epoch': '0.8446'}
{'loss': '0.212', 'grad_norm': '10.58', 'learning_rate': '6.114e-06', 'epoch': '0.8483'}
{'eval_loss': '0.2116', 'eval_wer': '0.2247', 'eval_runtime': '23.55', 'eval_samples_per_second': '60.58', 'eval_steps_per_second': '7.6', 'epoch': '0.8483'}
{'loss': '0.2067', 'grad_norm': '5.879', 'learning_rate': '6.095e-06', 'epoch': '0.852'}
{'loss': '0.208', 'grad_norm': '4.026', 'learning_rate': '6.077e-06', 'epoch': '0.8557'}
{'loss': '0.2221', 'grad_norm': '5.118', 'learning_rate': '6.058e-06', 'epoch': '0.8594'}
{'loss': '0.2157', 'grad_norm': '9.035', 'learning_rate': '6.04e-06', 'epoch': '0.8631'}
{'loss': '0.2209', 'grad_norm': '18.61', 'learning_rate': '6.021e-06', 'epoch': '0.8668'}
{'loss': '0.2012', 'grad_norm': '21.94', 'learning_rate': '6.003e-06', 'epoch': '0.8705'}
{'loss': '0.1892', 'grad_norm': '9.386', 'learning_rate': '5.984e-06', 'epoch': '0.8742'}
{'loss': '0.2247', 'grad_norm': '18.38', 'learning_rate': '5.966e-06', 'epoch': '0.8778'}
{'loss': '0.2048', 'grad_norm': '5.919', 'learning_rate': '5.947e-06', 'epoch': '0.8815'}
{'loss': '0.2286', 'grad_norm': '10.05', 'learning_rate': '5.929e-06', 'epoch': '0.8852'}
{'eval_loss': '0.2071', 'eval_wer': '0.2245', 'eval_runtime': '23.82', 'eval_samples_per_second': '59.9', 'eval_steps_per_second': '7.513', 'epoch': '0.8852'}
{'loss': '0.2278', 'grad_norm': '3.892', 'learning_rate': '5.91e-06', 'epoch': '0.8889'}
{'loss': '0.2215', 'grad_norm': '20.02', 'learning_rate': '5.891e-06', 'epoch': '0.8926'}
{'loss': '0.2178', 'grad_norm': '10.03', 'learning_rate': '5.873e-06', 'epoch': '0.8963'}
{'loss': '0.1991', 'grad_norm': '13.24', 'learning_rate': '5.854e-06', 'epoch': '0.9'}
{'loss': '0.1996', 'grad_norm': '3.281', 'learning_rate': '5.836e-06', 'epoch': '0.9037'}
{'loss': '0.2225', 'grad_norm': '10.1', 'learning_rate': '5.817e-06', 'epoch': '0.9073'}
{'loss': '0.2363', 'grad_norm': '8.779', 'learning_rate': '5.799e-06', 'epoch': '0.911'}
{'loss': '0.2255', 'grad_norm': 'inf', 'learning_rate': '5.78e-06', 'epoch': '0.9147'}
{'loss': '0.2426', 'grad_norm': '8.88', 'learning_rate': '5.762e-06', 'epoch': '0.9184'}
{'loss': '0.2266', 'grad_norm': '4.776', 'learning_rate': '5.744e-06', 'epoch': '0.9221'}
{'eval_loss': '0.2126', 'eval_wer': '0.227', 'eval_runtime': '23.62', 'eval_samples_per_second': '60.41', 'eval_steps_per_second': '7.577', 'epoch': '0.9221'}
{'loss': '0.2163', 'grad_norm': '7.207', 'learning_rate': '5.725e-06', 'epoch': '0.9258'}
{'loss': '0.2026', 'grad_norm': '9.736', 'learning_rate': '5.707e-06', 'epoch': '0.9295'}
{'loss': '0.2098', 'grad_norm': '8.915', 'learning_rate': '5.688e-06', 'epoch': '0.9332'}
{'loss': '0.2258', 'grad_norm': '8.598', 'learning_rate': '5.67e-06', 'epoch': '0.9369'}
{'loss': '0.189', 'grad_norm': '4.622', 'learning_rate': '5.651e-06', 'epoch': '0.9405'}
{'loss': '0.2271', 'grad_norm': '26.63', 'learning_rate': '5.633e-06', 'epoch': '0.9442'}
{'loss': '0.209', 'grad_norm': '5.034', 'learning_rate': '5.614e-06', 'epoch': '0.9479'}
{'loss': '0.2191', 'grad_norm': '6.342', 'learning_rate': '5.596e-06', 'epoch': '0.9516'}
{'loss': '0.2005', 'grad_norm': '5.907', 'learning_rate': '5.577e-06', 'epoch': '0.9553'}
{'loss': '0.205', 'grad_norm': '15.57', 'learning_rate': '5.559e-06', 'epoch': '0.959'}
{'eval_loss': '0.2031', 'eval_wer': '0.2234', 'eval_runtime': '23.4', 'eval_samples_per_second': '60.98', 'eval_steps_per_second': '7.649', 'epoch': '0.959'}
{'loss': '0.1762', 'grad_norm': '5.961', 'learning_rate': '5.54e-06', 'epoch': '0.9627'}
{'loss': '0.2156', 'grad_norm': '19.18', 'learning_rate': '5.522e-06', 'epoch': '0.9664'}
{'loss': '0.1841', 'grad_norm': '3.711', 'learning_rate': '5.503e-06', 'epoch': '0.9701'}
{'loss': '0.1993', 'grad_norm': '7.515', 'learning_rate': '5.485e-06', 'epoch': '0.9737'}
{'loss': '0.1899', 'grad_norm': '4.606', 'learning_rate': '5.466e-06', 'epoch': '0.9774'}
{'loss': '0.1881', 'grad_norm': '4.293', 'learning_rate': '5.448e-06', 'epoch': '0.9811'}
{'loss': '0.2062', 'grad_norm': '1.715', 'learning_rate': '5.429e-06', 'epoch': '0.9848'}
{'loss': '0.2291', 'grad_norm': '7.341', 'learning_rate': '5.411e-06', 'epoch': '0.9885'}
{'loss': '0.2162', 'grad_norm': '3.287', 'learning_rate': '5.392e-06', 'epoch': '0.9922'}
{'loss': '0.193', 'grad_norm': '3.436', 'learning_rate': '5.374e-06', 'epoch': '0.9959'}
{'eval_loss': '0.1796', 'eval_wer': '0.214', 'eval_runtime': '23.42', 'eval_samples_per_second': '60.94', 'eval_steps_per_second': '7.645', 'epoch': '0.9959'}
{'loss': '0.1904', 'grad_norm': '7.319', 'learning_rate': '5.355e-06', 'epoch': '0.9996'}
{'loss': '0.1853', 'grad_norm': '12.08', 'learning_rate': '5.337e-06', 'epoch': '1.003'}
{'loss': '0.162', 'grad_norm': '3.28', 'learning_rate': '5.318e-06', 'epoch': '1.007'}
{'loss': '0.1869', 'grad_norm': '2.575', 'learning_rate': '5.3e-06', 'epoch': '1.011'}
{'loss': '0.1701', 'grad_norm': '2.788', 'learning_rate': '5.281e-06', 'epoch': '1.014'}
{'loss': '0.2085', 'grad_norm': '1.942', 'learning_rate': '5.263e-06', 'epoch': '1.018'}
{'loss': '0.174', 'grad_norm': '1.333', 'learning_rate': '5.244e-06', 'epoch': '1.022'}
{'loss': '0.1679', 'grad_norm': '8.067', 'learning_rate': '5.226e-06', 'epoch': '1.025'}
{'loss': '0.1808', 'grad_norm': '2.189', 'learning_rate': '5.207e-06', 'epoch': '1.029'}
{'loss': '0.1794', 'grad_norm': '3.364', 'learning_rate': '5.189e-06', 'epoch': '1.033'}
{'eval_loss': '0.1733', 'eval_wer': '0.2079', 'eval_runtime': '23.77', 'eval_samples_per_second': '60.02', 'eval_steps_per_second': '7.529', 'epoch': '1.033'}
{'loss': '0.187', 'grad_norm': '3.379', 'learning_rate': '5.17e-06', 'epoch': '1.036'}
{'loss': '0.1957', 'grad_norm': '2.311', 'learning_rate': '5.151e-06', 'epoch': '1.04'}
{'loss': '0.1805', 'grad_norm': '6.406', 'learning_rate': '5.133e-06', 'epoch': '1.044'}
{'loss': '0.1752', 'grad_norm': '4.483', 'learning_rate': '5.114e-06', 'epoch': '1.048'}
{'loss': '0.1725', 'grad_norm': '8.56', 'learning_rate': '5.096e-06', 'epoch': '1.051'}
{'loss': '0.1875', 'grad_norm': '3.512', 'learning_rate': '5.077e-06', 'epoch': '1.055'}
{'loss': '0.1626', 'grad_norm': '2.932', 'learning_rate': '5.059e-06', 'epoch': '1.059'}
{'loss': '0.1774', 'grad_norm': '4.393', 'learning_rate': '5.04e-06', 'epoch': '1.062'}
{'loss': '0.1575', 'grad_norm': '6.3', 'learning_rate': '5.022e-06', 'epoch': '1.066'}
{'loss': '0.1987', 'grad_norm': '3.827', 'learning_rate': '5.003e-06', 'epoch': '1.07'}
{'eval_loss': '0.173', 'eval_wer': '0.208', 'eval_runtime': '23.78', 'eval_samples_per_second': '60.01', 'eval_steps_per_second': '7.528', 'epoch': '1.07'}
{'loss': '0.1948', 'grad_norm': '5.304', 'learning_rate': '4.985e-06', 'epoch': '1.073'}
{'loss': '0.1809', 'grad_norm': '4.642', 'learning_rate': '4.966e-06', 'epoch': '1.077'}
{'loss': '0.2086', 'grad_norm': '2.362', 'learning_rate': '4.948e-06', 'epoch': '1.081'}
{'loss': '0.2079', 'grad_norm': '4.023', 'learning_rate': '4.929e-06', 'epoch': '1.084'}
{'loss': '0.1493', 'grad_norm': '2.34', 'learning_rate': '4.911e-06', 'epoch': '1.088'}
{'loss': '0.2049', 'grad_norm': '1.841', 'learning_rate': '4.892e-06', 'epoch': '1.092'}
{'loss': '0.174', 'grad_norm': '3.536', 'learning_rate': '4.874e-06', 'epoch': '1.095'}
{'loss': '0.17', 'grad_norm': '4.584', 'learning_rate': '4.855e-06', 'epoch': '1.099'}
{'loss': '0.1816', 'grad_norm': '7.597', 'learning_rate': '4.837e-06', 'epoch': '1.103'}
{'loss': '0.1663', 'grad_norm': '5.763', 'learning_rate': '4.818e-06', 'epoch': '1.107'}
{'eval_loss': '0.1674', 'eval_wer': '0.2055', 'eval_runtime': '23.66', 'eval_samples_per_second': '60.3', 'eval_steps_per_second': '7.564', 'epoch': '1.107'}
{'loss': '0.181', 'grad_norm': '4.091', 'learning_rate': '4.8e-06', 'epoch': '1.11'}
{'loss': '0.1772', 'grad_norm': '2.35', 'learning_rate': '4.781e-06', 'epoch': '1.114'}
{'loss': '0.1863', 'grad_norm': '5.381', 'learning_rate': '4.763e-06', 'epoch': '1.118'}
{'loss': '0.1931', 'grad_norm': '2.275', 'learning_rate': '4.744e-06', 'epoch': '1.121'}
{'loss': '0.1836', 'grad_norm': '2.408', 'learning_rate': '4.726e-06', 'epoch': '1.125'}
{'loss': '0.156', 'grad_norm': '3.476', 'learning_rate': '4.707e-06', 'epoch': '1.129'}
{'loss': '0.1737', 'grad_norm': '5.627', 'learning_rate': '4.689e-06', 'epoch': '1.132'}
{'loss': '0.2055', 'grad_norm': '2.46', 'learning_rate': '4.67e-06', 'epoch': '1.136'}
{'loss': '0.1735', 'grad_norm': '4.958', 'learning_rate': '4.651e-06', 'epoch': '1.14'}
{'loss': '0.1938', 'grad_norm': '5.67', 'learning_rate': '4.633e-06', 'epoch': '1.143'}
{'eval_loss': '0.1601', 'eval_wer': '0.2022', 'eval_runtime': '23.8', 'eval_samples_per_second': '59.95', 'eval_steps_per_second': '7.52', 'epoch': '1.143'}
{'loss': '0.1812', 'grad_norm': '3.414', 'learning_rate': '4.614e-06', 'epoch': '1.147'}
{'loss': '0.177', 'grad_norm': '4.852', 'learning_rate': '4.596e-06', 'epoch': '1.151'}
{'loss': '0.1683', 'grad_norm': '5.886', 'learning_rate': '4.577e-06', 'epoch': '1.154'}
{'loss': '0.1894', 'grad_norm': '3.057', 'learning_rate': '4.559e-06', 'epoch': '1.158'}
{'loss': '0.1537', 'grad_norm': '13.21', 'learning_rate': '4.54e-06', 'epoch': '1.162'}
{'loss': '0.1772', 'grad_norm': '4.965', 'learning_rate': '4.522e-06', 'epoch': '1.166'}
{'loss': '0.1643', 'grad_norm': '3.22', 'learning_rate': '4.504e-06', 'epoch': '1.169'}
{'loss': '0.1735', 'grad_norm': '1.788', 'learning_rate': '4.485e-06', 'epoch': '1.173'}
{'loss': '0.18', 'grad_norm': '6.161', 'learning_rate': '4.467e-06', 'epoch': '1.177'}
{'loss': '0.1598', 'grad_norm': '3.879', 'learning_rate': '4.448e-06', 'epoch': '1.18'}
{'eval_loss': '0.1587', 'eval_wer': '0.2059', 'eval_runtime': '23.61', 'eval_samples_per_second': '60.43', 'eval_steps_per_second': '7.58', 'epoch': '1.18'}
{'loss': '0.1805', 'grad_norm': '3.101', 'learning_rate': '4.43e-06', 'epoch': '1.184'}
{'loss': '0.1809', 'grad_norm': '1.309', 'learning_rate': '4.411e-06', 'epoch': '1.188'}
{'loss': '0.171', 'grad_norm': '4.21', 'learning_rate': '4.393e-06', 'epoch': '1.191'}
{'loss': '0.1852', 'grad_norm': '2.779', 'learning_rate': '4.374e-06', 'epoch': '1.195'}
{'loss': '0.1618', 'grad_norm': '2.269', 'learning_rate': '4.356e-06', 'epoch': '1.199'}
{'loss': '0.1547', 'grad_norm': '1.782', 'learning_rate': '4.337e-06', 'epoch': '1.202'}
{'loss': '0.1833', 'grad_norm': '6.313', 'learning_rate': '4.319e-06', 'epoch': '1.206'}
{'loss': '0.1575', 'grad_norm': '3.775', 'learning_rate': '4.3e-06', 'epoch': '1.21'}
{'loss': '0.1737', 'grad_norm': '2.384', 'learning_rate': '4.281e-06', 'epoch': '1.213'}
{'loss': '0.1632', 'grad_norm': '4.327', 'learning_rate': '4.263e-06', 'epoch': '1.217'}
{'eval_loss': '0.1594', 'eval_wer': '0.2046', 'eval_runtime': '23.41', 'eval_samples_per_second': '60.97', 'eval_steps_per_second': '7.648', 'epoch': '1.217'}
{'loss': '0.1749', 'grad_norm': '5.571', 'learning_rate': '4.244e-06', 'epoch': '1.221'}
{'loss': '0.1568', 'grad_norm': '5.205', 'learning_rate': '4.226e-06', 'epoch': '1.225'}
{'loss': '0.1777', 'grad_norm': '6.233', 'learning_rate': '4.207e-06', 'epoch': '1.228'}
{'loss': '0.1749', 'grad_norm': '2.393', 'learning_rate': '4.189e-06', 'epoch': '1.232'}
{'loss': '0.1834', 'grad_norm': '7.402', 'learning_rate': '4.17e-06', 'epoch': '1.236'}
{'loss': '0.1633', 'grad_norm': '2.824', 'learning_rate': '4.152e-06', 'epoch': '1.239'}
{'loss': '0.1527', 'grad_norm': '2.156', 'learning_rate': '4.133e-06', 'epoch': '1.243'}
{'loss': '0.1582', 'grad_norm': '3.195', 'learning_rate': '4.115e-06', 'epoch': '1.247'}
{'loss': '0.1853', 'grad_norm': '3.6', 'learning_rate': '4.096e-06', 'epoch': '1.25'}
{'loss': '0.191', 'grad_norm': '5.69', 'learning_rate': '4.078e-06', 'epoch': '1.254'}
{'eval_loss': '0.1594', 'eval_wer': '0.2042', 'eval_runtime': '23.58', 'eval_samples_per_second': '60.53', 'eval_steps_per_second': '7.592', 'epoch': '1.254'}
{'loss': '0.1753', 'grad_norm': '3.385', 'learning_rate': '4.059e-06', 'epoch': '1.258'}
{'loss': '0.1653', 'grad_norm': '1.397', 'learning_rate': '4.041e-06', 'epoch': '1.261'}
{'loss': '0.1521', 'grad_norm': '5.787', 'learning_rate': '4.022e-06', 'epoch': '1.265'}
{'loss': '0.1552', 'grad_norm': '2.594', 'learning_rate': '4.004e-06', 'epoch': '1.269'}
{'loss': '0.1817', 'grad_norm': '4.063', 'learning_rate': '3.985e-06', 'epoch': '1.272'}
{'loss': '0.1685', 'grad_norm': '3.387', 'learning_rate': '3.967e-06', 'epoch': '1.276'}
{'loss': '0.1618', 'grad_norm': '2.051', 'learning_rate': '3.948e-06', 'epoch': '1.28'}
{'loss': '0.1681', 'grad_norm': '3.025', 'learning_rate': '3.93e-06', 'epoch': '1.284'}
{'loss': '0.1742', 'grad_norm': '2.342', 'learning_rate': '3.911e-06', 'epoch': '1.287'}
{'loss': '0.1915', 'grad_norm': '6.412', 'learning_rate': '3.893e-06', 'epoch': '1.291'}
{'eval_loss': '0.1593', 'eval_wer': '0.2073', 'eval_runtime': '23.52', 'eval_samples_per_second': '60.68', 'eval_steps_per_second': '7.612', 'epoch': '1.291'}
{'loss': '0.1789', 'grad_norm': '3.067', 'learning_rate': '3.874e-06', 'epoch': '1.295'}
{'loss': '0.1563', 'grad_norm': '2.81', 'learning_rate': '3.856e-06', 'epoch': '1.298'}
{'loss': '0.1636', 'grad_norm': '3.796', 'learning_rate': '3.837e-06', 'epoch': '1.302'}
{'loss': '0.1718', 'grad_norm': '1.461', 'learning_rate': '3.819e-06', 'epoch': '1.306'}
{'loss': '0.1664', 'grad_norm': '4.274', 'learning_rate': '3.8e-06', 'epoch': '1.309'}
{'loss': '0.1464', 'grad_norm': '4.76', 'learning_rate': '3.781e-06', 'epoch': '1.313'}
{'loss': '0.1742', 'grad_norm': '12.2', 'learning_rate': '3.763e-06', 'epoch': '1.317'}
{'loss': '0.1606', 'grad_norm': '2.308', 'learning_rate': '3.744e-06', 'epoch': '1.32'}
{'loss': '0.1521', 'grad_norm': '3.275', 'learning_rate': '3.726e-06', 'epoch': '1.324'}
{'loss': '0.1586', 'grad_norm': '2.255', 'learning_rate': '3.707e-06', 'epoch': '1.328'}
{'eval_loss': '0.1558', 'eval_wer': '0.2034', 'eval_runtime': '23.67', 'eval_samples_per_second': '60.28', 'eval_steps_per_second': '7.562', 'epoch': '1.328'}
{'loss': '0.1939', 'grad_norm': '5.88', 'learning_rate': '3.689e-06', 'epoch': '1.332'}
{'loss': '0.1496', 'grad_norm': '3.121', 'learning_rate': '3.67e-06', 'epoch': '1.335'}
{'loss': '0.1875', 'grad_norm': '6.67', 'learning_rate': '3.652e-06', 'epoch': '1.339'}
{'loss': '0.1638', 'grad_norm': '3.627', 'learning_rate': '3.633e-06', 'epoch': '1.343'}
{'loss': '0.1527', 'grad_norm': '2.613', 'learning_rate': '3.615e-06', 'epoch': '1.346'}
{'loss': '0.1689', 'grad_norm': '2.111', 'learning_rate': '3.596e-06', 'epoch': '1.35'}
{'loss': '0.1551', 'grad_norm': '8.234', 'learning_rate': '3.578e-06', 'epoch': '1.354'}
{'loss': '0.1576', 'grad_norm': '1.878', 'learning_rate': '3.559e-06', 'epoch': '1.357'}
{'loss': '0.1529', 'grad_norm': '1.979', 'learning_rate': '3.541e-06', 'epoch': '1.361'}
{'loss': '0.1538', 'grad_norm': '5.486', 'learning_rate': '3.522e-06', 'epoch': '1.365'}
{'eval_loss': '0.161', 'eval_wer': '0.2028', 'eval_runtime': '23.55', 'eval_samples_per_second': '60.59', 'eval_steps_per_second': '7.601', 'epoch': '1.365'}
{'loss': '0.1612', 'grad_norm': '2.089', 'learning_rate': '3.504e-06', 'epoch': '1.368'}
{'loss': '0.1644', 'grad_norm': '2.986', 'learning_rate': '3.485e-06', 'epoch': '1.372'}
{'loss': '0.1615', 'grad_norm': '3.64', 'learning_rate': '3.467e-06', 'epoch': '1.376'}
{'loss': '0.1666', 'grad_norm': '3.191', 'learning_rate': '3.448e-06', 'epoch': '1.379'}
{'loss': '0.1631', 'grad_norm': '3.485', 'learning_rate': '3.43e-06', 'epoch': '1.383'}
{'loss': '0.1637', 'grad_norm': '3.053', 'learning_rate': '3.411e-06', 'epoch': '1.387'}
{'loss': '0.1668', 'grad_norm': '3.78', 'learning_rate': '3.393e-06', 'epoch': '1.391'}
{'loss': '0.1436', 'grad_norm': '4.482', 'learning_rate': '3.374e-06', 'epoch': '1.394'}
{'loss': '0.1692', 'grad_norm': '1.074', 'learning_rate': '3.356e-06', 'epoch': '1.398'}
{'loss': '0.1486', 'grad_norm': '41.47', 'learning_rate': '3.337e-06', 'epoch': '1.402'}
{'eval_loss': '0.1609', 'eval_wer': '0.2083', 'eval_runtime': '23.5', 'eval_samples_per_second': '60.73', 'eval_steps_per_second': '7.617', 'epoch': '1.402'}
{'loss': '0.1955', 'grad_norm': '4.741', 'learning_rate': '3.319e-06', 'epoch': '1.405'}
{'loss': '0.1629', 'grad_norm': '3.306', 'learning_rate': '3.3e-06', 'epoch': '1.409'}
{'loss': '0.1707', 'grad_norm': '4.877', 'learning_rate': '3.282e-06', 'epoch': '1.413'}
{'loss': '0.1659', 'grad_norm': '2.028', 'learning_rate': '3.263e-06', 'epoch': '1.416'}
{'loss': '0.1838', 'grad_norm': '4.298', 'learning_rate': '3.245e-06', 'epoch': '1.42'}
{'loss': '0.1636', 'grad_norm': '2.14', 'learning_rate': '3.226e-06', 'epoch': '1.424'}
{'loss': '0.1478', 'grad_norm': '1.843', 'learning_rate': '3.208e-06', 'epoch': '1.427'}
{'loss': '0.1785', 'grad_norm': '5.382', 'learning_rate': '3.189e-06', 'epoch': '1.431'}
{'loss': '0.153', 'grad_norm': '1.987', 'learning_rate': '3.171e-06', 'epoch': '1.435'}
{'loss': '0.1725', 'grad_norm': '4.982', 'learning_rate': '3.152e-06', 'epoch': '1.438'}
{'eval_loss': '0.1586', 'eval_wer': '0.2058', 'eval_runtime': '23.56', 'eval_samples_per_second': '60.56', 'eval_steps_per_second': '7.597', 'epoch': '1.438'}
{'loss': '0.1573', 'grad_norm': '4.128', 'learning_rate': '3.134e-06', 'epoch': '1.442'}
{'loss': '0.1577', 'grad_norm': '2.596', 'learning_rate': '3.115e-06', 'epoch': '1.446'}
{'loss': '0.1601', 'grad_norm': '5.676', 'learning_rate': '3.097e-06', 'epoch': '1.45'}
{'loss': '0.1523', 'grad_norm': '3.084', 'learning_rate': '3.078e-06', 'epoch': '1.453'}
{'loss': '0.1705', 'grad_norm': '1.565', 'learning_rate': '3.06e-06', 'epoch': '1.457'}
{'loss': '0.1523', 'grad_norm': '3.334', 'learning_rate': '3.041e-06', 'epoch': '1.461'}
{'loss': '0.1686', 'grad_norm': '2.554', 'learning_rate': '3.023e-06', 'epoch': '1.464'}
{'loss': '0.1623', 'grad_norm': '2.015', 'learning_rate': '3.004e-06', 'epoch': '1.468'}
{'loss': '0.161', 'grad_norm': '4.693', 'learning_rate': '2.986e-06', 'epoch': '1.472'}
{'loss': '0.1549', 'grad_norm': '5.644', 'learning_rate': '2.967e-06', 'epoch': '1.475'}
{'eval_loss': '0.1563', 'eval_wer': '0.2041', 'eval_runtime': '23.93', 'eval_samples_per_second': '59.62', 'eval_steps_per_second': '7.479', 'epoch': '1.475'}
{'loss': '0.1776', 'grad_norm': '4.333', 'learning_rate': '2.949e-06', 'epoch': '1.479'}
{'loss': '0.19', 'grad_norm': '2.72', 'learning_rate': '2.93e-06', 'epoch': '1.483'}
{'loss': '0.1519', 'grad_norm': '3.02', 'learning_rate': '2.911e-06', 'epoch': '1.486'}
{'loss': '0.1501', 'grad_norm': '4.8', 'learning_rate': '2.893e-06', 'epoch': '1.49'}
{'loss': '0.1544', 'grad_norm': '1.832', 'learning_rate': '2.874e-06', 'epoch': '1.494'}
{'loss': '0.1484', 'grad_norm': '2.565', 'learning_rate': '2.856e-06', 'epoch': '1.497'}
{'loss': '0.1618', 'grad_norm': '2.013', 'learning_rate': '2.837e-06', 'epoch': '1.501'}
{'loss': '0.1612', 'grad_norm': '4.347', 'learning_rate': '2.819e-06', 'epoch': '1.505'}
{'loss': '0.183', 'grad_norm': '10.98', 'learning_rate': '2.8e-06', 'epoch': '1.509'}
{'loss': '0.1746', 'grad_norm': '3.737', 'learning_rate': '2.782e-06', 'epoch': '1.512'}
{'eval_loss': '0.1537', 'eval_wer': '0.2047', 'eval_runtime': '23.67', 'eval_samples_per_second': '60.29', 'eval_steps_per_second': '7.563', 'epoch': '1.512'}
{'loss': '0.1386', 'grad_norm': '5.477', 'learning_rate': '2.763e-06', 'epoch': '1.516'}
{'loss': '0.1675', 'grad_norm': '2.049', 'learning_rate': '2.745e-06', 'epoch': '1.52'}
{'loss': '0.1373', 'grad_norm': '4.071', 'learning_rate': '2.726e-06', 'epoch': '1.523'}
{'loss': '0.1592', 'grad_norm': '2.792', 'learning_rate': '2.708e-06', 'epoch': '1.527'}
{'loss': '0.1496', 'grad_norm': '5.658', 'learning_rate': '2.689e-06', 'epoch': '1.531'}
{'loss': '0.1763', 'grad_norm': '2.103', 'learning_rate': '2.671e-06', 'epoch': '1.534'}
{'loss': '0.1567', 'grad_norm': '2.246', 'learning_rate': '2.652e-06', 'epoch': '1.538'}
{'loss': '0.1575', 'grad_norm': '5.045', 'learning_rate': '2.634e-06', 'epoch': '1.542'}
{'loss': '0.1437', 'grad_norm': '4.769', 'learning_rate': '2.615e-06', 'epoch': '1.545'}
{'loss': '0.1584', 'grad_norm': '3.816', 'learning_rate': '2.597e-06', 'epoch': '1.549'}
{'eval_loss': '0.1507', 'eval_wer': '0.2004', 'eval_runtime': '23.53', 'eval_samples_per_second': '60.65', 'eval_steps_per_second': '7.608', 'epoch': '1.549'}
{'loss': '0.1556', 'grad_norm': '2.493', 'learning_rate': '2.578e-06', 'epoch': '1.553'}
{'loss': '0.1484', 'grad_norm': '5.18', 'learning_rate': '2.56e-06', 'epoch': '1.557'}
{'loss': '0.1551', 'grad_norm': '10.63', 'learning_rate': '2.541e-06', 'epoch': '1.56'}
{'loss': '0.1536', 'grad_norm': '6.179', 'learning_rate': '2.523e-06', 'epoch': '1.564'}
{'loss': '0.1435', 'grad_norm': '4.476', 'learning_rate': '2.504e-06', 'epoch': '1.568'}
{'loss': '0.1612', 'grad_norm': '3.253', 'learning_rate': '2.486e-06', 'epoch': '1.571'}
{'loss': '0.1341', 'grad_norm': '1.351', 'learning_rate': '2.467e-06', 'epoch': '1.575'}
{'loss': '0.1452', 'grad_norm': '3.746', 'learning_rate': '2.449e-06', 'epoch': '1.579'}
{'loss': '0.159', 'grad_norm': '5.221', 'learning_rate': '2.43e-06', 'epoch': '1.582'}
{'loss': '0.1495', 'grad_norm': '2.453', 'learning_rate': '2.411e-06', 'epoch': '1.586'}
{'eval_loss': '0.1509', 'eval_wer': '0.199', 'eval_runtime': '24.01', 'eval_samples_per_second': '59.44', 'eval_steps_per_second': '7.456', 'epoch': '1.586'}
{'loss': '0.1585', 'grad_norm': '3.294', 'learning_rate': '2.393e-06', 'epoch': '1.59'}
{'loss': '0.157', 'grad_norm': '3.818', 'learning_rate': '2.374e-06', 'epoch': '1.593'}
{'loss': '0.1716', 'grad_norm': '2.513', 'learning_rate': '2.356e-06', 'epoch': '1.597'}
{'loss': '0.1485', 'grad_norm': '4.412', 'learning_rate': '2.337e-06', 'epoch': '1.601'}
{'loss': '0.1864', 'grad_norm': '2.074', 'learning_rate': '2.319e-06', 'epoch': '1.604'}
{'loss': '0.1561', 'grad_norm': '4.689', 'learning_rate': '2.3e-06', 'epoch': '1.608'}
{'loss': '0.1636', 'grad_norm': '3.799', 'learning_rate': '2.282e-06', 'epoch': '1.612'}
{'loss': '0.1467', 'grad_norm': '2.017', 'learning_rate': '2.263e-06', 'epoch': '1.616'}
{'loss': '0.1588', 'grad_norm': '1.794', 'learning_rate': '2.245e-06', 'epoch': '1.619'}
{'loss': '0.1588', 'grad_norm': '3.031', 'learning_rate': '2.226e-06', 'epoch': '1.623'}
{'eval_loss': '0.1545', 'eval_wer': '0.2037', 'eval_runtime': '23.61', 'eval_samples_per_second': '60.43', 'eval_steps_per_second': '7.58', 'epoch': '1.623'}
{'loss': '0.151', 'grad_norm': '4.209', 'learning_rate': '2.208e-06', 'epoch': '1.627'}
{'loss': '0.1702', 'grad_norm': '2.462', 'learning_rate': '2.189e-06', 'epoch': '1.63'}
{'loss': '0.1512', 'grad_norm': '2.073', 'learning_rate': '2.171e-06', 'epoch': '1.634'}
{'loss': '0.1394', 'grad_norm': '1.641', 'learning_rate': '2.152e-06', 'epoch': '1.638'}
{'loss': '0.1467', 'grad_norm': '3.325', 'learning_rate': '2.134e-06', 'epoch': '1.641'}
{'loss': '0.141', 'grad_norm': '4.223', 'learning_rate': '2.115e-06', 'epoch': '1.645'}
{'loss': '0.1543', 'grad_norm': '2.873', 'learning_rate': '2.097e-06', 'epoch': '1.649'}
{'loss': '0.1679', 'grad_norm': '2.401', 'learning_rate': '2.078e-06', 'epoch': '1.652'}
{'loss': '0.1604', 'grad_norm': '4.297', 'learning_rate': '2.06e-06', 'epoch': '1.656'}
{'loss': '0.1484', 'grad_norm': '1.731', 'learning_rate': '2.041e-06', 'epoch': '1.66'}
{'eval_loss': '0.1504', 'eval_wer': '0.2007', 'eval_runtime': '23.42', 'eval_samples_per_second': '60.94', 'eval_steps_per_second': '7.645', 'epoch': '1.66'}
{'loss': '0.1547', 'grad_norm': '3.615', 'learning_rate': '2.023e-06', 'epoch': '1.663'}
{'loss': '0.1789', 'grad_norm': '4.094', 'learning_rate': '2.004e-06', 'epoch': '1.667'}
{'loss': '0.144', 'grad_norm': '4.241', 'learning_rate': '1.986e-06', 'epoch': '1.671'}
{'loss': '0.1447', 'grad_norm': '1.588', 'learning_rate': '1.967e-06', 'epoch': '1.675'}
{'loss': '0.1452', 'grad_norm': '2.311', 'learning_rate': '1.949e-06', 'epoch': '1.678'}
{'loss': '0.151', 'grad_norm': '1.832', 'learning_rate': '1.93e-06', 'epoch': '1.682'}
{'loss': '0.1525', 'grad_norm': '3.788', 'learning_rate': '1.912e-06', 'epoch': '1.686'}
{'loss': '0.138', 'grad_norm': '3.137', 'learning_rate': '1.893e-06', 'epoch': '1.689'}
{'loss': '0.1594', 'grad_norm': '4.402', 'learning_rate': '1.875e-06', 'epoch': '1.693'}
{'loss': '0.1404', 'grad_norm': '2.965', 'learning_rate': '1.856e-06', 'epoch': '1.697'}
{'eval_loss': '0.1513', 'eval_wer': '0.2005', 'eval_runtime': '23.35', 'eval_samples_per_second': '61.1', 'eval_steps_per_second': '7.665', 'epoch': '1.697'}
{'loss': '0.1295', 'grad_norm': '2.497', 'learning_rate': '1.838e-06', 'epoch': '1.7'}
{'loss': '0.1364', 'grad_norm': '2.064', 'learning_rate': '1.819e-06', 'epoch': '1.704'}
{'loss': '0.1638', 'grad_norm': '9.138', 'learning_rate': '1.801e-06', 'epoch': '1.708'}
{'loss': '0.1622', 'grad_norm': '3.38', 'learning_rate': '1.782e-06', 'epoch': '1.711'}
{'loss': '0.1545', 'grad_norm': '3.7', 'learning_rate': '1.764e-06', 'epoch': '1.715'}
{'loss': '0.1589', 'grad_norm': '3.983', 'learning_rate': '1.745e-06', 'epoch': '1.719'}
{'loss': '0.1473', 'grad_norm': '3.623', 'learning_rate': '1.727e-06', 'epoch': '1.722'}
{'loss': '0.1289', 'grad_norm': '2.177', 'learning_rate': '1.708e-06', 'epoch': '1.726'}
{'loss': '0.1418', 'grad_norm': '7.433', 'learning_rate': '1.69e-06', 'epoch': '1.73'}
{'loss': '0.1408', 'grad_norm': '1.908', 'learning_rate': '1.671e-06', 'epoch': '1.734'}
{'eval_loss': '0.1475', 'eval_wer': '0.1981', 'eval_runtime': '23.44', 'eval_samples_per_second': '60.89', 'eval_steps_per_second': '7.638', 'epoch': '1.734'}
{'loss': '0.1366', 'grad_norm': '3.568', 'learning_rate': '1.653e-06', 'epoch': '1.737'}
{'loss': '0.1726', 'grad_norm': '1.848', 'learning_rate': '1.634e-06', 'epoch': '1.741'}
{'loss': '0.1338', 'grad_norm': '2.642', 'learning_rate': '1.616e-06', 'epoch': '1.745'}
{'loss': '0.1235', 'grad_norm': '1.601', 'learning_rate': '1.597e-06', 'epoch': '1.748'}
{'loss': '0.176', 'grad_norm': '4.727', 'learning_rate': '1.579e-06', 'epoch': '1.752'}
{'loss': '0.1508', 'grad_norm': '3.893', 'learning_rate': '1.56e-06', 'epoch': '1.756'}
{'loss': '0.1418', 'grad_norm': '2.75', 'learning_rate': '1.541e-06', 'epoch': '1.759'}
{'loss': '0.149', 'grad_norm': '2.072', 'learning_rate': '1.523e-06', 'epoch': '1.763'}
{'loss': '0.1479', 'grad_norm': '1.96', 'learning_rate': '1.504e-06', 'epoch': '1.767'}
{'loss': '0.161', 'grad_norm': '1.774', 'learning_rate': '1.486e-06', 'epoch': '1.77'}
{'eval_loss': '0.1501', 'eval_wer': '0.1994', 'eval_runtime': '23.45', 'eval_samples_per_second': '60.87', 'eval_steps_per_second': '7.635', 'epoch': '1.77'}
{'loss': '0.146', 'grad_norm': '3.44', 'learning_rate': '1.467e-06', 'epoch': '1.774'}
{'loss': '0.1454', 'grad_norm': '8.945', 'learning_rate': '1.449e-06', 'epoch': '1.778'}
{'loss': '0.1627', 'grad_norm': '6.019', 'learning_rate': '1.43e-06', 'epoch': '1.781'}
{'loss': '0.1347', 'grad_norm': '2.708', 'learning_rate': '1.412e-06', 'epoch': '1.785'}
{'loss': '0.143', 'grad_norm': '1.907', 'learning_rate': '1.393e-06', 'epoch': '1.789'}
{'loss': '0.143', 'grad_norm': '2.598', 'learning_rate': '1.375e-06', 'epoch': '1.793'}
{'loss': '0.1499', 'grad_norm': '2.702', 'learning_rate': '1.356e-06', 'epoch': '1.796'}
{'loss': '0.1553', 'grad_norm': '6.618', 'learning_rate': '1.338e-06', 'epoch': '1.8'}
{'loss': '0.1536', 'grad_norm': '2.388', 'learning_rate': '1.319e-06', 'epoch': '1.804'}
{'loss': '0.1202', 'grad_norm': '1.751', 'learning_rate': '1.301e-06', 'epoch': '1.807'}
{'eval_loss': '0.1526', 'eval_wer': '0.2013', 'eval_runtime': '23.48', 'eval_samples_per_second': '60.77', 'eval_steps_per_second': '7.623', 'epoch': '1.807'}
{'loss': '0.1435', 'grad_norm': '9.308', 'learning_rate': '1.282e-06', 'epoch': '1.811'}
{'loss': '0.1359', 'grad_norm': '1.99', 'learning_rate': '1.264e-06', 'epoch': '1.815'}
{'loss': '0.1215', 'grad_norm': '2.846', 'learning_rate': '1.246e-06', 'epoch': '1.818'}
{'loss': '0.1647', 'grad_norm': '2.277', 'learning_rate': '1.227e-06', 'epoch': '1.822'}
{'loss': '0.1563', 'grad_norm': '6.978', 'learning_rate': '1.209e-06', 'epoch': '1.826'}
{'loss': '0.1461', 'grad_norm': '3.47', 'learning_rate': '1.19e-06', 'epoch': '1.829'}
{'loss': '0.1335', 'grad_norm': '2.317', 'learning_rate': '1.171e-06', 'epoch': '1.833'}
{'loss': '0.1395', 'grad_norm': '2.588', 'learning_rate': '1.153e-06', 'epoch': '1.837'}
{'loss': '0.1377', 'grad_norm': '3.276', 'learning_rate': '1.134e-06', 'epoch': '1.841'}
{'loss': '0.1487', 'grad_norm': '2.09', 'learning_rate': '1.116e-06', 'epoch': '1.844'}
{'eval_loss': '0.152', 'eval_wer': '0.2006', 'eval_runtime': '23.79', 'eval_samples_per_second': '59.99', 'eval_steps_per_second': '7.525', 'epoch': '1.844'}
{'loss': '0.1479', 'grad_norm': '3.586', 'learning_rate': '1.097e-06', 'epoch': '1.848'}
{'loss': '0.1413', 'grad_norm': '5.475', 'learning_rate': '1.079e-06', 'epoch': '1.852'}
{'loss': '0.1504', 'grad_norm': '3.158', 'learning_rate': '1.06e-06', 'epoch': '1.855'}
{'loss': '0.151', 'grad_norm': '3.044', 'learning_rate': '1.042e-06', 'epoch': '1.859'}
{'loss': '0.1625', 'grad_norm': '3.325', 'learning_rate': '1.023e-06', 'epoch': '1.863'}
{'loss': '0.1522', 'grad_norm': '4.374', 'learning_rate': '1.005e-06', 'epoch': '1.866'}
{'loss': '0.1565', 'grad_norm': '4.382', 'learning_rate': '9.863e-07', 'epoch': '1.87'}
{'loss': '0.1513', 'grad_norm': '5.812', 'learning_rate': '9.678e-07', 'epoch': '1.874'}
{'loss': '0.1635', 'grad_norm': '6.005', 'learning_rate': '9.493e-07', 'epoch': '1.877'}
{'loss': '0.1542', 'grad_norm': '1.829', 'learning_rate': '9.307e-07', 'epoch': '1.881'}
{'eval_loss': '0.1515', 'eval_wer': '0.2016', 'eval_runtime': '24.35', 'eval_samples_per_second': '58.59', 'eval_steps_per_second': '7.35', 'epoch': '1.881'}
{'loss': '0.1502', 'grad_norm': '3.679', 'learning_rate': '9.122e-07', 'epoch': '1.885'}
{'loss': '0.1488', 'grad_norm': '4.154', 'learning_rate': '8.937e-07', 'epoch': '1.888'}
{'loss': '0.1456', 'grad_norm': '2.525', 'learning_rate': '8.752e-07', 'epoch': '1.892'}
{'loss': '0.1436', 'grad_norm': '2.208', 'learning_rate': '8.567e-07', 'epoch': '1.896'}
{'loss': '0.151', 'grad_norm': '3.743', 'learning_rate': '8.381e-07', 'epoch': '1.9'}
{'loss': '0.1319', 'grad_norm': '4.762', 'learning_rate': '8.196e-07', 'epoch': '1.903'}
{'loss': '0.1341', 'grad_norm': '4.183', 'learning_rate': '8.011e-07', 'epoch': '1.907'}
{'loss': '0.1452', 'grad_norm': '2.635', 'learning_rate': '7.826e-07', 'epoch': '1.911'}
{'loss': '0.1486', 'grad_norm': '2.747', 'learning_rate': '7.641e-07', 'epoch': '1.914'}
{'loss': '0.1532', 'grad_norm': '3.753', 'learning_rate': '7.456e-07', 'epoch': '1.918'}
{'eval_loss': '0.1501', 'eval_wer': '0.2002', 'eval_runtime': '24.46', 'eval_samples_per_second': '58.34', 'eval_steps_per_second': '7.318', 'epoch': '1.918'}
{'loss': '0.1432', 'grad_norm': '6.033', 'learning_rate': '7.27e-07', 'epoch': '1.922'}
{'loss': '0.1672', 'grad_norm': '2.327', 'learning_rate': '7.085e-07', 'epoch': '1.925'}
{'loss': '0.1305', 'grad_norm': '3.923', 'learning_rate': '6.9e-07', 'epoch': '1.929'}
{'loss': '0.1433', 'grad_norm': '6.306', 'learning_rate': '6.715e-07', 'epoch': '1.933'}
{'loss': '0.1531', 'grad_norm': '3.209', 'learning_rate': '6.53e-07', 'epoch': '1.936'}
{'loss': '0.1493', 'grad_norm': '2.443', 'learning_rate': '6.344e-07', 'epoch': '1.94'}
{'loss': '0.1488', 'grad_norm': '2.799', 'learning_rate': '6.159e-07', 'epoch': '1.944'}
{'loss': '0.1698', 'grad_norm': '2.124', 'learning_rate': '5.974e-07', 'epoch': '1.947'}
{'loss': '0.1535', 'grad_norm': '4.363', 'learning_rate': '5.789e-07', 'epoch': '1.951'}
{'loss': '0.1413', 'grad_norm': '2.48', 'learning_rate': '5.604e-07', 'epoch': '1.955'}
{'eval_loss': '0.1498', 'eval_wer': '0.1992', 'eval_runtime': '23.77', 'eval_samples_per_second': '60.03', 'eval_steps_per_second': '7.53', 'epoch': '1.955'}
{'loss': '0.1396', 'grad_norm': '2.32', 'learning_rate': '5.419e-07', 'epoch': '1.959'}
{'loss': '0.1503', 'grad_norm': '3.507', 'learning_rate': '5.233e-07', 'epoch': '1.962'}
{'loss': '0.1328', 'grad_norm': '6.636', 'learning_rate': '5.048e-07', 'epoch': '1.966'}
{'loss': '0.1269', 'grad_norm': '1.816', 'learning_rate': '4.863e-07', 'epoch': '1.97'}
{'loss': '0.1577', 'grad_norm': '3.584', 'learning_rate': '4.678e-07', 'epoch': '1.973'}
{'loss': '0.1275', 'grad_norm': '2.897', 'learning_rate': '4.493e-07', 'epoch': '1.977'}
{'loss': '0.1712', 'grad_norm': '2.171', 'learning_rate': '4.307e-07', 'epoch': '1.981'}
{'loss': '0.1341', 'grad_norm': '2.356', 'learning_rate': '4.122e-07', 'epoch': '1.984'}
{'loss': '0.1412', 'grad_norm': '3.611', 'learning_rate': '3.937e-07', 'epoch': '1.988'}
{'loss': '0.1225', 'grad_norm': '3.881', 'learning_rate': '3.752e-07', 'epoch': '1.992'}
{'eval_loss': '0.1503', 'eval_wer': '0.2008', 'eval_runtime': '23.51', 'eval_samples_per_second': '60.69', 'eval_steps_per_second': '7.613', 'epoch': '1.992'}
{'loss': '0.1641', 'grad_norm': '2.375', 'learning_rate': '3.567e-07', 'epoch': '1.995'}
{'loss': '0.1395', 'grad_norm': '2.773', 'learning_rate': '3.381e-07', 'epoch': '1.999'}
{'loss': '0.1448', 'grad_norm': '6.166', 'learning_rate': '3.196e-07', 'epoch': '2.003'}
{'loss': '0.1624', 'grad_norm': '2.183', 'learning_rate': '3.011e-07', 'epoch': '2.006'}
{'loss': '0.148', 'grad_norm': '6.034', 'learning_rate': '2.826e-07', 'epoch': '2.01'}
{'loss': '0.1328', 'grad_norm': '2.683', 'learning_rate': '2.641e-07', 'epoch': '2.014'}
{'loss': '0.1455', 'grad_norm': '4.724', 'learning_rate': '2.456e-07', 'epoch': '2.018'}
{'loss': '0.1481', 'grad_norm': '1.742', 'learning_rate': '2.27e-07', 'epoch': '2.021'}
{'loss': '0.1393', 'grad_norm': '2.064', 'learning_rate': '2.085e-07', 'epoch': '2.025'}
{'loss': '0.1365', 'grad_norm': '1.692', 'learning_rate': '1.9e-07', 'epoch': '2.029'}
{'eval_loss': '0.1495', 'eval_wer': '0.1989', 'eval_runtime': '23.99', 'eval_samples_per_second': '59.47', 'eval_steps_per_second': '7.46', 'epoch': '2.029'}
{'loss': '0.1409', 'grad_norm': '4.589', 'learning_rate': '1.715e-07', 'epoch': '2.032'}
{'loss': '0.1303', 'grad_norm': '4.002', 'learning_rate': '1.53e-07', 'epoch': '2.036'}
{'loss': '0.1569', 'grad_norm': '2.841', 'learning_rate': '1.344e-07', 'epoch': '2.04'}
{'loss': '0.1344', 'grad_norm': '2.983', 'learning_rate': '1.159e-07', 'epoch': '2.043'}
{'loss': '0.1249', 'grad_norm': '2.906', 'learning_rate': '9.741e-08', 'epoch': '2.047'}
{'loss': '0.1311', 'grad_norm': '1.368', 'learning_rate': '7.889e-08', 'epoch': '2.051'}
{'loss': '0.1389', 'grad_norm': '2.013', 'learning_rate': '6.037e-08', 'epoch': '2.054'}
{'loss': '0.1524', 'grad_norm': '4.412', 'learning_rate': '4.185e-08', 'epoch': '2.058'}
{'loss': '0.1463', 'grad_norm': '2.922', 'learning_rate': '2.333e-08', 'epoch': '2.062'}
{'loss': '0.1402', 'grad_norm': '2.808', 'learning_rate': '4.815e-09', 'epoch': '2.066'}
{'eval_loss': '0.1495', 'eval_wer': '0.1996', 'eval_runtime': '23.96', 'eval_samples_per_second': '59.55', 'eval_steps_per_second': '7.47', 'epoch': '2.066'}
{'train_runtime': '5151', 'train_samples_per_second': '10.87', 'train_steps_per_second': '5.435', 'train_loss': '0.5096', 'epoch': '2.066'}
Job finished at: Fri Apr 17 01:47:39 AM EDT 2026
