Starting training at: Thu Apr 16 11:01:45 PM EDT 2026
Train: 27112, Valid: 1427
--- Starting Trainer ---
{'loss': '9.265', 'grad_norm': '9.398', 'learning_rate': '4.7e-07', 'epoch': '0.003688'}
{'loss': '9.017', 'grad_norm': '13.01', 'learning_rate': '9.7e-07', 'epoch': '0.007377'}
{'loss': '8.26', 'grad_norm': '17.26', 'learning_rate': '1.47e-06', 'epoch': '0.01107'}
{'loss': '7.038', 'grad_norm': 'inf', 'learning_rate': '1.97e-06', 'epoch': '0.01475'}
{'loss': '5.212', 'grad_norm': '15.92', 'learning_rate': '2.46e-06', 'epoch': '0.01844'}
{'loss': '3.825', 'grad_norm': '9.295', 'learning_rate': '2.96e-06', 'epoch': '0.02213'}
{'loss': '3.257', 'grad_norm': '5.859', 'learning_rate': '3.46e-06', 'epoch': '0.02582'}
{'loss': '3.116', 'grad_norm': '1.617', 'learning_rate': '3.96e-06', 'epoch': '0.02951'}
{'loss': '3.064', 'grad_norm': '14.51', 'learning_rate': '4.46e-06', 'epoch': '0.0332'}
{'loss': '2.993', 'grad_norm': '1.434', 'learning_rate': '4.96e-06', 'epoch': '0.03688'}
{'eval_loss': '3.289', 'eval_wer': '1', 'eval_runtime': '24.86', 'eval_samples_per_second': '57.4', 'eval_steps_per_second': '7.2', 'epoch': '0.03688'}
{'loss': '2.977', 'grad_norm': '0.9282', 'learning_rate': '5.46e-06', 'epoch': '0.04057'}
{'loss': '2.971', 'grad_norm': '1.337', 'learning_rate': '5.96e-06', 'epoch': '0.04426'}
{'loss': '2.945', 'grad_norm': '3.796', 'learning_rate': '6.46e-06', 'epoch': '0.04795'}
{'loss': '2.964', 'grad_norm': '26.62', 'learning_rate': '6.96e-06', 'epoch': '0.05164'}
{'loss': '2.947', 'grad_norm': '12.09', 'learning_rate': '7.46e-06', 'epoch': '0.05533'}
{'loss': '2.92', 'grad_norm': '2.256', 'learning_rate': '7.96e-06', 'epoch': '0.05901'}
{'loss': '2.918', 'grad_norm': '9.34', 'learning_rate': '8.46e-06', 'epoch': '0.0627'}
{'loss': '2.899', 'grad_norm': '7.629', 'learning_rate': '8.96e-06', 'epoch': '0.06639'}
{'loss': '2.917', 'grad_norm': '4.619', 'learning_rate': '9.46e-06', 'epoch': '0.07008'}
{'loss': '2.892', 'grad_norm': '1.177', 'learning_rate': '9.96e-06', 'epoch': '0.07377'}
{'eval_loss': '3.058', 'eval_wer': '1', 'eval_runtime': '24.81', 'eval_samples_per_second': '57.51', 'eval_steps_per_second': '7.214', 'epoch': '0.07377'}
{'loss': '2.875', 'grad_norm': '1.408', 'learning_rate': '9.983e-06', 'epoch': '0.07746'}
{'loss': '2.886', 'grad_norm': '1.836', 'learning_rate': '9.964e-06', 'epoch': '0.08114'}
{'loss': '2.876', 'grad_norm': '2.514', 'learning_rate': '9.946e-06', 'epoch': '0.08483'}
{'loss': '2.882', 'grad_norm': '1.386', 'learning_rate': '9.927e-06', 'epoch': '0.08852'}
{'loss': '2.881', 'grad_norm': '6.715', 'learning_rate': '9.909e-06', 'epoch': '0.09221'}
{'loss': '2.867', 'grad_norm': '2.128', 'learning_rate': '9.89e-06', 'epoch': '0.0959'}
{'loss': '2.876', 'grad_norm': '1.359', 'learning_rate': '9.872e-06', 'epoch': '0.09959'}
{'loss': '2.869', 'grad_norm': '3.083', 'learning_rate': '9.853e-06', 'epoch': '0.1033'}
{'loss': '2.87', 'grad_norm': '2.059', 'learning_rate': '9.835e-06', 'epoch': '0.107'}
{'loss': '2.858', 'grad_norm': '1.114', 'learning_rate': '9.816e-06', 'epoch': '0.1107'}
{'eval_loss': '2.974', 'eval_wer': '1', 'eval_runtime': '24.94', 'eval_samples_per_second': '57.23', 'eval_steps_per_second': '7.178', 'epoch': '0.1107'}
{'loss': '2.865', 'grad_norm': '1.654', 'learning_rate': '9.798e-06', 'epoch': '0.1143'}
{'loss': '2.869', 'grad_norm': '1.353', 'learning_rate': '9.779e-06', 'epoch': '0.118'}
{'loss': '2.858', 'grad_norm': '1.883', 'learning_rate': '9.761e-06', 'epoch': '0.1217'}
{'loss': '2.862', 'grad_norm': '1.786', 'learning_rate': '9.742e-06', 'epoch': '0.1254'}
{'loss': '2.864', 'grad_norm': '1.209', 'learning_rate': '9.724e-06', 'epoch': '0.1291'}
{'loss': '2.854', 'grad_norm': '1.312', 'learning_rate': '9.705e-06', 'epoch': '0.1328'}
{'loss': '2.86', 'grad_norm': '1.474', 'learning_rate': '9.687e-06', 'epoch': '0.1365'}
{'loss': '2.87', 'grad_norm': '1.881', 'learning_rate': '9.668e-06', 'epoch': '0.1402'}
{'loss': '2.845', 'grad_norm': '1.574', 'learning_rate': '9.65e-06', 'epoch': '0.1438'}
{'loss': '2.833', 'grad_norm': '1.106', 'learning_rate': '9.631e-06', 'epoch': '0.1475'}
{'eval_loss': '2.918', 'eval_wer': '1', 'eval_runtime': '25.69', 'eval_samples_per_second': '55.55', 'eval_steps_per_second': '6.968', 'epoch': '0.1475'}
{'loss': '2.815', 'grad_norm': '2.071', 'learning_rate': '9.613e-06', 'epoch': '0.1512'}
{'loss': '2.725', 'grad_norm': '2.599', 'learning_rate': '9.594e-06', 'epoch': '0.1549'}
{'loss': '2.571', 'grad_norm': '2.212', 'learning_rate': '9.576e-06', 'epoch': '0.1586'}
{'loss': '2.373', 'grad_norm': '2.288', 'learning_rate': '9.557e-06', 'epoch': '0.1623'}
{'loss': '2.189', 'grad_norm': '4.754', 'learning_rate': '9.539e-06', 'epoch': '0.166'}
{'loss': '1.996', 'grad_norm': '5.8', 'learning_rate': '9.52e-06', 'epoch': '0.1697'}
{'loss': '1.796', 'grad_norm': '5.48', 'learning_rate': '9.501e-06', 'epoch': '0.1734'}
{'loss': '1.64', 'grad_norm': '5.498', 'learning_rate': '9.483e-06', 'epoch': '0.177'}
{'loss': '1.516', 'grad_norm': '6.519', 'learning_rate': '9.464e-06', 'epoch': '0.1807'}
{'loss': '1.403', 'grad_norm': '5.122', 'learning_rate': '9.446e-06', 'epoch': '0.1844'}
{'eval_loss': '1.265', 'eval_wer': '0.7079', 'eval_runtime': '24.97', 'eval_samples_per_second': '57.14', 'eval_steps_per_second': '7.168', 'epoch': '0.1844'}
{'loss': '1.306', 'grad_norm': '5.862', 'learning_rate': '9.427e-06', 'epoch': '0.1881'}
{'loss': '1.217', 'grad_norm': '10.35', 'learning_rate': '9.409e-06', 'epoch': '0.1918'}
{'loss': '1.133', 'grad_norm': '7.664', 'learning_rate': '9.39e-06', 'epoch': '0.1955'}
{'loss': '1.077', 'grad_norm': '6.909', 'learning_rate': '9.372e-06', 'epoch': '0.1992'}
{'loss': '1.026', 'grad_norm': '5.314', 'learning_rate': '9.353e-06', 'epoch': '0.2029'}
{'loss': '0.9648', 'grad_norm': '4.46', 'learning_rate': '9.335e-06', 'epoch': '0.2066'}
{'loss': '0.9449', 'grad_norm': '10.58', 'learning_rate': '9.316e-06', 'epoch': '0.2102'}
{'loss': '0.9207', 'grad_norm': '9.263', 'learning_rate': '9.298e-06', 'epoch': '0.2139'}
{'loss': '0.8925', 'grad_norm': '6.669', 'learning_rate': '9.279e-06', 'epoch': '0.2176'}
{'loss': '0.8433', 'grad_norm': '9.436', 'learning_rate': '9.261e-06', 'epoch': '0.2213'}
{'eval_loss': '0.7675', 'eval_wer': '0.4966', 'eval_runtime': '25.15', 'eval_samples_per_second': '56.73', 'eval_steps_per_second': '7.116', 'epoch': '0.2213'}
{'loss': '0.8189', 'grad_norm': '5.07', 'learning_rate': '9.242e-06', 'epoch': '0.225'}
{'loss': '0.783', 'grad_norm': '30.57', 'learning_rate': '9.224e-06', 'epoch': '0.2287'}
{'loss': '0.7857', 'grad_norm': '5.758', 'learning_rate': '9.205e-06', 'epoch': '0.2324'}
{'loss': '0.7537', 'grad_norm': '11.33', 'learning_rate': '9.187e-06', 'epoch': '0.2361'}
{'loss': '0.747', 'grad_norm': '6.705', 'learning_rate': '9.168e-06', 'epoch': '0.2397'}
{'loss': '0.7053', 'grad_norm': '4.978', 'learning_rate': '9.15e-06', 'epoch': '0.2434'}
{'loss': '0.7414', 'grad_norm': '9.202', 'learning_rate': '9.131e-06', 'epoch': '0.2471'}
{'loss': '0.7011', 'grad_norm': '10.36', 'learning_rate': '9.113e-06', 'epoch': '0.2508'}
{'loss': '0.6973', 'grad_norm': '9.308', 'learning_rate': '9.094e-06', 'epoch': '0.2545'}
{'loss': '0.6438', 'grad_norm': '4.856', 'learning_rate': '9.076e-06', 'epoch': '0.2582'}
{'eval_loss': '0.6006', 'eval_wer': '0.4078', 'eval_runtime': '25.17', 'eval_samples_per_second': '56.7', 'eval_steps_per_second': '7.112', 'epoch': '0.2582'}
{'loss': '0.6665', 'grad_norm': '6.016', 'learning_rate': '9.057e-06', 'epoch': '0.2619'}
{'loss': '0.6651', 'grad_norm': '22.96', 'learning_rate': '9.039e-06', 'epoch': '0.2656'}
{'loss': '0.6204', 'grad_norm': '8.047', 'learning_rate': '9.02e-06', 'epoch': '0.2693'}
{'loss': '0.6185', 'grad_norm': '6.081', 'learning_rate': '9.001e-06', 'epoch': '0.2729'}
{'loss': '0.6319', 'grad_norm': '8.466', 'learning_rate': '8.983e-06', 'epoch': '0.2766'}
{'loss': '0.6403', 'grad_norm': '9.08', 'learning_rate': '8.964e-06', 'epoch': '0.2803'}
{'loss': '0.5897', 'grad_norm': '8.666', 'learning_rate': '8.946e-06', 'epoch': '0.284'}
{'loss': '0.6013', 'grad_norm': '5.171', 'learning_rate': '8.927e-06', 'epoch': '0.2877'}
{'loss': '0.5656', 'grad_norm': '7.327', 'learning_rate': '8.909e-06', 'epoch': '0.2914'}
{'loss': '0.5831', 'grad_norm': '8.291', 'learning_rate': '8.89e-06', 'epoch': '0.2951'}
{'eval_loss': '0.5111', 'eval_wer': '0.3592', 'eval_runtime': '25.5', 'eval_samples_per_second': '55.97', 'eval_steps_per_second': '7.02', 'epoch': '0.2951'}
{'loss': '0.5573', 'grad_norm': '11.56', 'learning_rate': '8.872e-06', 'epoch': '0.2988'}
{'loss': '0.5815', 'grad_norm': '5.853', 'learning_rate': '8.853e-06', 'epoch': '0.3024'}
{'loss': '0.5481', 'grad_norm': '7.442', 'learning_rate': '8.835e-06', 'epoch': '0.3061'}
{'loss': '0.5265', 'grad_norm': '15.22', 'learning_rate': '8.816e-06', 'epoch': '0.3098'}
{'loss': '0.5761', 'grad_norm': '16.91', 'learning_rate': '8.798e-06', 'epoch': '0.3135'}
{'loss': '0.5467', 'grad_norm': '4.62', 'learning_rate': '8.779e-06', 'epoch': '0.3172'}
{'loss': '0.5167', 'grad_norm': '5.476', 'learning_rate': '8.761e-06', 'epoch': '0.3209'}
{'loss': '0.5211', 'grad_norm': '9.045', 'learning_rate': '8.742e-06', 'epoch': '0.3246'}
{'loss': '0.5182', 'grad_norm': '23.65', 'learning_rate': '8.724e-06', 'epoch': '0.3283'}
{'loss': '0.5185', 'grad_norm': '8.848', 'learning_rate': '8.705e-06', 'epoch': '0.332'}
{'eval_loss': '0.4548', 'eval_wer': '0.3264', 'eval_runtime': '25.24', 'eval_samples_per_second': '56.53', 'eval_steps_per_second': '7.092', 'epoch': '0.332'}
{'loss': '0.4874', 'grad_norm': '14.58', 'learning_rate': '8.687e-06', 'epoch': '0.3356'}
{'loss': '0.5006', 'grad_norm': '27.9', 'learning_rate': '8.668e-06', 'epoch': '0.3393'}
{'loss': '0.5139', 'grad_norm': '10.37', 'learning_rate': '8.65e-06', 'epoch': '0.343'}
{'loss': '0.48', 'grad_norm': '5.743', 'learning_rate': '8.631e-06', 'epoch': '0.3467'}
{'loss': '0.4657', 'grad_norm': 'inf', 'learning_rate': '8.613e-06', 'epoch': '0.3504'}
{'loss': '0.4664', 'grad_norm': '16.32', 'learning_rate': '8.594e-06', 'epoch': '0.3541'}
{'loss': '0.4784', 'grad_norm': '6.804', 'learning_rate': '8.576e-06', 'epoch': '0.3578'}
{'loss': '0.464', 'grad_norm': '15.2', 'learning_rate': '8.557e-06', 'epoch': '0.3615'}
{'loss': '0.4833', 'grad_norm': '5.826', 'learning_rate': '8.539e-06', 'epoch': '0.3652'}
{'loss': '0.4695', 'grad_norm': '14.41', 'learning_rate': '8.52e-06', 'epoch': '0.3688'}
{'eval_loss': '0.4142', 'eval_wer': '0.3223', 'eval_runtime': '26.23', 'eval_samples_per_second': '54.4', 'eval_steps_per_second': '6.824', 'epoch': '0.3688'}
{'loss': '0.457', 'grad_norm': '9.764', 'learning_rate': '8.502e-06', 'epoch': '0.3725'}
{'loss': '0.4377', 'grad_norm': '9.983', 'learning_rate': '8.483e-06', 'epoch': '0.3762'}
{'loss': '0.466', 'grad_norm': '5.367', 'learning_rate': '8.465e-06', 'epoch': '0.3799'}
{'loss': '0.4233', 'grad_norm': '8.885', 'learning_rate': '8.446e-06', 'epoch': '0.3836'}
{'loss': '0.4376', 'grad_norm': '8.089', 'learning_rate': '8.428e-06', 'epoch': '0.3873'}
{'loss': '0.4137', 'grad_norm': '11.89', 'learning_rate': '8.409e-06', 'epoch': '0.391'}
{'loss': '0.4384', 'grad_norm': '7.243', 'learning_rate': '8.391e-06', 'epoch': '0.3947'}
{'loss': '0.3976', 'grad_norm': '4.633', 'learning_rate': '8.372e-06', 'epoch': '0.3983'}
{'loss': '0.4112', 'grad_norm': '13.37', 'learning_rate': '8.354e-06', 'epoch': '0.402'}
{'loss': '0.427', 'grad_norm': '18.4', 'learning_rate': '8.335e-06', 'epoch': '0.4057'}
{'eval_loss': '0.3699', 'eval_wer': '0.3007', 'eval_runtime': '25.2', 'eval_samples_per_second': '56.62', 'eval_steps_per_second': '7.102', 'epoch': '0.4057'}
{'loss': '0.4124', 'grad_norm': '8.676', 'learning_rate': '8.317e-06', 'epoch': '0.4094'}
{'loss': '0.3987', 'grad_norm': '11.25', 'learning_rate': '8.298e-06', 'epoch': '0.4131'}
{'loss': '0.3852', 'grad_norm': '8.792', 'learning_rate': '8.28e-06', 'epoch': '0.4168'}
{'loss': '0.3797', 'grad_norm': '22.61', 'learning_rate': '8.261e-06', 'epoch': '0.4205'}
{'loss': '0.3891', 'grad_norm': '5.203', 'learning_rate': '8.243e-06', 'epoch': '0.4242'}
{'loss': '0.4023', 'grad_norm': '18.31', 'learning_rate': '8.224e-06', 'epoch': '0.4279'}
{'loss': '0.399', 'grad_norm': '15.1', 'learning_rate': '8.206e-06', 'epoch': '0.4315'}
{'loss': '0.3974', 'grad_norm': '8.998', 'learning_rate': '8.187e-06', 'epoch': '0.4352'}
{'loss': '0.3791', 'grad_norm': '9.613', 'learning_rate': '8.169e-06', 'epoch': '0.4389'}
{'loss': '0.3671', 'grad_norm': '5.534', 'learning_rate': '8.15e-06', 'epoch': '0.4426'}
{'eval_loss': '0.3454', 'eval_wer': '0.2965', 'eval_runtime': '25.04', 'eval_samples_per_second': '56.99', 'eval_steps_per_second': '7.149', 'epoch': '0.4426'}
{'loss': '0.3614', 'grad_norm': '12.94', 'learning_rate': '8.131e-06', 'epoch': '0.4463'}
{'loss': '0.387', 'grad_norm': '48.62', 'learning_rate': '8.113e-06', 'epoch': '0.45'}
{'loss': '0.4251', 'grad_norm': '23.08', 'learning_rate': '8.094e-06', 'epoch': '0.4537'}
{'loss': '0.383', 'grad_norm': '8.37', 'learning_rate': '8.076e-06', 'epoch': '0.4574'}
{'loss': '0.3629', 'grad_norm': '10.13', 'learning_rate': '8.057e-06', 'epoch': '0.4611'}
{'loss': '0.3405', 'grad_norm': '7.645', 'learning_rate': '8.039e-06', 'epoch': '0.4647'}
{'loss': '0.3545', 'grad_norm': '10.42', 'learning_rate': '8.02e-06', 'epoch': '0.4684'}
{'loss': '0.3663', 'grad_norm': '27.58', 'learning_rate': '8.002e-06', 'epoch': '0.4721'}
{'loss': '0.3686', 'grad_norm': '12.1', 'learning_rate': '7.983e-06', 'epoch': '0.4758'}
{'loss': '0.3996', 'grad_norm': '16.93', 'learning_rate': '7.965e-06', 'epoch': '0.4795'}
{'eval_loss': '0.318', 'eval_wer': '0.281', 'eval_runtime': '25.37', 'eval_samples_per_second': '56.25', 'eval_steps_per_second': '7.055', 'epoch': '0.4795'}
{'loss': '0.3463', 'grad_norm': '11.69', 'learning_rate': '7.946e-06', 'epoch': '0.4832'}
{'loss': '0.3642', 'grad_norm': '10.19', 'learning_rate': '7.928e-06', 'epoch': '0.4869'}
{'loss': '0.3374', 'grad_norm': '25.52', 'learning_rate': '7.909e-06', 'epoch': '0.4906'}
{'loss': '0.3387', 'grad_norm': '9.746', 'learning_rate': '7.891e-06', 'epoch': '0.4942'}
{'loss': '0.3721', 'grad_norm': '8.166', 'learning_rate': '7.872e-06', 'epoch': '0.4979'}
{'loss': '0.35', 'grad_norm': '8.786', 'learning_rate': '7.854e-06', 'epoch': '0.5016'}
{'loss': '0.3541', 'grad_norm': '5.929', 'learning_rate': '7.835e-06', 'epoch': '0.5053'}
{'loss': '0.3434', 'grad_norm': '6.618', 'learning_rate': '7.817e-06', 'epoch': '0.509'}
{'loss': '0.3343', 'grad_norm': '21.02', 'learning_rate': '7.798e-06', 'epoch': '0.5127'}
{'loss': '0.3188', 'grad_norm': '10.18', 'learning_rate': '7.78e-06', 'epoch': '0.5164'}
{'eval_loss': '0.3103', 'eval_wer': '0.2785', 'eval_runtime': '25.21', 'eval_samples_per_second': '56.6', 'eval_steps_per_second': '7.099', 'epoch': '0.5164'}
{'loss': '0.3017', 'grad_norm': '14.72', 'learning_rate': '7.761e-06', 'epoch': '0.5201'}
{'loss': '0.3536', 'grad_norm': '3.739', 'learning_rate': '7.743e-06', 'epoch': '0.5238'}
{'loss': '0.3653', 'grad_norm': '9.903', 'learning_rate': '7.724e-06', 'epoch': '0.5274'}
{'loss': '0.3422', 'grad_norm': '9.3', 'learning_rate': '7.706e-06', 'epoch': '0.5311'}
{'loss': '0.3429', 'grad_norm': '5.98', 'learning_rate': '7.687e-06', 'epoch': '0.5348'}
{'loss': '0.316', 'grad_norm': '9.249', 'learning_rate': '7.669e-06', 'epoch': '0.5385'}
{'loss': '0.3294', 'grad_norm': '5.693', 'learning_rate': '7.65e-06', 'epoch': '0.5422'}
{'loss': '0.3171', 'grad_norm': '10.94', 'learning_rate': '7.631e-06', 'epoch': '0.5459'}
{'loss': '0.3568', 'grad_norm': 'inf', 'learning_rate': '7.613e-06', 'epoch': '0.5496'}
{'loss': '0.3181', 'grad_norm': '7.038', 'learning_rate': '7.595e-06', 'epoch': '0.5533'}
{'eval_loss': '0.2904', 'eval_wer': '0.2687', 'eval_runtime': '25.22', 'eval_samples_per_second': '56.59', 'eval_steps_per_second': '7.098', 'epoch': '0.5533'}
{'loss': '0.3374', 'grad_norm': '11.89', 'learning_rate': '7.576e-06', 'epoch': '0.5569'}
{'loss': '0.3209', 'grad_norm': '16.26', 'learning_rate': '7.558e-06', 'epoch': '0.5606'}
{'loss': '0.3256', 'grad_norm': '17.25', 'learning_rate': '7.539e-06', 'epoch': '0.5643'}
{'loss': '0.3325', 'grad_norm': '5.488', 'learning_rate': '7.521e-06', 'epoch': '0.568'}
{'loss': '0.2968', 'grad_norm': '5.543', 'learning_rate': '7.502e-06', 'epoch': '0.5717'}
{'loss': '0.319', 'grad_norm': '13.57', 'learning_rate': '7.484e-06', 'epoch': '0.5754'}
{'loss': '0.3186', 'grad_norm': '12.29', 'learning_rate': '7.465e-06', 'epoch': '0.5791'}
{'loss': '0.2809', 'grad_norm': '4.041', 'learning_rate': '7.447e-06', 'epoch': '0.5828'}
{'loss': '0.2894', 'grad_norm': '12.32', 'learning_rate': '7.428e-06', 'epoch': '0.5865'}
{'loss': '0.328', 'grad_norm': '7.241', 'learning_rate': '7.41e-06', 'epoch': '0.5901'}
{'eval_loss': '0.2774', 'eval_wer': '0.2673', 'eval_runtime': '25.27', 'eval_samples_per_second': '56.48', 'eval_steps_per_second': '7.084', 'epoch': '0.5901'}
{'loss': '0.2899', 'grad_norm': '4.691', 'learning_rate': '7.391e-06', 'epoch': '0.5938'}
{'loss': '0.284', 'grad_norm': '4.973', 'learning_rate': '7.373e-06', 'epoch': '0.5975'}
{'loss': '0.3294', 'grad_norm': '42.73', 'learning_rate': '7.354e-06', 'epoch': '0.6012'}
{'loss': '0.3105', 'grad_norm': '11.75', 'learning_rate': '7.336e-06', 'epoch': '0.6049'}
{'loss': '0.2902', 'grad_norm': '18.66', 'learning_rate': '7.317e-06', 'epoch': '0.6086'}
{'loss': '0.3188', 'grad_norm': '9.456', 'learning_rate': '7.299e-06', 'epoch': '0.6123'}
{'loss': '0.3008', 'grad_norm': 'inf', 'learning_rate': '7.28e-06', 'epoch': '0.616'}
{'loss': '0.2819', 'grad_norm': '7.688', 'learning_rate': '7.262e-06', 'epoch': '0.6197'}
{'loss': '0.282', 'grad_norm': '6.731', 'learning_rate': '7.243e-06', 'epoch': '0.6233'}
{'loss': '0.2953', 'grad_norm': '3.881', 'learning_rate': '7.225e-06', 'epoch': '0.627'}
{'eval_loss': '0.2572', 'eval_wer': '0.2565', 'eval_runtime': '25.32', 'eval_samples_per_second': '56.37', 'eval_steps_per_second': '7.07', 'epoch': '0.627'}
{'loss': '0.259', 'grad_norm': '9.625', 'learning_rate': '7.206e-06', 'epoch': '0.6307'}
{'loss': '0.2697', 'grad_norm': '10.86', 'learning_rate': '7.188e-06', 'epoch': '0.6344'}
{'loss': '0.2881', 'grad_norm': '7.163', 'learning_rate': '7.169e-06', 'epoch': '0.6381'}
{'loss': '0.2945', 'grad_norm': '16.53', 'learning_rate': '7.151e-06', 'epoch': '0.6418'}
{'loss': '0.2752', 'grad_norm': '9.717', 'learning_rate': '7.132e-06', 'epoch': '0.6455'}
{'loss': '0.3023', 'grad_norm': '10.76', 'learning_rate': '7.114e-06', 'epoch': '0.6492'}
{'loss': '0.2753', 'grad_norm': '4.534', 'learning_rate': '7.095e-06', 'epoch': '0.6528'}
{'loss': '0.2912', 'grad_norm': '7.254', 'learning_rate': '7.077e-06', 'epoch': '0.6565'}
{'loss': '0.2731', 'grad_norm': '5.231', 'learning_rate': '7.058e-06', 'epoch': '0.6602'}
{'loss': '0.3072', 'grad_norm': '16.92', 'learning_rate': '7.04e-06', 'epoch': '0.6639'}
{'eval_loss': '0.2424', 'eval_wer': '0.2509', 'eval_runtime': '25.2', 'eval_samples_per_second': '56.63', 'eval_steps_per_second': '7.104', 'epoch': '0.6639'}
{'loss': '0.2741', 'grad_norm': '6.879', 'learning_rate': '7.021e-06', 'epoch': '0.6676'}
{'loss': '0.28', 'grad_norm': '37.68', 'learning_rate': '7.003e-06', 'epoch': '0.6713'}
{'loss': '0.2857', 'grad_norm': '23.94', 'learning_rate': '6.984e-06', 'epoch': '0.675'}
{'loss': '0.2613', 'grad_norm': '9.907', 'learning_rate': '6.966e-06', 'epoch': '0.6787'}
{'loss': '0.2582', 'grad_norm': '10', 'learning_rate': '6.947e-06', 'epoch': '0.6824'}
{'loss': '0.2836', 'grad_norm': '9.543', 'learning_rate': '6.929e-06', 'epoch': '0.686'}
{'loss': '0.2966', 'grad_norm': '5.589', 'learning_rate': '6.91e-06', 'epoch': '0.6897'}
{'loss': '0.2951', 'grad_norm': '9.817', 'learning_rate': '6.891e-06', 'epoch': '0.6934'}
{'loss': '0.286', 'grad_norm': '18.2', 'learning_rate': '6.873e-06', 'epoch': '0.6971'}
{'loss': '0.2673', 'grad_norm': '5.319', 'learning_rate': '6.854e-06', 'epoch': '0.7008'}
{'eval_loss': '0.2369', 'eval_wer': '0.2396', 'eval_runtime': '25.06', 'eval_samples_per_second': '56.95', 'eval_steps_per_second': '7.144', 'epoch': '0.7008'}
{'loss': '0.2622', 'grad_norm': '12.56', 'learning_rate': '6.836e-06', 'epoch': '0.7045'}
{'loss': '0.2656', 'grad_norm': '4.373', 'learning_rate': '6.817e-06', 'epoch': '0.7082'}
{'loss': '0.2489', 'grad_norm': '12.81', 'learning_rate': '6.799e-06', 'epoch': '0.7119'}
{'loss': '0.2558', 'grad_norm': '4.637', 'learning_rate': '6.78e-06', 'epoch': '0.7156'}
{'loss': '0.2586', 'grad_norm': '33.75', 'learning_rate': '6.762e-06', 'epoch': '0.7192'}
{'loss': '0.2336', 'grad_norm': '3.92', 'learning_rate': '6.743e-06', 'epoch': '0.7229'}
{'loss': '0.2639', 'grad_norm': '11.41', 'learning_rate': '6.725e-06', 'epoch': '0.7266'}
{'loss': '0.2717', 'grad_norm': '11.03', 'learning_rate': '6.706e-06', 'epoch': '0.7303'}
{'loss': '0.2617', 'grad_norm': '10.93', 'learning_rate': '6.688e-06', 'epoch': '0.734'}
{'loss': '0.2916', 'grad_norm': '6.811', 'learning_rate': '6.669e-06', 'epoch': '0.7377'}
{'eval_loss': '0.2352', 'eval_wer': '0.2531', 'eval_runtime': '25.08', 'eval_samples_per_second': '56.9', 'eval_steps_per_second': '7.138', 'epoch': '0.7377'}
{'loss': '0.2431', 'grad_norm': '23.28', 'learning_rate': '6.651e-06', 'epoch': '0.7414'}
{'loss': '0.2451', 'grad_norm': '4.742', 'learning_rate': '6.632e-06', 'epoch': '0.7451'}
{'loss': '0.2821', 'grad_norm': '33.71', 'learning_rate': '6.614e-06', 'epoch': '0.7487'}
{'loss': '0.2597', 'grad_norm': '4.708', 'learning_rate': '6.595e-06', 'epoch': '0.7524'}
{'loss': '0.231', 'grad_norm': '16.63', 'learning_rate': '6.577e-06', 'epoch': '0.7561'}
{'loss': '0.2646', 'grad_norm': '10.65', 'learning_rate': '6.558e-06', 'epoch': '0.7598'}
{'loss': '0.286', 'grad_norm': '4.409', 'learning_rate': '6.54e-06', 'epoch': '0.7635'}
{'loss': '0.2546', 'grad_norm': '6.857', 'learning_rate': '6.521e-06', 'epoch': '0.7672'}
{'loss': '0.2473', 'grad_norm': '7.685', 'learning_rate': '6.503e-06', 'epoch': '0.7709'}
{'loss': '0.2503', 'grad_norm': '8.885', 'learning_rate': '6.484e-06', 'epoch': '0.7746'}
{'eval_loss': '0.2299', 'eval_wer': '0.2498', 'eval_runtime': '25.12', 'eval_samples_per_second': '56.81', 'eval_steps_per_second': '7.126', 'epoch': '0.7746'}
{'loss': '0.2539', 'grad_norm': '15.97', 'learning_rate': '6.466e-06', 'epoch': '0.7783'}
{'loss': '0.2399', 'grad_norm': '6.808', 'learning_rate': '6.447e-06', 'epoch': '0.7819'}
{'loss': '0.2832', 'grad_norm': '19.52', 'learning_rate': '6.429e-06', 'epoch': '0.7856'}
{'loss': '0.2463', 'grad_norm': '10.73', 'learning_rate': '6.41e-06', 'epoch': '0.7893'}
{'loss': '0.2593', 'grad_norm': '9.614', 'learning_rate': '6.391e-06', 'epoch': '0.793'}
{'loss': '0.2577', 'grad_norm': '18.9', 'learning_rate': '6.373e-06', 'epoch': '0.7967'}
{'loss': '0.2351', 'grad_norm': '8.417', 'learning_rate': '6.354e-06', 'epoch': '0.8004'}
{'loss': '0.2212', 'grad_norm': '5.88', 'learning_rate': '6.336e-06', 'epoch': '0.8041'}
{'loss': '0.2602', 'grad_norm': '4.674', 'learning_rate': '6.318e-06', 'epoch': '0.8078'}
{'loss': '0.2352', 'grad_norm': '6.429', 'learning_rate': '6.299e-06', 'epoch': '0.8114'}
{'eval_loss': '0.2256', 'eval_wer': '0.2426', 'eval_runtime': '25.27', 'eval_samples_per_second': '56.47', 'eval_steps_per_second': '7.083', 'epoch': '0.8114'}
{'loss': '0.2766', 'grad_norm': '16.28', 'learning_rate': '6.281e-06', 'epoch': '0.8151'}
{'loss': '0.2668', 'grad_norm': '7.725', 'learning_rate': '6.262e-06', 'epoch': '0.8188'}
{'loss': '0.2584', 'grad_norm': '9.947', 'learning_rate': '6.244e-06', 'epoch': '0.8225'}
{'loss': '0.2372', 'grad_norm': '5.266', 'learning_rate': '6.225e-06', 'epoch': '0.8262'}
{'loss': '0.2317', 'grad_norm': '3.371', 'learning_rate': '6.207e-06', 'epoch': '0.8299'}
{'loss': '0.2611', 'grad_norm': '18.87', 'learning_rate': '6.188e-06', 'epoch': '0.8336'}
{'loss': '0.2381', 'grad_norm': '3.618', 'learning_rate': '6.17e-06', 'epoch': '0.8373'}
{'loss': '0.2444', 'grad_norm': '21.02', 'learning_rate': '6.151e-06', 'epoch': '0.841'}
{'loss': '0.2456', 'grad_norm': '13.97', 'learning_rate': '6.133e-06', 'epoch': '0.8446'}
{'loss': '0.2284', 'grad_norm': '8.326', 'learning_rate': '6.114e-06', 'epoch': '0.8483'}
{'eval_loss': '0.2326', 'eval_wer': '0.2511', 'eval_runtime': '25.73', 'eval_samples_per_second': '55.45', 'eval_steps_per_second': '6.956', 'epoch': '0.8483'}
{'loss': '0.2406', 'grad_norm': '4.249', 'learning_rate': '6.096e-06', 'epoch': '0.852'}
{'loss': '0.2273', 'grad_norm': '10.7', 'learning_rate': '6.077e-06', 'epoch': '0.8557'}
{'loss': '0.2427', 'grad_norm': '6.149', 'learning_rate': '6.059e-06', 'epoch': '0.8594'}
{'loss': '0.237', 'grad_norm': '14.67', 'learning_rate': '6.04e-06', 'epoch': '0.8631'}
{'loss': '0.2532', 'grad_norm': '14.21', 'learning_rate': '6.021e-06', 'epoch': '0.8668'}
{'loss': '0.2234', 'grad_norm': '30.03', 'learning_rate': '6.003e-06', 'epoch': '0.8705'}
{'loss': '0.2117', 'grad_norm': '6.407', 'learning_rate': '5.984e-06', 'epoch': '0.8742'}
{'loss': '0.2332', 'grad_norm': '28.52', 'learning_rate': '5.966e-06', 'epoch': '0.8778'}
{'loss': '0.2243', 'grad_norm': '9.145', 'learning_rate': '5.947e-06', 'epoch': '0.8815'}
{'loss': '0.235', 'grad_norm': '9.525', 'learning_rate': '5.929e-06', 'epoch': '0.8852'}
{'eval_loss': '0.2099', 'eval_wer': '0.2419', 'eval_runtime': '25.07', 'eval_samples_per_second': '56.92', 'eval_steps_per_second': '7.14', 'epoch': '0.8852'}
{'loss': '0.2538', 'grad_norm': '6.711', 'learning_rate': '5.91e-06', 'epoch': '0.8889'}
{'loss': '0.2531', 'grad_norm': '15.92', 'learning_rate': '5.892e-06', 'epoch': '0.8926'}
{'loss': '0.2281', 'grad_norm': '7.036', 'learning_rate': '5.873e-06', 'epoch': '0.8963'}
{'loss': '0.235', 'grad_norm': '16.24', 'learning_rate': '5.855e-06', 'epoch': '0.9'}
{'loss': '0.2284', 'grad_norm': '3.438', 'learning_rate': '5.836e-06', 'epoch': '0.9037'}
{'loss': '0.2454', 'grad_norm': '10.5', 'learning_rate': '5.818e-06', 'epoch': '0.9073'}
{'loss': '0.2637', 'grad_norm': '10.66', 'learning_rate': '5.799e-06', 'epoch': '0.911'}
{'loss': '0.2536', 'grad_norm': '11.05', 'learning_rate': '5.781e-06', 'epoch': '0.9147'}
{'loss': '0.2614', 'grad_norm': '4.967', 'learning_rate': '5.762e-06', 'epoch': '0.9184'}
{'loss': '0.2449', 'grad_norm': '3.128', 'learning_rate': '5.744e-06', 'epoch': '0.9221'}
{'eval_loss': '0.2018', 'eval_wer': '0.231', 'eval_runtime': '25.21', 'eval_samples_per_second': '56.6', 'eval_steps_per_second': '7.1', 'epoch': '0.9221'}
{'loss': '0.2473', 'grad_norm': '5.935', 'learning_rate': '5.725e-06', 'epoch': '0.9258'}
{'loss': '0.2196', 'grad_norm': '16.65', 'learning_rate': '5.707e-06', 'epoch': '0.9295'}
{'loss': '0.22', 'grad_norm': '15.79', 'learning_rate': '5.688e-06', 'epoch': '0.9332'}
{'loss': '0.2424', 'grad_norm': '17.28', 'learning_rate': '5.67e-06', 'epoch': '0.9369'}
{'loss': '0.2032', 'grad_norm': '7.94', 'learning_rate': '5.651e-06', 'epoch': '0.9405'}
{'loss': '0.2591', 'grad_norm': '11.56', 'learning_rate': '5.633e-06', 'epoch': '0.9442'}
{'loss': '0.2371', 'grad_norm': '8.724', 'learning_rate': '5.614e-06', 'epoch': '0.9479'}
{'loss': '0.2424', 'grad_norm': '15.39', 'learning_rate': '5.596e-06', 'epoch': '0.9516'}
{'loss': '0.2202', 'grad_norm': '8.325', 'learning_rate': '5.577e-06', 'epoch': '0.9553'}
{'loss': '0.2208', 'grad_norm': '9.682', 'learning_rate': '5.559e-06', 'epoch': '0.959'}
{'eval_loss': '0.1971', 'eval_wer': '0.2307', 'eval_runtime': '25.48', 'eval_samples_per_second': '56.01', 'eval_steps_per_second': '7.026', 'epoch': '0.959'}
{'loss': '0.2105', 'grad_norm': '5.095', 'learning_rate': '5.54e-06', 'epoch': '0.9627'}
{'loss': '0.2271', 'grad_norm': '18.17', 'learning_rate': '5.521e-06', 'epoch': '0.9664'}
{'loss': '0.2054', 'grad_norm': '4.482', 'learning_rate': '5.503e-06', 'epoch': '0.9701'}
{'loss': '0.2167', 'grad_norm': '16.39', 'learning_rate': '5.485e-06', 'epoch': '0.9737'}
{'loss': '0.2068', 'grad_norm': '4.827', 'learning_rate': '5.466e-06', 'epoch': '0.9774'}
{'loss': '0.2102', 'grad_norm': '5.833', 'learning_rate': '5.448e-06', 'epoch': '0.9811'}
{'loss': '0.2182', 'grad_norm': '2.688', 'learning_rate': '5.429e-06', 'epoch': '0.9848'}
{'loss': '0.2445', 'grad_norm': '11.25', 'learning_rate': '5.411e-06', 'epoch': '0.9885'}
{'loss': '0.2491', 'grad_norm': '4.074', 'learning_rate': '5.393e-06', 'epoch': '0.9922'}
{'loss': '0.2191', 'grad_norm': '3.162', 'learning_rate': '5.374e-06', 'epoch': '0.9959'}
{'eval_loss': '0.1877', 'eval_wer': '0.2304', 'eval_runtime': '25.43', 'eval_samples_per_second': '56.12', 'eval_steps_per_second': '7.039', 'epoch': '0.9959'}
{'loss': '0.2139', 'grad_norm': '7.619', 'learning_rate': '5.356e-06', 'epoch': '0.9996'}
{'loss': '0.2001', 'grad_norm': '6.54', 'learning_rate': '5.337e-06', 'epoch': '1.003'}
{'loss': '0.1857', 'grad_norm': '4.819', 'learning_rate': '5.319e-06', 'epoch': '1.007'}
{'loss': '0.2099', 'grad_norm': '3.114', 'learning_rate': '5.3e-06', 'epoch': '1.011'}
{'loss': '0.1901', 'grad_norm': '4.976', 'learning_rate': '5.281e-06', 'epoch': '1.014'}
{'loss': '0.2323', 'grad_norm': '3.305', 'learning_rate': '5.263e-06', 'epoch': '1.018'}
{'loss': '0.1952', 'grad_norm': '2.086', 'learning_rate': '5.244e-06', 'epoch': '1.022'}
{'loss': '0.1904', 'grad_norm': '10.43', 'learning_rate': '5.226e-06', 'epoch': '1.025'}
{'loss': '0.2054', 'grad_norm': '2.068', 'learning_rate': '5.207e-06', 'epoch': '1.029'}
{'loss': '0.2163', 'grad_norm': '4.371', 'learning_rate': '5.189e-06', 'epoch': '1.033'}
{'eval_loss': '0.1806', 'eval_wer': '0.2219', 'eval_runtime': '25.3', 'eval_samples_per_second': '56.41', 'eval_steps_per_second': '7.076', 'epoch': '1.033'}
{'loss': '0.2021', 'grad_norm': '3.84', 'learning_rate': '5.17e-06', 'epoch': '1.036'}
{'loss': '0.2112', 'grad_norm': '8.934', 'learning_rate': '5.152e-06', 'epoch': '1.04'}
{'loss': '0.1941', 'grad_norm': '3.545', 'learning_rate': '5.133e-06', 'epoch': '1.044'}
{'loss': '0.2002', 'grad_norm': '4.661', 'learning_rate': '5.115e-06', 'epoch': '1.048'}
{'loss': '0.1933', 'grad_norm': '7.614', 'learning_rate': '5.096e-06', 'epoch': '1.051'}
{'loss': '0.2105', 'grad_norm': '4.096', 'learning_rate': '5.078e-06', 'epoch': '1.055'}
{'loss': '0.1852', 'grad_norm': '3.436', 'learning_rate': '5.059e-06', 'epoch': '1.059'}
{'loss': '0.206', 'grad_norm': '4.395', 'learning_rate': '5.041e-06', 'epoch': '1.062'}
{'loss': '0.1792', 'grad_norm': '3.443', 'learning_rate': '5.022e-06', 'epoch': '1.066'}
{'loss': '0.204', 'grad_norm': '5.351', 'learning_rate': '5.004e-06', 'epoch': '1.07'}
{'eval_loss': '0.1832', 'eval_wer': '0.2234', 'eval_runtime': '25.2', 'eval_samples_per_second': '56.62', 'eval_steps_per_second': '7.103', 'epoch': '1.07'}
{'loss': '0.2092', 'grad_norm': '5.13', 'learning_rate': '4.985e-06', 'epoch': '1.073'}
{'loss': '0.2028', 'grad_norm': '3.924', 'learning_rate': '4.967e-06', 'epoch': '1.077'}
{'loss': '0.2236', 'grad_norm': '2.286', 'learning_rate': '4.948e-06', 'epoch': '1.081'}
{'loss': '0.2283', 'grad_norm': '4.29', 'learning_rate': '4.93e-06', 'epoch': '1.084'}
{'loss': '0.1783', 'grad_norm': '3.29', 'learning_rate': '4.911e-06', 'epoch': '1.088'}
{'loss': '0.2286', 'grad_norm': '1.733', 'learning_rate': '4.893e-06', 'epoch': '1.092'}
{'loss': '0.1933', 'grad_norm': '3.231', 'learning_rate': '4.874e-06', 'epoch': '1.095'}
{'loss': '0.198', 'grad_norm': '4.256', 'learning_rate': '4.856e-06', 'epoch': '1.099'}
{'loss': '0.203', 'grad_norm': '10.54', 'learning_rate': '4.837e-06', 'epoch': '1.103'}
{'loss': '0.1849', 'grad_norm': '4.768', 'learning_rate': '4.819e-06', 'epoch': '1.107'}
{'eval_loss': '0.1776', 'eval_wer': '0.2188', 'eval_runtime': '25.48', 'eval_samples_per_second': '56.01', 'eval_steps_per_second': '7.026', 'epoch': '1.107'}
{'loss': '0.1948', 'grad_norm': '5.448', 'learning_rate': '4.8e-06', 'epoch': '1.11'}
{'loss': '0.1915', 'grad_norm': '10.44', 'learning_rate': '4.781e-06', 'epoch': '1.114'}
{'loss': '0.2183', 'grad_norm': '4.622', 'learning_rate': '4.763e-06', 'epoch': '1.118'}
{'loss': '0.217', 'grad_norm': '2.667', 'learning_rate': '4.744e-06', 'epoch': '1.121'}
{'loss': '0.2145', 'grad_norm': '3.077', 'learning_rate': '4.726e-06', 'epoch': '1.125'}
{'loss': '0.1758', 'grad_norm': '9.933', 'learning_rate': '4.707e-06', 'epoch': '1.129'}
{'loss': '0.1955', 'grad_norm': '4.597', 'learning_rate': '4.689e-06', 'epoch': '1.132'}
{'loss': '0.2223', 'grad_norm': '3.563', 'learning_rate': '4.67e-06', 'epoch': '1.136'}
{'loss': '0.1937', 'grad_norm': '8.637', 'learning_rate': '4.652e-06', 'epoch': '1.14'}
{'loss': '0.2233', 'grad_norm': '9.862', 'learning_rate': '4.633e-06', 'epoch': '1.143'}
{'eval_loss': '0.1681', 'eval_wer': '0.2171', 'eval_runtime': '28.87', 'eval_samples_per_second': '49.43', 'eval_steps_per_second': '6.2', 'epoch': '1.143'}
{'loss': '0.1902', 'grad_norm': '2.909', 'learning_rate': '4.615e-06', 'epoch': '1.147'}
{'loss': '0.1884', 'grad_norm': '3.23', 'learning_rate': '4.596e-06', 'epoch': '1.151'}
{'loss': '0.1962', 'grad_norm': '3.491', 'learning_rate': '4.578e-06', 'epoch': '1.154'}
{'loss': '0.2226', 'grad_norm': '4.169', 'learning_rate': '4.559e-06', 'epoch': '1.158'}
{'loss': '0.1758', 'grad_norm': '3.924', 'learning_rate': '4.541e-06', 'epoch': '1.162'}
{'loss': '0.1868', 'grad_norm': '4.176', 'learning_rate': '4.522e-06', 'epoch': '1.166'}
{'loss': '0.1932', 'grad_norm': '4.588', 'learning_rate': '4.504e-06', 'epoch': '1.169'}
{'loss': '0.1991', 'grad_norm': '2.344', 'learning_rate': '4.485e-06', 'epoch': '1.173'}
{'loss': '0.2142', 'grad_norm': '3.336', 'learning_rate': '4.467e-06', 'epoch': '1.177'}
{'loss': '0.1796', 'grad_norm': '5.335', 'learning_rate': '4.448e-06', 'epoch': '1.18'}
{'eval_loss': '0.1652', 'eval_wer': '0.215', 'eval_runtime': '25', 'eval_samples_per_second': '57.07', 'eval_steps_per_second': '7.159', 'epoch': '1.18'}
{'loss': '0.2017', 'grad_norm': '4.16', 'learning_rate': '4.43e-06', 'epoch': '1.184'}
{'loss': '0.201', 'grad_norm': '3.253', 'learning_rate': '4.411e-06', 'epoch': '1.188'}
{'loss': '0.1848', 'grad_norm': '7.778', 'learning_rate': '4.393e-06', 'epoch': '1.191'}
{'loss': '0.1982', 'grad_norm': '4.468', 'learning_rate': '4.374e-06', 'epoch': '1.195'}
{'loss': '0.1818', 'grad_norm': '2.177', 'learning_rate': '4.356e-06', 'epoch': '1.199'}
{'loss': '0.1743', 'grad_norm': '2.192', 'learning_rate': '4.337e-06', 'epoch': '1.202'}
{'loss': '0.2136', 'grad_norm': '9.577', 'learning_rate': '4.319e-06', 'epoch': '1.206'}
{'loss': '0.1773', 'grad_norm': '4.647', 'learning_rate': '4.3e-06', 'epoch': '1.21'}
{'loss': '0.1922', 'grad_norm': '2.557', 'learning_rate': '4.281e-06', 'epoch': '1.213'}
{'loss': '0.1853', 'grad_norm': '4.076', 'learning_rate': '4.263e-06', 'epoch': '1.217'}
{'eval_loss': '0.1641', 'eval_wer': '0.2074', 'eval_runtime': '25.09', 'eval_samples_per_second': '56.87', 'eval_steps_per_second': '7.134', 'epoch': '1.217'}
{'loss': '0.1993', 'grad_norm': '6.479', 'learning_rate': '4.244e-06', 'epoch': '1.221'}
{'loss': '0.1703', 'grad_norm': '4.912', 'learning_rate': '4.226e-06', 'epoch': '1.225'}
{'loss': '0.2028', 'grad_norm': '3.647', 'learning_rate': '4.207e-06', 'epoch': '1.228'}
{'loss': '0.1921', 'grad_norm': '3.51', 'learning_rate': '4.189e-06', 'epoch': '1.232'}
{'loss': '0.1932', 'grad_norm': '6.609', 'learning_rate': '4.17e-06', 'epoch': '1.236'}
{'loss': '0.1842', 'grad_norm': '3.038', 'learning_rate': '4.152e-06', 'epoch': '1.239'}
{'loss': '0.1737', 'grad_norm': '1.347', 'learning_rate': '4.133e-06', 'epoch': '1.243'}
{'loss': '0.1706', 'grad_norm': '3.231', 'learning_rate': '4.115e-06', 'epoch': '1.247'}
{'loss': '0.2051', 'grad_norm': '6.383', 'learning_rate': '4.096e-06', 'epoch': '1.25'}
{'loss': '0.2269', 'grad_norm': '9.325', 'learning_rate': '4.078e-06', 'epoch': '1.254'}
{'eval_loss': '0.1573', 'eval_wer': '0.2071', 'eval_runtime': '25.09', 'eval_samples_per_second': '56.88', 'eval_steps_per_second': '7.135', 'epoch': '1.254'}
{'loss': '0.1846', 'grad_norm': '2.744', 'learning_rate': '4.059e-06', 'epoch': '1.258'}
{'loss': '0.1771', 'grad_norm': '1.109', 'learning_rate': '4.041e-06', 'epoch': '1.261'}
{'loss': '0.1704', 'grad_norm': '5.112', 'learning_rate': '4.022e-06', 'epoch': '1.265'}
{'loss': '0.1732', 'grad_norm': '2.179', 'learning_rate': '4.004e-06', 'epoch': '1.269'}
{'loss': '0.2091', 'grad_norm': '3.209', 'learning_rate': '3.985e-06', 'epoch': '1.272'}
{'loss': '0.1875', 'grad_norm': '3.137', 'learning_rate': '3.967e-06', 'epoch': '1.276'}
{'loss': '0.1829', 'grad_norm': '1.863', 'learning_rate': '3.948e-06', 'epoch': '1.28'}
{'loss': '0.1828', 'grad_norm': '2.673', 'learning_rate': '3.93e-06', 'epoch': '1.284'}
{'loss': '0.1907', 'grad_norm': '2.149', 'learning_rate': '3.911e-06', 'epoch': '1.287'}
{'loss': '0.2048', 'grad_norm': '4.567', 'learning_rate': '3.893e-06', 'epoch': '1.291'}
{'eval_loss': '0.1627', 'eval_wer': '0.2126', 'eval_runtime': '25.23', 'eval_samples_per_second': '56.55', 'eval_steps_per_second': '7.094', 'epoch': '1.291'}
{'loss': '0.1968', 'grad_norm': '2.347', 'learning_rate': '3.874e-06', 'epoch': '1.295'}
{'loss': '0.1815', 'grad_norm': '3.74', 'learning_rate': '3.856e-06', 'epoch': '1.298'}
{'loss': '0.1784', 'grad_norm': '3.33', 'learning_rate': '3.837e-06', 'epoch': '1.302'}
{'loss': '0.1966', 'grad_norm': '1.39', 'learning_rate': '3.819e-06', 'epoch': '1.306'}
{'loss': '0.2004', 'grad_norm': '5.541', 'learning_rate': '3.8e-06', 'epoch': '1.309'}
{'loss': '0.1651', 'grad_norm': '3.657', 'learning_rate': '3.781e-06', 'epoch': '1.313'}
{'loss': '0.1933', 'grad_norm': '4.537', 'learning_rate': '3.763e-06', 'epoch': '1.317'}
{'loss': '0.1802', 'grad_norm': '5.115', 'learning_rate': '3.744e-06', 'epoch': '1.32'}
{'loss': '0.1841', 'grad_norm': '2.728', 'learning_rate': '3.726e-06', 'epoch': '1.324'}
{'loss': '0.174', 'grad_norm': '2.465', 'learning_rate': '3.707e-06', 'epoch': '1.328'}
{'eval_loss': '0.1614', 'eval_wer': '0.214', 'eval_runtime': '25.2', 'eval_samples_per_second': '56.62', 'eval_steps_per_second': '7.102', 'epoch': '1.328'}
{'loss': '0.2076', 'grad_norm': '6.361', 'learning_rate': '3.689e-06', 'epoch': '1.332'}
{'loss': '0.168', 'grad_norm': '2.601', 'learning_rate': '3.67e-06', 'epoch': '1.335'}
{'loss': '0.2019', 'grad_norm': '9.619', 'learning_rate': '3.652e-06', 'epoch': '1.339'}
{'loss': '0.1971', 'grad_norm': '3.338', 'learning_rate': '3.633e-06', 'epoch': '1.343'}
{'loss': '0.1686', 'grad_norm': '2.197', 'learning_rate': '3.615e-06', 'epoch': '1.346'}
{'loss': '0.1891', 'grad_norm': '2.744', 'learning_rate': '3.596e-06', 'epoch': '1.35'}
{'loss': '0.1726', 'grad_norm': '6.477', 'learning_rate': '3.578e-06', 'epoch': '1.354'}
{'loss': '0.1789', 'grad_norm': '2.409', 'learning_rate': '3.559e-06', 'epoch': '1.357'}
{'loss': '0.1674', 'grad_norm': '1.885', 'learning_rate': '3.541e-06', 'epoch': '1.361'}
{'loss': '0.1717', 'grad_norm': '4.966', 'learning_rate': '3.522e-06', 'epoch': '1.365'}
{'eval_loss': '0.1589', 'eval_wer': '0.2102', 'eval_runtime': '25.23', 'eval_samples_per_second': '56.56', 'eval_steps_per_second': '7.095', 'epoch': '1.365'}
{'loss': '0.1861', 'grad_norm': '3.487', 'learning_rate': '3.504e-06', 'epoch': '1.368'}
{'loss': '0.1794', 'grad_norm': '9.257', 'learning_rate': '3.485e-06', 'epoch': '1.372'}
{'loss': '0.1763', 'grad_norm': '4.365', 'learning_rate': '3.467e-06', 'epoch': '1.376'}
{'loss': '0.1752', 'grad_norm': '2.243', 'learning_rate': '3.448e-06', 'epoch': '1.379'}
{'loss': '0.1769', 'grad_norm': '3.81', 'learning_rate': '3.43e-06', 'epoch': '1.383'}
{'loss': '0.1788', 'grad_norm': '3.041', 'learning_rate': '3.411e-06', 'epoch': '1.387'}
{'loss': '0.178', 'grad_norm': '3.117', 'learning_rate': '3.393e-06', 'epoch': '1.391'}
{'loss': '0.1672', 'grad_norm': '3.198', 'learning_rate': '3.374e-06', 'epoch': '1.394'}
{'loss': '0.1843', 'grad_norm': '0.7552', 'learning_rate': '3.356e-06', 'epoch': '1.398'}
{'loss': '0.1714', 'grad_norm': '4.639', 'learning_rate': '3.337e-06', 'epoch': '1.402'}
{'eval_loss': '0.1623', 'eval_wer': '0.2104', 'eval_runtime': '25.4', 'eval_samples_per_second': '56.19', 'eval_steps_per_second': '7.048', 'epoch': '1.402'}
{'loss': '0.2218', 'grad_norm': '7.486', 'learning_rate': '3.319e-06', 'epoch': '1.405'}
{'loss': '0.186', 'grad_norm': '4.08', 'learning_rate': '3.3e-06', 'epoch': '1.409'}
{'loss': '0.1934', 'grad_norm': '6.782', 'learning_rate': '3.281e-06', 'epoch': '1.413'}
{'loss': '0.1746', 'grad_norm': '1.857', 'learning_rate': '3.263e-06', 'epoch': '1.416'}
{'loss': '0.1993', 'grad_norm': '3.87', 'learning_rate': '3.244e-06', 'epoch': '1.42'}
{'loss': '0.174', 'grad_norm': '2.999', 'learning_rate': '3.226e-06', 'epoch': '1.424'}
{'loss': '0.1708', 'grad_norm': '1.957', 'learning_rate': '3.207e-06', 'epoch': '1.427'}
{'loss': '0.1886', 'grad_norm': '4.133', 'learning_rate': '3.189e-06', 'epoch': '1.431'}
{'loss': '0.18', 'grad_norm': '2.864', 'learning_rate': '3.17e-06', 'epoch': '1.435'}
{'loss': '0.189', 'grad_norm': '1.452', 'learning_rate': '3.152e-06', 'epoch': '1.438'}
{'eval_loss': '0.1612', 'eval_wer': '0.2137', 'eval_runtime': '25.39', 'eval_samples_per_second': '56.2', 'eval_steps_per_second': '7.049', 'epoch': '1.438'}
{'loss': '0.1719', 'grad_norm': '1.994', 'learning_rate': '3.133e-06', 'epoch': '1.442'}
{'loss': '0.1754', 'grad_norm': '3.176', 'learning_rate': '3.115e-06', 'epoch': '1.446'}
{'loss': '0.1874', 'grad_norm': '5.2', 'learning_rate': '3.097e-06', 'epoch': '1.45'}
{'loss': '0.1754', 'grad_norm': '2.59', 'learning_rate': '3.078e-06', 'epoch': '1.453'}
{'loss': '0.1983', 'grad_norm': '1.177', 'learning_rate': '3.06e-06', 'epoch': '1.457'}
{'loss': '0.1726', 'grad_norm': '2.961', 'learning_rate': '3.041e-06', 'epoch': '1.461'}
{'loss': '0.1915', 'grad_norm': '1.958', 'learning_rate': '3.023e-06', 'epoch': '1.464'}
{'loss': '0.1749', 'grad_norm': '2.466', 'learning_rate': '3.004e-06', 'epoch': '1.468'}
{'loss': '0.1814', 'grad_norm': '3.545', 'learning_rate': '2.986e-06', 'epoch': '1.472'}
{'loss': '0.1751', 'grad_norm': '4.561', 'learning_rate': '2.967e-06', 'epoch': '1.475'}
{'eval_loss': '0.1539', 'eval_wer': '0.2037', 'eval_runtime': '25.58', 'eval_samples_per_second': '55.8', 'eval_steps_per_second': '6.999', 'epoch': '1.475'}
{'loss': '0.1961', 'grad_norm': '6.469', 'learning_rate': '2.949e-06', 'epoch': '1.479'}
{'loss': '0.2144', 'grad_norm': '2.065', 'learning_rate': '2.93e-06', 'epoch': '1.483'}
{'loss': '0.1634', 'grad_norm': '2.19', 'learning_rate': '2.912e-06', 'epoch': '1.486'}
{'loss': '0.1649', 'grad_norm': '3.532', 'learning_rate': '2.893e-06', 'epoch': '1.49'}
{'loss': '0.1614', 'grad_norm': '2.462', 'learning_rate': '2.875e-06', 'epoch': '1.494'}
{'loss': '0.1654', 'grad_norm': '1.576', 'learning_rate': '2.856e-06', 'epoch': '1.497'}
{'loss': '0.1746', 'grad_norm': '2.502', 'learning_rate': '2.838e-06', 'epoch': '1.501'}
{'loss': '0.1961', 'grad_norm': '4.464', 'learning_rate': '2.819e-06', 'epoch': '1.505'}
{'loss': '0.2007', 'grad_norm': '8.188', 'learning_rate': '2.801e-06', 'epoch': '1.509'}
{'loss': '0.19', 'grad_norm': '4.009', 'learning_rate': '2.782e-06', 'epoch': '1.512'}
{'eval_loss': '0.156', 'eval_wer': '0.2071', 'eval_runtime': '25.47', 'eval_samples_per_second': '56.03', 'eval_steps_per_second': '7.029', 'epoch': '1.512'}
{'loss': '0.1593', 'grad_norm': '6.294', 'learning_rate': '2.764e-06', 'epoch': '1.516'}
{'loss': '0.185', 'grad_norm': '5.123', 'learning_rate': '2.745e-06', 'epoch': '1.52'}
{'loss': '0.1618', 'grad_norm': '4.729', 'learning_rate': '2.727e-06', 'epoch': '1.523'}
{'loss': '0.1707', 'grad_norm': '1.346', 'learning_rate': '2.708e-06', 'epoch': '1.527'}
{'loss': '0.1738', 'grad_norm': '5.31', 'learning_rate': '2.69e-06', 'epoch': '1.531'}
{'loss': '0.195', 'grad_norm': '2.099', 'learning_rate': '2.671e-06', 'epoch': '1.534'}
{'loss': '0.1703', 'grad_norm': '2.575', 'learning_rate': '2.653e-06', 'epoch': '1.538'}
{'loss': '0.1706', 'grad_norm': '5.454', 'learning_rate': '2.634e-06', 'epoch': '1.542'}
{'loss': '0.1556', 'grad_norm': '3.554', 'learning_rate': '2.616e-06', 'epoch': '1.545'}
{'loss': '0.1828', 'grad_norm': '3.624', 'learning_rate': '2.597e-06', 'epoch': '1.549'}
{'eval_loss': '0.1549', 'eval_wer': '0.2076', 'eval_runtime': '25.81', 'eval_samples_per_second': '55.28', 'eval_steps_per_second': '6.934', 'epoch': '1.549'}
{'loss': '0.1687', 'grad_norm': '3.951', 'learning_rate': '2.579e-06', 'epoch': '1.553'}
{'loss': '0.1748', 'grad_norm': '5.169', 'learning_rate': '2.56e-06', 'epoch': '1.557'}
{'loss': '0.1721', 'grad_norm': '5.459', 'learning_rate': '2.541e-06', 'epoch': '1.56'}
{'loss': '0.1777', 'grad_norm': '6.003', 'learning_rate': '2.523e-06', 'epoch': '1.564'}
{'loss': '0.1543', 'grad_norm': '4.277', 'learning_rate': '2.504e-06', 'epoch': '1.568'}
{'loss': '0.1726', 'grad_norm': '2.88', 'learning_rate': '2.486e-06', 'epoch': '1.571'}
{'loss': '0.1531', 'grad_norm': '1.652', 'learning_rate': '2.467e-06', 'epoch': '1.575'}
{'loss': '0.1627', 'grad_norm': '4.099', 'learning_rate': '2.449e-06', 'epoch': '1.579'}
{'loss': '0.1785', 'grad_norm': '2.969', 'learning_rate': '2.43e-06', 'epoch': '1.582'}
{'loss': '0.1628', 'grad_norm': '3.236', 'learning_rate': '2.412e-06', 'epoch': '1.586'}
{'eval_loss': '0.1511', 'eval_wer': '0.2048', 'eval_runtime': '25.24', 'eval_samples_per_second': '56.53', 'eval_steps_per_second': '7.091', 'epoch': '1.586'}
{'loss': '0.1635', 'grad_norm': '3.552', 'learning_rate': '2.393e-06', 'epoch': '1.59'}
{'loss': '0.1668', 'grad_norm': '3.367', 'learning_rate': '2.375e-06', 'epoch': '1.593'}
{'loss': '0.1866', 'grad_norm': '2.065', 'learning_rate': '2.356e-06', 'epoch': '1.597'}
{'loss': '0.1675', 'grad_norm': '6.378', 'learning_rate': '2.338e-06', 'epoch': '1.601'}
{'loss': '0.1957', 'grad_norm': '2.801', 'learning_rate': '2.319e-06', 'epoch': '1.604'}
{'loss': '0.1905', 'grad_norm': '17.51', 'learning_rate': '2.301e-06', 'epoch': '1.608'}
{'loss': '0.1784', 'grad_norm': '5.815', 'learning_rate': '2.282e-06', 'epoch': '1.612'}
{'loss': '0.1686', 'grad_norm': '2.134', 'learning_rate': '2.264e-06', 'epoch': '1.616'}
{'loss': '0.1726', 'grad_norm': '2.926', 'learning_rate': '2.245e-06', 'epoch': '1.619'}
{'loss': '0.187', 'grad_norm': '2.855', 'learning_rate': '2.227e-06', 'epoch': '1.623'}
{'eval_loss': '0.1472', 'eval_wer': '0.2011', 'eval_runtime': '25.14', 'eval_samples_per_second': '56.77', 'eval_steps_per_second': '7.121', 'epoch': '1.623'}
{'loss': '0.1685', 'grad_norm': '3.978', 'learning_rate': '2.208e-06', 'epoch': '1.627'}
{'loss': '0.1826', 'grad_norm': '1.972', 'learning_rate': '2.19e-06', 'epoch': '1.63'}
{'loss': '0.177', 'grad_norm': '1.615', 'learning_rate': '2.171e-06', 'epoch': '1.634'}
{'loss': '0.1662', 'grad_norm': '2.403', 'learning_rate': '2.153e-06', 'epoch': '1.638'}
{'loss': '0.1708', 'grad_norm': '10.04', 'learning_rate': '2.134e-06', 'epoch': '1.641'}
{'loss': '0.1537', 'grad_norm': '1.829', 'learning_rate': '2.116e-06', 'epoch': '1.645'}
{'loss': '0.1805', 'grad_norm': '2.859', 'learning_rate': '2.097e-06', 'epoch': '1.649'}
{'loss': '0.1825', 'grad_norm': '2.13', 'learning_rate': '2.079e-06', 'epoch': '1.652'}
{'loss': '0.1657', 'grad_norm': '3.665', 'learning_rate': '2.06e-06', 'epoch': '1.656'}
{'loss': '0.1741', 'grad_norm': '1.709', 'learning_rate': '2.041e-06', 'epoch': '1.66'}
{'eval_loss': '0.1504', 'eval_wer': '0.2048', 'eval_runtime': '24.99', 'eval_samples_per_second': '57.11', 'eval_steps_per_second': '7.164', 'epoch': '1.66'}
{'loss': '0.1774', 'grad_norm': '3.682', 'learning_rate': '2.023e-06', 'epoch': '1.663'}
{'loss': '0.1988', 'grad_norm': '4.576', 'learning_rate': '2.004e-06', 'epoch': '1.667'}
{'loss': '0.1711', 'grad_norm': '5.567', 'learning_rate': '1.986e-06', 'epoch': '1.671'}
{'loss': '0.1512', 'grad_norm': '1.712', 'learning_rate': '1.967e-06', 'epoch': '1.675'}
{'loss': '0.1593', 'grad_norm': '2.288', 'learning_rate': '1.949e-06', 'epoch': '1.678'}
{'loss': '0.1617', 'grad_norm': '1.497', 'learning_rate': '1.93e-06', 'epoch': '1.682'}
{'loss': '0.16', 'grad_norm': '2.975', 'learning_rate': '1.912e-06', 'epoch': '1.686'}
{'loss': '0.1603', 'grad_norm': '3.19', 'learning_rate': '1.893e-06', 'epoch': '1.689'}
{'loss': '0.1763', 'grad_norm': '7.787', 'learning_rate': '1.875e-06', 'epoch': '1.693'}
{'loss': '0.1462', 'grad_norm': '2.813', 'learning_rate': '1.856e-06', 'epoch': '1.697'}
{'eval_loss': '0.1477', 'eval_wer': '0.2013', 'eval_runtime': '25.17', 'eval_samples_per_second': '56.69', 'eval_steps_per_second': '7.111', 'epoch': '1.697'}
{'loss': '0.1428', 'grad_norm': '2.649', 'learning_rate': '1.838e-06', 'epoch': '1.7'}
{'loss': '0.1602', 'grad_norm': '2.38', 'learning_rate': '1.819e-06', 'epoch': '1.704'}
{'loss': '0.1752', 'grad_norm': '3.567', 'learning_rate': '1.801e-06', 'epoch': '1.708'}
{'loss': '0.1973', 'grad_norm': '4.85', 'learning_rate': '1.782e-06', 'epoch': '1.711'}
{'loss': '0.1717', 'grad_norm': '3.835', 'learning_rate': '1.764e-06', 'epoch': '1.715'}
{'loss': '0.1755', 'grad_norm': '3.922', 'learning_rate': '1.745e-06', 'epoch': '1.719'}
{'loss': '0.1688', 'grad_norm': '3.024', 'learning_rate': '1.727e-06', 'epoch': '1.722'}
{'loss': '0.18', 'grad_norm': '2.148', 'learning_rate': '1.708e-06', 'epoch': '1.726'}
{'loss': '0.1611', 'grad_norm': '4.305', 'learning_rate': '1.69e-06', 'epoch': '1.73'}
{'loss': '0.1577', 'grad_norm': '2.512', 'learning_rate': '1.671e-06', 'epoch': '1.734'}
{'eval_loss': '0.1459', 'eval_wer': '0.2026', 'eval_runtime': '25', 'eval_samples_per_second': '57.07', 'eval_steps_per_second': '7.159', 'epoch': '1.734'}
{'loss': '0.1604', 'grad_norm': '6.545', 'learning_rate': '1.653e-06', 'epoch': '1.737'}
{'loss': '0.1902', 'grad_norm': '3.336', 'learning_rate': '1.634e-06', 'epoch': '1.741'}
{'loss': '0.1673', 'grad_norm': '3.324', 'learning_rate': '1.616e-06', 'epoch': '1.745'}
{'loss': '0.1433', 'grad_norm': '1.725', 'learning_rate': '1.597e-06', 'epoch': '1.748'}
{'loss': '0.195', 'grad_norm': '4.52', 'learning_rate': '1.579e-06', 'epoch': '1.752'}
{'loss': '0.1757', 'grad_norm': '5.008', 'learning_rate': '1.56e-06', 'epoch': '1.756'}
{'loss': '0.1752', 'grad_norm': '2.566', 'learning_rate': '1.541e-06', 'epoch': '1.759'}
{'loss': '0.1715', 'grad_norm': '2.974', 'learning_rate': '1.523e-06', 'epoch': '1.763'}
{'loss': '0.1691', 'grad_norm': '2.459', 'learning_rate': '1.504e-06', 'epoch': '1.767'}
{'loss': '0.1747', 'grad_norm': '2.215', 'learning_rate': '1.486e-06', 'epoch': '1.77'}
{'eval_loss': '0.1493', 'eval_wer': '0.2047', 'eval_runtime': '25.14', 'eval_samples_per_second': '56.77', 'eval_steps_per_second': '7.121', 'epoch': '1.77'}
{'loss': '0.1723', 'grad_norm': '4.777', 'learning_rate': '1.467e-06', 'epoch': '1.774'}
{'loss': '0.1733', 'grad_norm': '13.45', 'learning_rate': '1.449e-06', 'epoch': '1.778'}
{'loss': '0.1692', 'grad_norm': '3.472', 'learning_rate': '1.43e-06', 'epoch': '1.781'}
{'loss': '0.1547', 'grad_norm': '2.79', 'learning_rate': '1.412e-06', 'epoch': '1.785'}
{'loss': '0.1533', 'grad_norm': '1.656', 'learning_rate': '1.393e-06', 'epoch': '1.789'}
{'loss': '0.1655', 'grad_norm': '1.816', 'learning_rate': '1.375e-06', 'epoch': '1.793'}
{'loss': '0.1752', 'grad_norm': '2.376', 'learning_rate': '1.356e-06', 'epoch': '1.796'}
{'loss': '0.1653', 'grad_norm': '8.034', 'learning_rate': '1.338e-06', 'epoch': '1.8'}
{'loss': '0.1614', 'grad_norm': '1.782', 'learning_rate': '1.319e-06', 'epoch': '1.804'}
{'loss': '0.1537', 'grad_norm': '1.367', 'learning_rate': '1.301e-06', 'epoch': '1.807'}
{'eval_loss': '0.1459', 'eval_wer': '0.1998', 'eval_runtime': '26.36', 'eval_samples_per_second': '54.14', 'eval_steps_per_second': '6.791', 'epoch': '1.807'}
{'loss': '0.1577', 'grad_norm': '7.224', 'learning_rate': '1.282e-06', 'epoch': '1.811'}
{'loss': '0.1435', 'grad_norm': '2.988', 'learning_rate': '1.264e-06', 'epoch': '1.815'}
{'loss': '0.1417', 'grad_norm': '4.316', 'learning_rate': '1.245e-06', 'epoch': '1.818'}
{'loss': '0.1823', 'grad_norm': '2.22', 'learning_rate': '1.227e-06', 'epoch': '1.822'}
{'loss': '0.1816', 'grad_norm': '4.149', 'learning_rate': '1.208e-06', 'epoch': '1.826'}
{'loss': '0.1651', 'grad_norm': '4.388', 'learning_rate': '1.19e-06', 'epoch': '1.829'}
{'loss': '0.1539', 'grad_norm': '3.141', 'learning_rate': '1.171e-06', 'epoch': '1.833'}
{'loss': '0.1658', 'grad_norm': '2.391', 'learning_rate': '1.153e-06', 'epoch': '1.837'}
{'loss': '0.1746', 'grad_norm': '1.583', 'learning_rate': '1.134e-06', 'epoch': '1.841'}
{'loss': '0.153', 'grad_norm': '2.756', 'learning_rate': '1.116e-06', 'epoch': '1.844'}
{'eval_loss': '0.143', 'eval_wer': '0.1989', 'eval_runtime': '24.97', 'eval_samples_per_second': '57.16', 'eval_steps_per_second': '7.17', 'epoch': '1.844'}
{'loss': '0.1591', 'grad_norm': '3.208', 'learning_rate': '1.097e-06', 'epoch': '1.848'}
{'loss': '0.1612', 'grad_norm': '2.789', 'learning_rate': '1.079e-06', 'epoch': '1.852'}
{'loss': '0.1589', 'grad_norm': '2.92', 'learning_rate': '1.06e-06', 'epoch': '1.855'}
{'loss': '0.1687', 'grad_norm': '3.142', 'learning_rate': '1.041e-06', 'epoch': '1.859'}
{'loss': '0.1816', 'grad_norm': '2.514', 'learning_rate': '1.023e-06', 'epoch': '1.863'}
{'loss': '0.1696', 'grad_norm': '4.992', 'learning_rate': '1.004e-06', 'epoch': '1.866'}
{'loss': '0.1699', 'grad_norm': '4.772', 'learning_rate': '9.859e-07', 'epoch': '1.87'}
{'loss': '0.1753', 'grad_norm': '4.195', 'learning_rate': '9.674e-07', 'epoch': '1.874'}
{'loss': '0.177', 'grad_norm': '4.168', 'learning_rate': '9.493e-07', 'epoch': '1.877'}
{'loss': '0.1739', 'grad_norm': '3.016', 'learning_rate': '9.307e-07', 'epoch': '1.881'}
{'eval_loss': '0.1449', 'eval_wer': '0.202', 'eval_runtime': '25.77', 'eval_samples_per_second': '55.38', 'eval_steps_per_second': '6.946', 'epoch': '1.881'}
{'loss': '0.1605', 'grad_norm': '3.163', 'learning_rate': '9.122e-07', 'epoch': '1.885'}
{'loss': '0.1658', 'grad_norm': '2.653', 'learning_rate': '8.937e-07', 'epoch': '1.888'}
{'loss': '0.1597', 'grad_norm': '2.596', 'learning_rate': '8.752e-07', 'epoch': '1.892'}
{'loss': '0.1594', 'grad_norm': '2.438', 'learning_rate': '8.567e-07', 'epoch': '1.896'}
{'loss': '0.1849', 'grad_norm': '12.99', 'learning_rate': '8.381e-07', 'epoch': '1.9'}
{'loss': '0.1488', 'grad_norm': '4.92', 'learning_rate': '8.196e-07', 'epoch': '1.903'}
{'loss': '0.1628', 'grad_norm': '3.127', 'learning_rate': '8.011e-07', 'epoch': '1.907'}
{'loss': '0.1599', 'grad_norm': '2.304', 'learning_rate': '7.826e-07', 'epoch': '1.911'}
{'loss': '0.1639', 'grad_norm': '2.739', 'learning_rate': '7.641e-07', 'epoch': '1.914'}
{'loss': '0.1741', 'grad_norm': '4.072', 'learning_rate': '7.456e-07', 'epoch': '1.918'}
{'eval_loss': '0.1432', 'eval_wer': '0.2006', 'eval_runtime': '25.63', 'eval_samples_per_second': '55.68', 'eval_steps_per_second': '6.984', 'epoch': '1.918'}
{'loss': '0.1638', 'grad_norm': '4.21', 'learning_rate': '7.27e-07', 'epoch': '1.922'}
{'loss': '0.1924', 'grad_norm': '3.711', 'learning_rate': '7.085e-07', 'epoch': '1.925'}
{'loss': '0.1411', 'grad_norm': '4.444', 'learning_rate': '6.9e-07', 'epoch': '1.929'}
{'loss': '0.1694', 'grad_norm': '2.868', 'learning_rate': '6.715e-07', 'epoch': '1.933'}
{'loss': '0.1716', 'grad_norm': '3.221', 'learning_rate': '6.53e-07', 'epoch': '1.936'}
{'loss': '0.1659', 'grad_norm': '3.949', 'learning_rate': '6.344e-07', 'epoch': '1.94'}
{'loss': '0.1676', 'grad_norm': '5.11', 'learning_rate': '6.159e-07', 'epoch': '1.944'}
{'loss': '0.1821', 'grad_norm': '1.734', 'learning_rate': '5.974e-07', 'epoch': '1.947'}
{'loss': '0.1704', 'grad_norm': '4.29', 'learning_rate': '5.789e-07', 'epoch': '1.951'}
{'loss': '0.1714', 'grad_norm': '2.556', 'learning_rate': '5.604e-07', 'epoch': '1.955'}
{'eval_loss': '0.1451', 'eval_wer': '0.1995', 'eval_runtime': '25.56', 'eval_samples_per_second': '55.84', 'eval_steps_per_second': '7.004', 'epoch': '1.955'}
{'loss': '0.1567', 'grad_norm': '1.823', 'learning_rate': '5.419e-07', 'epoch': '1.959'}
{'loss': '0.1721', 'grad_norm': '4.196', 'learning_rate': '5.233e-07', 'epoch': '1.962'}
{'loss': '0.1489', 'grad_norm': '4.659', 'learning_rate': '5.048e-07', 'epoch': '1.966'}
{'loss': '0.1469', 'grad_norm': '3.614', 'learning_rate': '4.863e-07', 'epoch': '1.97'}
{'loss': '0.177', 'grad_norm': '3.643', 'learning_rate': '4.678e-07', 'epoch': '1.973'}
{'loss': '0.1508', 'grad_norm': '2.456', 'learning_rate': '4.493e-07', 'epoch': '1.977'}
{'loss': '0.1805', 'grad_norm': '2.004', 'learning_rate': '4.307e-07', 'epoch': '1.981'}
{'loss': '0.149', 'grad_norm': '2.117', 'learning_rate': '4.122e-07', 'epoch': '1.984'}
{'loss': '0.1631', 'grad_norm': '4.943', 'learning_rate': '3.937e-07', 'epoch': '1.988'}
{'loss': '0.133', 'grad_norm': '3.223', 'learning_rate': '3.752e-07', 'epoch': '1.992'}
{'eval_loss': '0.1455', 'eval_wer': '0.2013', 'eval_runtime': '25.6', 'eval_samples_per_second': '55.74', 'eval_steps_per_second': '6.991', 'epoch': '1.992'}
{'loss': '0.1788', 'grad_norm': '2.37', 'learning_rate': '3.567e-07', 'epoch': '1.995'}
{'loss': '0.1545', 'grad_norm': '5.205', 'learning_rate': '3.381e-07', 'epoch': '1.999'}
{'loss': '0.1606', 'grad_norm': '4.109', 'learning_rate': '3.196e-07', 'epoch': '2.003'}
{'loss': '0.1856', 'grad_norm': '1.882', 'learning_rate': '3.011e-07', 'epoch': '2.006'}
{'loss': '0.1577', 'grad_norm': '7.22', 'learning_rate': '2.826e-07', 'epoch': '2.01'}
{'loss': '0.1464', 'grad_norm': '2.187', 'learning_rate': '2.641e-07', 'epoch': '2.014'}
{'loss': '0.1611', 'grad_norm': '3.603', 'learning_rate': '2.456e-07', 'epoch': '2.018'}
{'loss': '0.1736', 'grad_norm': '2.115', 'learning_rate': '2.27e-07', 'epoch': '2.021'}
{'loss': '0.1601', 'grad_norm': '1.997', 'learning_rate': '2.085e-07', 'epoch': '2.025'}
{'loss': '0.154', 'grad_norm': '2.071', 'learning_rate': '1.9e-07', 'epoch': '2.029'}
{'eval_loss': '0.1428', 'eval_wer': '0.1999', 'eval_runtime': '25.04', 'eval_samples_per_second': '57', 'eval_steps_per_second': '7.149', 'epoch': '2.029'}
{'loss': '0.1614', 'grad_norm': '3.608', 'learning_rate': '1.715e-07', 'epoch': '2.032'}
{'loss': '0.1465', 'grad_norm': '4.733', 'learning_rate': '1.53e-07', 'epoch': '2.036'}
{'loss': '0.1645', 'grad_norm': '1.913', 'learning_rate': '1.344e-07', 'epoch': '2.04'}
{'loss': '0.1513', 'grad_norm': '3.575', 'learning_rate': '1.159e-07', 'epoch': '2.043'}
{'loss': '0.1455', 'grad_norm': '3.202', 'learning_rate': '9.741e-08', 'epoch': '2.047'}
{'loss': '0.1418', 'grad_norm': '1.332', 'learning_rate': '7.889e-08', 'epoch': '2.051'}
{'loss': '0.155', 'grad_norm': '2.428', 'learning_rate': '6.037e-08', 'epoch': '2.054'}
{'loss': '0.1657', 'grad_norm': '4.103', 'learning_rate': '4.185e-08', 'epoch': '2.058'}
{'loss': '0.18', 'grad_norm': '3.164', 'learning_rate': '2.333e-08', 'epoch': '2.062'}
{'loss': '0.1601', 'grad_norm': '4.443', 'learning_rate': '4.815e-09', 'epoch': '2.066'}
{'eval_loss': '0.1453', 'eval_wer': '0.2005', 'eval_runtime': '25.02', 'eval_samples_per_second': '57.03', 'eval_steps_per_second': '7.154', 'epoch': '2.066'}
{'train_runtime': '5298', 'train_samples_per_second': '10.57', 'train_steps_per_second': '5.285', 'train_loss': '0.5332', 'epoch': '2.066'}
Job finished at: Fri Apr 17 12:31:29 AM EDT 2026
